{"numFailedTestSuites":28,"numFailedTests":39,"numPassedTestSuites":44,"numPassedTests":693,"numPendingTestSuites":0,"numPendingTests":4,"numRuntimeErrorTestSuites":17,"numTodoTests":1,"numTotalTestSuites":72,"numTotalTests":737,"openHandles":[],"snapshot":{"added":0,"didUpdate":false,"failure":false,"filesAdded":0,"filesRemoved":0,"filesRemovedList":[],"filesUnmatched":0,"filesUpdated":0,"matched":0,"total":0,"unchecked":0,"uncheckedKeysByFile":[],"unmatched":0,"updated":0},"startTime":1749524628964,"success":false,"testResults":[{"assertionResults":[{"ancestorTitles":["useSubmissionMode","onComplete mode"],"duration":10,"failureDetails":[],"failureMessages":[],"fullName":"useSubmissionMode onComplete mode should submit only when survey is completed","invocations":1,"location":null,"numPassingAsserts":3,"retryReasons":[],"status":"passed","title":"should submit only when survey is completed"},{"ancestorTitles":["useSubmissionMode","onValueChange mode"],"duration":5,"failureDetails":[],"failureMessages":[],"fullName":"useSubmissionMode onValueChange mode should submit on every value change","invocations":1,"location":null,"numPassingAsserts":2,"retryReasons":[],"status":"passed","title":"should submit on every value change"},{"ancestorTitles":["useSubmissionMode","realtime mode"],"duration":1011,"failureDetails":[{"matcherResult":{"message":"expect(jest.fn()).toHaveBeenCalledTimes(expected)\n\nExpected number of calls: 1\nReceived number of calls: 0","pass":false}}],"failureMessages":["Error: expect(jest.fn()).toHaveBeenCalledTimes(expected)\n\nExpected number of calls: 1\nReceived number of calls: 0\n    at Object.<anonymous> (/Users/shan/react-native-survey-js-ui/src/hooks/__tests__/useSubmissionMode.test.tsx:173:20)\n    at Promise.then.completed (/Users/shan/react-native-survey-js-ui/node_modules/jest-circus/build/utils.js:298:28)\n    at new Promise (<anonymous>)\n    at callAsyncCircusFn (/Users/shan/react-native-survey-js-ui/node_modules/jest-circus/build/utils.js:231:10)\n    at _callCircusTest (/Users/shan/react-native-survey-js-ui/node_modules/jest-circus/build/run.js:316:40)\n    at _runTest (/Users/shan/react-native-survey-js-ui/node_modules/jest-circus/build/run.js:252:3)\n    at _runTestsForDescribeBlock (/Users/shan/react-native-survey-js-ui/node_modules/jest-circus/build/run.js:126:9)\n    at _runTestsForDescribeBlock (/Users/shan/react-native-survey-js-ui/node_modules/jest-circus/build/run.js:121:9)\n    at _runTestsForDescribeBlock (/Users/shan/react-native-survey-js-ui/node_modules/jest-circus/build/run.js:121:9)\n    at run (/Users/shan/react-native-survey-js-ui/node_modules/jest-circus/build/run.js:71:3)\n    at runAndTransformResultsToJestFormat (/Users/shan/react-native-survey-js-ui/node_modules/jest-circus/build/legacy-code-todo-rewrite/jestAdapterInit.js:122:21)\n    at jestAdapter (/Users/shan/react-native-survey-js-ui/node_modules/jest-circus/build/legacy-code-todo-rewrite/jestAdapter.js:79:19)\n    at runTestInternal (/Users/shan/react-native-survey-js-ui/node_modules/jest-runner/build/runTest.js:367:16)\n    at runTest (/Users/shan/react-native-survey-js-ui/node_modules/jest-runner/build/runTest.js:444:34)\n    at Object.worker (/Users/shan/react-native-survey-js-ui/node_modules/jest-runner/build/testWorker.js:106:12)"],"fullName":"useSubmissionMode realtime mode should debounce submissions in realtime mode","invocations":1,"location":null,"numPassingAsserts":1,"retryReasons":[],"status":"failed","title":"should debounce submissions in realtime mode"},{"ancestorTitles":["useSubmissionMode","HTTP submission"],"duration":1003,"failureDetails":[{"matcherResult":{"message":"expect(jest.fn()).toHaveBeenCalledWith(...expected)\n\nExpected: \"https://api.example.com/submit\", ObjectContaining {\"body\": StringContaining \"\\\"trigger\\\":\\\"complete\\\"\", \"headers\": ObjectContaining {\"Authorization\": \"Bearer token\", \"Content-Type\": \"application/json\"}, \"method\": \"POST\"}\n\nNumber of calls: 0","pass":false}}],"failureMessages":["Error: expect(jest.fn()).toHaveBeenCalledWith(...expected)\n\nExpected: \"https://api.example.com/submit\", ObjectContaining {\"body\": StringContaining \"\\\"trigger\\\":\\\"complete\\\"\", \"headers\": ObjectContaining {\"Authorization\": \"Bearer token\", \"Content-Type\": \"application/json\"}, \"method\": \"POST\"}\n\nNumber of calls: 0\n    at Object.<anonymous> (/Users/shan/react-native-survey-js-ui/src/hooks/__tests__/useSubmissionMode.test.tsx:215:20)\n    at Promise.then.completed (/Users/shan/react-native-survey-js-ui/node_modules/jest-circus/build/utils.js:298:28)\n    at new Promise (<anonymous>)\n    at callAsyncCircusFn (/Users/shan/react-native-survey-js-ui/node_modules/jest-circus/build/utils.js:231:10)\n    at _callCircusTest (/Users/shan/react-native-survey-js-ui/node_modules/jest-circus/build/run.js:316:40)\n    at _runTest (/Users/shan/react-native-survey-js-ui/node_modules/jest-circus/build/run.js:252:3)\n    at _runTestsForDescribeBlock (/Users/shan/react-native-survey-js-ui/node_modules/jest-circus/build/run.js:126:9)\n    at _runTestsForDescribeBlock (/Users/shan/react-native-survey-js-ui/node_modules/jest-circus/build/run.js:121:9)\n    at _runTestsForDescribeBlock (/Users/shan/react-native-survey-js-ui/node_modules/jest-circus/build/run.js:121:9)\n    at run (/Users/shan/react-native-survey-js-ui/node_modules/jest-circus/build/run.js:71:3)\n    at runAndTransformResultsToJestFormat (/Users/shan/react-native-survey-js-ui/node_modules/jest-circus/build/legacy-code-todo-rewrite/jestAdapterInit.js:122:21)\n    at jestAdapter (/Users/shan/react-native-survey-js-ui/node_modules/jest-circus/build/legacy-code-todo-rewrite/jestAdapter.js:79:19)\n    at runTestInternal (/Users/shan/react-native-survey-js-ui/node_modules/jest-runner/build/runTest.js:367:16)\n    at runTest (/Users/shan/react-native-survey-js-ui/node_modules/jest-runner/build/runTest.js:444:34)\n    at Object.worker (/Users/shan/react-native-survey-js-ui/node_modules/jest-runner/build/testWorker.js:106:12)"],"fullName":"useSubmissionMode HTTP submission should make HTTP request when endpoint is provided","invocations":1,"location":null,"numPassingAsserts":0,"retryReasons":[],"status":"failed","title":"should make HTTP request when endpoint is provided"},{"ancestorTitles":["useSubmissionMode","HTTP submission"],"duration":1005,"failureDetails":[{"matcherResult":{"actual":"idle","expected":"error","message":"expect(received).toBe(expected) // Object.is equality\n\nExpected: \"error\"\nReceived: \"idle\"","name":"toBe","pass":false}}],"failureMessages":["Error: expect(received).toBe(expected) // Object.is equality\n\nExpected: \"error\"\nReceived: \"idle\"\n    at Object.<anonymous> (/Users/shan/react-native-survey-js-ui/src/hooks/__tests__/useSubmissionMode.test.tsx:261:20)\n    at Promise.then.completed (/Users/shan/react-native-survey-js-ui/node_modules/jest-circus/build/utils.js:298:28)\n    at new Promise (<anonymous>)\n    at callAsyncCircusFn (/Users/shan/react-native-survey-js-ui/node_modules/jest-circus/build/utils.js:231:10)\n    at _callCircusTest (/Users/shan/react-native-survey-js-ui/node_modules/jest-circus/build/run.js:316:40)\n    at _runTest (/Users/shan/react-native-survey-js-ui/node_modules/jest-circus/build/run.js:252:3)\n    at _runTestsForDescribeBlock (/Users/shan/react-native-survey-js-ui/node_modules/jest-circus/build/run.js:126:9)\n    at _runTestsForDescribeBlock (/Users/shan/react-native-survey-js-ui/node_modules/jest-circus/build/run.js:121:9)\n    at _runTestsForDescribeBlock (/Users/shan/react-native-survey-js-ui/node_modules/jest-circus/build/run.js:121:9)\n    at run (/Users/shan/react-native-survey-js-ui/node_modules/jest-circus/build/run.js:71:3)\n    at runAndTransformResultsToJestFormat (/Users/shan/react-native-survey-js-ui/node_modules/jest-circus/build/legacy-code-todo-rewrite/jestAdapterInit.js:122:21)\n    at jestAdapter (/Users/shan/react-native-survey-js-ui/node_modules/jest-circus/build/legacy-code-todo-rewrite/jestAdapter.js:79:19)\n    at runTestInternal (/Users/shan/react-native-survey-js-ui/node_modules/jest-runner/build/runTest.js:367:16)\n    at runTest (/Users/shan/react-native-survey-js-ui/node_modules/jest-runner/build/runTest.js:444:34)\n    at Object.worker (/Users/shan/react-native-survey-js-ui/node_modules/jest-runner/build/testWorker.js:106:12)"],"fullName":"useSubmissionMode HTTP submission should handle HTTP errors","invocations":1,"location":null,"numPassingAsserts":0,"retryReasons":[],"status":"failed","title":"should handle HTTP errors"},{"ancestorTitles":["useSubmissionMode","retry logic"],"duration":1003,"failureDetails":[{"matcherResult":{"actual":"idle","expected":"retrying","message":"expect(received).toBe(expected) // Object.is equality\n\nExpected: \"retrying\"\nReceived: \"idle\"","name":"toBe","pass":false}}],"failureMessages":["Error: expect(received).toBe(expected) // Object.is equality\n\nExpected: \"retrying\"\nReceived: \"idle\"\n    at Object.<anonymous> (/Users/shan/react-native-survey-js-ui/src/hooks/__tests__/useSubmissionMode.test.tsx:312:20)\n    at Promise.then.completed (/Users/shan/react-native-survey-js-ui/node_modules/jest-circus/build/utils.js:298:28)\n    at new Promise (<anonymous>)\n    at callAsyncCircusFn (/Users/shan/react-native-survey-js-ui/node_modules/jest-circus/build/utils.js:231:10)\n    at _callCircusTest (/Users/shan/react-native-survey-js-ui/node_modules/jest-circus/build/run.js:316:40)\n    at _runTest (/Users/shan/react-native-survey-js-ui/node_modules/jest-circus/build/run.js:252:3)\n    at _runTestsForDescribeBlock (/Users/shan/react-native-survey-js-ui/node_modules/jest-circus/build/run.js:126:9)\n    at _runTestsForDescribeBlock (/Users/shan/react-native-survey-js-ui/node_modules/jest-circus/build/run.js:121:9)\n    at _runTestsForDescribeBlock (/Users/shan/react-native-survey-js-ui/node_modules/jest-circus/build/run.js:121:9)\n    at run (/Users/shan/react-native-survey-js-ui/node_modules/jest-circus/build/run.js:71:3)\n    at runAndTransformResultsToJestFormat (/Users/shan/react-native-survey-js-ui/node_modules/jest-circus/build/legacy-code-todo-rewrite/jestAdapterInit.js:122:21)\n    at jestAdapter (/Users/shan/react-native-survey-js-ui/node_modules/jest-circus/build/legacy-code-todo-rewrite/jestAdapter.js:79:19)\n    at runTestInternal (/Users/shan/react-native-survey-js-ui/node_modules/jest-runner/build/runTest.js:367:16)\n    at runTest (/Users/shan/react-native-survey-js-ui/node_modules/jest-runner/build/runTest.js:444:34)\n    at Object.worker (/Users/shan/react-native-survey-js-ui/node_modules/jest-runner/build/testWorker.js:106:12)"],"fullName":"useSubmissionMode retry logic should retry failed submissions","invocations":1,"location":null,"numPassingAsserts":0,"retryReasons":[],"status":"failed","title":"should retry failed submissions"},{"ancestorTitles":["useSubmissionMode","retry logic"],"duration":1005,"failureDetails":[{"matcherResult":{"actual":"idle","expected":"retrying","message":"expect(received).toBe(expected) // Object.is equality\n\nExpected: \"retrying\"\nReceived: \"idle\"","name":"toBe","pass":false}}],"failureMessages":["Error: expect(received).toBe(expected) // Object.is equality\n\nExpected: \"retrying\"\nReceived: \"idle\"\n    at Object.<anonymous> (/Users/shan/react-native-survey-js-ui/src/hooks/__tests__/useSubmissionMode.test.tsx:359:22)\n    at Promise.then.completed (/Users/shan/react-native-survey-js-ui/node_modules/jest-circus/build/utils.js:298:28)\n    at new Promise (<anonymous>)\n    at callAsyncCircusFn (/Users/shan/react-native-survey-js-ui/node_modules/jest-circus/build/utils.js:231:10)\n    at _callCircusTest (/Users/shan/react-native-survey-js-ui/node_modules/jest-circus/build/run.js:316:40)\n    at _runTest (/Users/shan/react-native-survey-js-ui/node_modules/jest-circus/build/run.js:252:3)\n    at _runTestsForDescribeBlock (/Users/shan/react-native-survey-js-ui/node_modules/jest-circus/build/run.js:126:9)\n    at _runTestsForDescribeBlock (/Users/shan/react-native-survey-js-ui/node_modules/jest-circus/build/run.js:121:9)\n    at _runTestsForDescribeBlock (/Users/shan/react-native-survey-js-ui/node_modules/jest-circus/build/run.js:121:9)\n    at run (/Users/shan/react-native-survey-js-ui/node_modules/jest-circus/build/run.js:71:3)\n    at runAndTransformResultsToJestFormat (/Users/shan/react-native-survey-js-ui/node_modules/jest-circus/build/legacy-code-todo-rewrite/jestAdapterInit.js:122:21)\n    at jestAdapter (/Users/shan/react-native-survey-js-ui/node_modules/jest-circus/build/legacy-code-todo-rewrite/jestAdapter.js:79:19)\n    at runTestInternal (/Users/shan/react-native-survey-js-ui/node_modules/jest-runner/build/runTest.js:367:16)\n    at runTest (/Users/shan/react-native-survey-js-ui/node_modules/jest-runner/build/runTest.js:444:34)\n    at Object.worker (/Users/shan/react-native-survey-js-ui/node_modules/jest-runner/build/testWorker.js:106:12)"],"fullName":"useSubmissionMode retry logic should stop retrying after max retries","invocations":1,"location":null,"numPassingAsserts":0,"retryReasons":[],"status":"failed","title":"should stop retrying after max retries"},{"ancestorTitles":["useSubmissionMode","manual submission"],"duration":1004,"failureDetails":[{"matcherResult":{"message":"expect(jest.fn()).toHaveBeenCalledWith(...expected)\n\nExpected: ObjectContaining {\"data\": {\"question1\": \"manual test\"}, \"trigger\": \"manual\"}\nReceived: {\"attempt\": 1, \"data\": {}, \"timestamp\": \"2025-06-10T03:03:54.338Z\", \"trigger\": \"manual\", \"triggerPage\": undefined, \"triggerQuestion\": undefined}\n\nNumber of calls: 1","pass":false}}],"failureMessages":["Error: expect(jest.fn()).toHaveBeenCalledWith(...expected)\n\nExpected: ObjectContaining {\"data\": {\"question1\": \"manual test\"}, \"trigger\": \"manual\"}\nReceived: {\"attempt\": 1, \"data\": {}, \"timestamp\": \"2025-06-10T03:03:54.338Z\", \"trigger\": \"manual\", \"triggerPage\": undefined, \"triggerQuestion\": undefined}\n\nNumber of calls: 1\n    at Object.<anonymous> (/Users/shan/react-native-survey-js-ui/src/hooks/__tests__/useSubmissionMode.test.tsx:401:20)\n    at Promise.then.completed (/Users/shan/react-native-survey-js-ui/node_modules/jest-circus/build/utils.js:298:28)\n    at new Promise (<anonymous>)\n    at callAsyncCircusFn (/Users/shan/react-native-survey-js-ui/node_modules/jest-circus/build/utils.js:231:10)\n    at _callCircusTest (/Users/shan/react-native-survey-js-ui/node_modules/jest-circus/build/run.js:316:40)\n    at _runTest (/Users/shan/react-native-survey-js-ui/node_modules/jest-circus/build/run.js:252:3)\n    at _runTestsForDescribeBlock (/Users/shan/react-native-survey-js-ui/node_modules/jest-circus/build/run.js:126:9)\n    at _runTestsForDescribeBlock (/Users/shan/react-native-survey-js-ui/node_modules/jest-circus/build/run.js:121:9)\n    at _runTestsForDescribeBlock (/Users/shan/react-native-survey-js-ui/node_modules/jest-circus/build/run.js:121:9)\n    at run (/Users/shan/react-native-survey-js-ui/node_modules/jest-circus/build/run.js:71:3)\n    at runAndTransformResultsToJestFormat (/Users/shan/react-native-survey-js-ui/node_modules/jest-circus/build/legacy-code-todo-rewrite/jestAdapterInit.js:122:21)\n    at jestAdapter (/Users/shan/react-native-survey-js-ui/node_modules/jest-circus/build/legacy-code-todo-rewrite/jestAdapter.js:79:19)\n    at runTestInternal (/Users/shan/react-native-survey-js-ui/node_modules/jest-runner/build/runTest.js:367:16)\n    at runTest (/Users/shan/react-native-survey-js-ui/node_modules/jest-runner/build/runTest.js:444:34)\n    at Object.worker (/Users/shan/react-native-survey-js-ui/node_modules/jest-runner/build/testWorker.js:106:12)"],"fullName":"useSubmissionMode manual submission should allow manual triggering of submission","invocations":1,"location":null,"numPassingAsserts":1,"retryReasons":[],"status":"failed","title":"should allow manual triggering of submission"},{"ancestorTitles":["useSubmissionMode","data transformation"],"duration":1003,"failureDetails":[{"matcherResult":{"message":"expect(jest.fn()).toHaveBeenCalledWith(...expected)\n\nExpected: {\"question1\": \"test\"}\n\nNumber of calls: 0","pass":false}}],"failureMessages":["Error: expect(jest.fn()).toHaveBeenCalledWith(...expected)\n\nExpected: {\"question1\": \"test\"}\n\nNumber of calls: 0\n    at Object.<anonymous> (/Users/shan/react-native-survey-js-ui/src/hooks/__tests__/useSubmissionMode.test.tsx:440:20)\n    at Promise.then.completed (/Users/shan/react-native-survey-js-ui/node_modules/jest-circus/build/utils.js:298:28)\n    at new Promise (<anonymous>)\n    at callAsyncCircusFn (/Users/shan/react-native-survey-js-ui/node_modules/jest-circus/build/utils.js:231:10)\n    at _callCircusTest (/Users/shan/react-native-survey-js-ui/node_modules/jest-circus/build/run.js:316:40)\n    at _runTest (/Users/shan/react-native-survey-js-ui/node_modules/jest-circus/build/run.js:252:3)\n    at _runTestsForDescribeBlock (/Users/shan/react-native-survey-js-ui/node_modules/jest-circus/build/run.js:126:9)\n    at _runTestsForDescribeBlock (/Users/shan/react-native-survey-js-ui/node_modules/jest-circus/build/run.js:121:9)\n    at _runTestsForDescribeBlock (/Users/shan/react-native-survey-js-ui/node_modules/jest-circus/build/run.js:121:9)\n    at run (/Users/shan/react-native-survey-js-ui/node_modules/jest-circus/build/run.js:71:3)\n    at runAndTransformResultsToJestFormat (/Users/shan/react-native-survey-js-ui/node_modules/jest-circus/build/legacy-code-todo-rewrite/jestAdapterInit.js:122:21)\n    at jestAdapter (/Users/shan/react-native-survey-js-ui/node_modules/jest-circus/build/legacy-code-todo-rewrite/jestAdapter.js:79:19)\n    at runTestInternal (/Users/shan/react-native-survey-js-ui/node_modules/jest-runner/build/runTest.js:367:16)\n    at runTest (/Users/shan/react-native-survey-js-ui/node_modules/jest-runner/build/runTest.js:444:34)\n    at Object.worker (/Users/shan/react-native-survey-js-ui/node_modules/jest-runner/build/testWorker.js:106:12)"],"fullName":"useSubmissionMode data transformation should transform data before submission","invocations":1,"location":null,"numPassingAsserts":0,"retryReasons":[],"status":"failed","title":"should transform data before submission"},{"ancestorTitles":["useSubmissionMode","status callbacks"],"duration":1005,"failureDetails":[{"matcherResult":{"message":"expect(jest.fn()).toHaveBeenCalledWith(...expected)\n\nExpected: \"pending\"\n\nNumber of calls: 0","pass":false}}],"failureMessages":["Error: expect(jest.fn()).toHaveBeenCalledWith(...expected)\n\nExpected: \"pending\"\n\nNumber of calls: 0\n    at Object.<anonymous> (/Users/shan/react-native-survey-js-ui/src/hooks/__tests__/useSubmissionMode.test.tsx:473:20)\n    at Promise.then.completed (/Users/shan/react-native-survey-js-ui/node_modules/jest-circus/build/utils.js:298:28)\n    at new Promise (<anonymous>)\n    at callAsyncCircusFn (/Users/shan/react-native-survey-js-ui/node_modules/jest-circus/build/utils.js:231:10)\n    at _callCircusTest (/Users/shan/react-native-survey-js-ui/node_modules/jest-circus/build/run.js:316:40)\n    at _runTest (/Users/shan/react-native-survey-js-ui/node_modules/jest-circus/build/run.js:252:3)\n    at _runTestsForDescribeBlock (/Users/shan/react-native-survey-js-ui/node_modules/jest-circus/build/run.js:126:9)\n    at _runTestsForDescribeBlock (/Users/shan/react-native-survey-js-ui/node_modules/jest-circus/build/run.js:121:9)\n    at _runTestsForDescribeBlock (/Users/shan/react-native-survey-js-ui/node_modules/jest-circus/build/run.js:121:9)\n    at run (/Users/shan/react-native-survey-js-ui/node_modules/jest-circus/build/run.js:71:3)\n    at runAndTransformResultsToJestFormat (/Users/shan/react-native-survey-js-ui/node_modules/jest-circus/build/legacy-code-todo-rewrite/jestAdapterInit.js:122:21)\n    at jestAdapter (/Users/shan/react-native-survey-js-ui/node_modules/jest-circus/build/legacy-code-todo-rewrite/jestAdapter.js:79:19)\n    at runTestInternal (/Users/shan/react-native-survey-js-ui/node_modules/jest-runner/build/runTest.js:367:16)\n    at runTest (/Users/shan/react-native-survey-js-ui/node_modules/jest-runner/build/runTest.js:444:34)\n    at Object.worker (/Users/shan/react-native-survey-js-ui/node_modules/jest-runner/build/testWorker.js:106:12)"],"fullName":"useSubmissionMode status callbacks should call status change callback","invocations":1,"location":null,"numPassingAsserts":0,"retryReasons":[],"status":"failed","title":"should call status change callback"}],"endTime":1749524637359,"message":"  ● useSubmissionMode › realtime mode › should debounce submissions in realtime mode\n\n    expect(jest.fn()).toHaveBeenCalledTimes(expected)\n\n    Expected number of calls: 1\n    Received number of calls: 0\n\n      171 |       });\n      172 |\n    > 173 |       await waitFor(() => {\n          |                    ^\n      174 |         expect(mockSubmissionEvent).toHaveBeenCalledTimes(1);\n      175 |         expect(mockSubmissionEvent).toHaveBeenCalledWith(\n      176 |           expect.objectContaining({\n\n      at Object.<anonymous> (src/hooks/__tests__/useSubmissionMode.test.tsx:173:20)\n\n  ● useSubmissionMode › HTTP submission › should make HTTP request when endpoint is provided\n\n    expect(jest.fn()).toHaveBeenCalledWith(...expected)\n\n    Expected: \"https://api.example.com/submit\", ObjectContaining {\"body\": StringContaining \"\\\"trigger\\\":\\\"complete\\\"\", \"headers\": ObjectContaining {\"Authorization\": \"Bearer token\", \"Content-Type\": \"application/json\"}, \"method\": \"POST\"}\n\n    Number of calls: 0\n\n      213 |       });\n      214 |\n    > 215 |       await waitFor(() => {\n          |                    ^\n      216 |         expect(global.fetch).toHaveBeenCalledWith(\n      217 |           'https://api.example.com/submit',\n      218 |           expect.objectContaining({\n\n      at Object.<anonymous> (src/hooks/__tests__/useSubmissionMode.test.tsx:215:20)\n\n  ● useSubmissionMode › HTTP submission › should handle HTTP errors\n\n    expect(received).toBe(expected) // Object.is equality\n\n    Expected: \"error\"\n    Received: \"idle\"\n\n      259 |       });\n      260 |\n    > 261 |       await waitFor(() => {\n          |                    ^\n      262 |         expect(result.current.status).toBe('error');\n      263 |         expect(result.current.lastResult?.error?.message).toContain('HTTP 500');\n      264 |       });\n\n      at Object.<anonymous> (src/hooks/__tests__/useSubmissionMode.test.tsx:261:20)\n\n  ● useSubmissionMode › retry logic › should retry failed submissions\n\n    expect(received).toBe(expected) // Object.is equality\n\n    Expected: \"retrying\"\n    Received: \"idle\"\n\n      310 |\n      311 |       // First attempt should fail\n    > 312 |       await waitFor(() => {\n          |                    ^\n      313 |         expect(result.current.status).toBe('retrying');\n      314 |       });\n      315 |\n\n      at Object.<anonymous> (src/hooks/__tests__/useSubmissionMode.test.tsx:312:20)\n\n  ● useSubmissionMode › retry logic › should stop retrying after max retries\n\n    expect(received).toBe(expected) // Object.is equality\n\n    Expected: \"retrying\"\n    Received: \"idle\"\n\n      357 |       // Advance through all retry attempts\n      358 |       for (let i = 0; i < 3; i++) {\n    > 359 |         await waitFor(() => {\n          |                      ^\n      360 |           expect(result.current.status).toBe(i === 2 ? 'error' : 'retrying');\n      361 |         });\n      362 |         \n\n      at Object.<anonymous> (src/hooks/__tests__/useSubmissionMode.test.tsx:359:22)\n\n  ● useSubmissionMode › manual submission › should allow manual triggering of submission\n\n    expect(jest.fn()).toHaveBeenCalledWith(...expected)\n\n    Expected: ObjectContaining {\"data\": {\"question1\": \"manual test\"}, \"trigger\": \"manual\"}\n    Received: {\"attempt\": 1, \"data\": {}, \"timestamp\": \"2025-06-10T03:03:54.338Z\", \"trigger\": \"manual\", \"triggerPage\": undefined, \"triggerQuestion\": undefined}\n\n    Number of calls: 1\n\n      399 |       });\n      400 |\n    > 401 |       await waitFor(() => {\n          |                    ^\n      402 |         expect(mockSubmissionEvent).toHaveBeenCalledWith(\n      403 |           expect.objectContaining({\n      404 |             trigger: 'manual',\n\n      at Object.<anonymous> (src/hooks/__tests__/useSubmissionMode.test.tsx:401:20)\n\n  ● useSubmissionMode › data transformation › should transform data before submission\n\n    expect(jest.fn()).toHaveBeenCalledWith(...expected)\n\n    Expected: {\"question1\": \"test\"}\n\n    Number of calls: 0\n\n      438 |       });\n      439 |\n    > 440 |       await waitFor(() => {\n          |                    ^\n      441 |         expect(transformData).toHaveBeenCalledWith({ question1: 'test' });\n      442 |         expect(mockSubmissionEvent).toHaveBeenCalledWith(\n      443 |           expect.objectContaining({\n\n      at Object.<anonymous> (src/hooks/__tests__/useSubmissionMode.test.tsx:440:20)\n\n  ● useSubmissionMode › status callbacks › should call status change callback\n\n    expect(jest.fn()).toHaveBeenCalledWith(...expected)\n\n    Expected: \"pending\"\n\n    Number of calls: 0\n\n      471 |       });\n      472 |\n    > 473 |       await waitFor(() => {\n          |                    ^\n      474 |         expect(mockStatusChange).toHaveBeenCalledWith('pending');\n      475 |         expect(mockStatusChange).toHaveBeenCalledWith('success', expect.any(Object));\n      476 |       });\n\n      at Object.<anonymous> (src/hooks/__tests__/useSubmissionMode.test.tsx:473:20)\n","name":"/Users/shan/react-native-survey-js-ui/src/hooks/__tests__/useSubmissionMode.test.tsx","startTime":1749524629027,"status":"failed","summary":""},{"assertionResults":[{"ancestorTitles":["Validation Panel Integration Tests","Panel-level Validation"],"duration":1017,"failureDetails":[{}],"failureMessages":["Error: Unable to find an element with testID: panel-error-personalInfo\n\n\u001b[36m<View\u001b[39m\n  \u001b[33mtestID\u001b[39m=\u001b[32m\"survey\"\u001b[39m\n\u001b[36m>\u001b[39m\n  \u001b[36m<View\u001b[39m\n    \u001b[33mtestID\u001b[39m=\u001b[32m\"panel-personalInfo\"\u001b[39m\n  \u001b[36m>\u001b[39m\n    \u001b[36m<Text\u001b[39m\n      \u001b[33mtestID\u001b[39m=\u001b[32m\"panel-title-personalInfo\"\u001b[39m\n    \u001b[36m>\u001b[39m\n      \u001b[0mPersonal Information\u001b[0m\n    \u001b[36m</Text>\u001b[39m\n    \u001b[36m<View\u001b[39m\n      \u001b[33mtestID\u001b[39m=\u001b[32m\"question-firstName\"\u001b[39m\n    \u001b[36m>\u001b[39m\n      \u001b[36m<Text>\u001b[39m\n        \u001b[0mFirst Name\u001b[0m\n      \u001b[36m</Text>\u001b[39m\n      \u001b[36m<TextInput\u001b[39m\n        \u001b[33mtestID\u001b[39m=\u001b[32m\"input-firstName\"\u001b[39m\n        \u001b[33mvalue\u001b[39m=\u001b[32m\"\"\u001b[39m\n      \u001b[36m/>\u001b[39m\n    \u001b[36m</View>\u001b[39m\n    \u001b[36m<View\u001b[39m\n      \u001b[33mtestID\u001b[39m=\u001b[32m\"question-lastName\"\u001b[39m\n    \u001b[36m>\u001b[39m\n      \u001b[36m<Text>\u001b[39m\n        \u001b[0mLast Name\u001b[0m\n      \u001b[36m</Text>\u001b[39m\n      \u001b[36m<TextInput\u001b[39m\n        \u001b[33mtestID\u001b[39m=\u001b[32m\"input-lastName\"\u001b[39m\n        \u001b[33mvalue\u001b[39m=\u001b[32m\"\"\u001b[39m\n      \u001b[36m/>\u001b[39m\n    \u001b[36m</View>\u001b[39m\n    \u001b[36m<View />\u001b[39m\n  \u001b[36m</View>\u001b[39m\n\u001b[36m</View>\u001b[39m\n    at Object.<anonymous> (/Users/shan/react-native-survey-js-ui/src/__tests__/integration/validation-panel.test.tsx:521:20)\n    at Promise.then.completed (/Users/shan/react-native-survey-js-ui/node_modules/jest-circus/build/utils.js:298:28)\n    at new Promise (<anonymous>)\n    at callAsyncCircusFn (/Users/shan/react-native-survey-js-ui/node_modules/jest-circus/build/utils.js:231:10)\n    at _callCircusTest (/Users/shan/react-native-survey-js-ui/node_modules/jest-circus/build/run.js:316:40)\n    at processTicksAndRejections (node:internal/process/task_queues:95:5)\n    at _runTest (/Users/shan/react-native-survey-js-ui/node_modules/jest-circus/build/run.js:252:3)\n    at _runTestsForDescribeBlock (/Users/shan/react-native-survey-js-ui/node_modules/jest-circus/build/run.js:126:9)\n    at _runTestsForDescribeBlock (/Users/shan/react-native-survey-js-ui/node_modules/jest-circus/build/run.js:121:9)\n    at _runTestsForDescribeBlock (/Users/shan/react-native-survey-js-ui/node_modules/jest-circus/build/run.js:121:9)\n    at run (/Users/shan/react-native-survey-js-ui/node_modules/jest-circus/build/run.js:71:3)\n    at runAndTransformResultsToJestFormat (/Users/shan/react-native-survey-js-ui/node_modules/jest-circus/build/legacy-code-todo-rewrite/jestAdapterInit.js:122:21)\n    at jestAdapter (/Users/shan/react-native-survey-js-ui/node_modules/jest-circus/build/legacy-code-todo-rewrite/jestAdapter.js:79:19)\n    at runTestInternal (/Users/shan/react-native-survey-js-ui/node_modules/jest-runner/build/runTest.js:367:16)\n    at runTest (/Users/shan/react-native-survey-js-ui/node_modules/jest-runner/build/runTest.js:444:34)\n    at Object.worker (/Users/shan/react-native-survey-js-ui/node_modules/jest-runner/build/testWorker.js:106:12)"],"fullName":"Validation Panel Integration Tests Panel-level Validation should validate all questions within a panel","invocations":1,"location":null,"numPassingAsserts":0,"retryReasons":[],"status":"failed","title":"should validate all questions within a panel"},{"ancestorTitles":["Validation Panel Integration Tests","Panel-level Validation"],"duration":4,"failureDetails":[],"failureMessages":[],"fullName":"Validation Panel Integration Tests Panel-level Validation should clear panel errors when all fields are valid","invocations":1,"location":null,"numPassingAsserts":1,"retryReasons":[],"status":"passed","title":"should clear panel errors when all fields are valid"},{"ancestorTitles":["Validation Panel Integration Tests","Nested Panel Validation"],"duration":1006,"failureDetails":[{}],"failureMessages":["Error: Unable to find an element with testID: panel-error-personalInfo\n\n\u001b[36m<View\u001b[39m\n  \u001b[33mtestID\u001b[39m=\u001b[32m\"survey\"\u001b[39m\n\u001b[36m>\u001b[39m\n  \u001b[36m<View\u001b[39m\n    \u001b[33mtestID\u001b[39m=\u001b[32m\"panel-personalInfo\"\u001b[39m\n  \u001b[36m>\u001b[39m\n    \u001b[36m<Text\u001b[39m\n      \u001b[33mtestID\u001b[39m=\u001b[32m\"panel-title-personalInfo\"\u001b[39m\n    \u001b[36m>\u001b[39m\n      \u001b[0mPersonal Information\u001b[0m\n    \u001b[36m</Text>\u001b[39m\n    \u001b[36m<View\u001b[39m\n      \u001b[33mtestID\u001b[39m=\u001b[32m\"question-firstName\"\u001b[39m\n    \u001b[36m>\u001b[39m\n      \u001b[36m<Text>\u001b[39m\n        \u001b[0mFirst Name\u001b[0m\n      \u001b[36m</Text>\u001b[39m\n      \u001b[36m<TextInput\u001b[39m\n        \u001b[33mtestID\u001b[39m=\u001b[32m\"input-firstName\"\u001b[39m\n        \u001b[33mvalue\u001b[39m=\u001b[32m\"\"\u001b[39m\n      \u001b[36m/>\u001b[39m\n    \u001b[36m</View>\u001b[39m\n    \u001b[36m<View\u001b[39m\n      \u001b[33mtestID\u001b[39m=\u001b[32m\"question-lastName\"\u001b[39m\n    \u001b[36m>\u001b[39m\n      \u001b[36m<Text>\u001b[39m\n        \u001b[0mLast Name\u001b[0m\n      \u001b[36m</Text>\u001b[39m\n      \u001b[36m<TextInput\u001b[39m\n        \u001b[33mtestID\u001b[39m=\u001b[32m\"input-lastName\"\u001b[39m\n        \u001b[33mvalue\u001b[39m=\u001b[32m\"\"\u001b[39m\n      \u001b[36m/>\u001b[39m\n    \u001b[36m</View>\u001b[39m\n    \u001b[36m<View />\u001b[39m\n  \u001b[36m</View>\u001b[39m\n\u001b[36m</View>\u001b[39m\n    at Object.<anonymous> (/Users/shan/react-native-survey-js-ui/src/__tests__/integration/validation-panel.test.tsx:577:20)\n    at Promise.then.completed (/Users/shan/react-native-survey-js-ui/node_modules/jest-circus/build/utils.js:298:28)\n    at new Promise (<anonymous>)\n    at callAsyncCircusFn (/Users/shan/react-native-survey-js-ui/node_modules/jest-circus/build/utils.js:231:10)\n    at _callCircusTest (/Users/shan/react-native-survey-js-ui/node_modules/jest-circus/build/run.js:316:40)\n    at _runTest (/Users/shan/react-native-survey-js-ui/node_modules/jest-circus/build/run.js:252:3)\n    at _runTestsForDescribeBlock (/Users/shan/react-native-survey-js-ui/node_modules/jest-circus/build/run.js:126:9)\n    at _runTestsForDescribeBlock (/Users/shan/react-native-survey-js-ui/node_modules/jest-circus/build/run.js:121:9)\n    at _runTestsForDescribeBlock (/Users/shan/react-native-survey-js-ui/node_modules/jest-circus/build/run.js:121:9)\n    at run (/Users/shan/react-native-survey-js-ui/node_modules/jest-circus/build/run.js:71:3)\n    at runAndTransformResultsToJestFormat (/Users/shan/react-native-survey-js-ui/node_modules/jest-circus/build/legacy-code-todo-rewrite/jestAdapterInit.js:122:21)\n    at jestAdapter (/Users/shan/react-native-survey-js-ui/node_modules/jest-circus/build/legacy-code-todo-rewrite/jestAdapter.js:79:19)\n    at runTestInternal (/Users/shan/react-native-survey-js-ui/node_modules/jest-runner/build/runTest.js:367:16)\n    at runTest (/Users/shan/react-native-survey-js-ui/node_modules/jest-runner/build/runTest.js:444:34)\n    at Object.worker (/Users/shan/react-native-survey-js-ui/node_modules/jest-runner/build/testWorker.js:106:12)"],"fullName":"Validation Panel Integration Tests Nested Panel Validation should validate nested panels and propagate errors upward","invocations":1,"location":null,"numPassingAsserts":0,"retryReasons":[],"status":"failed","title":"should validate nested panels and propagate errors upward"},{"ancestorTitles":["Validation Panel Integration Tests","Nested Panel Validation"],"duration":1005,"failureDetails":[{}],"failureMessages":["Error: Unable to find an element with testID: panel-error-level1\n\n\u001b[36m<View\u001b[39m\n  \u001b[33mtestID\u001b[39m=\u001b[32m\"survey\"\u001b[39m\n\u001b[36m>\u001b[39m\n  \u001b[36m<View\u001b[39m\n    \u001b[33mtestID\u001b[39m=\u001b[32m\"panel-level1\"\u001b[39m\n  \u001b[36m>\u001b[39m\n    \u001b[36m<Text\u001b[39m\n      \u001b[33mtestID\u001b[39m=\u001b[32m\"panel-title-level1\"\u001b[39m\n    \u001b[36m>\u001b[39m\n      \u001b[0mLevel 1\u001b[0m\n    \u001b[36m</Text>\u001b[39m\n    \u001b[36m<View />\u001b[39m\n  \u001b[36m</View>\u001b[39m\n\u001b[36m</View>\u001b[39m\n    at Object.<anonymous> (/Users/shan/react-native-survey-js-ui/src/__tests__/integration/validation-panel.test.tsx:636:20)\n    at Promise.then.completed (/Users/shan/react-native-survey-js-ui/node_modules/jest-circus/build/utils.js:298:28)\n    at new Promise (<anonymous>)\n    at callAsyncCircusFn (/Users/shan/react-native-survey-js-ui/node_modules/jest-circus/build/utils.js:231:10)\n    at _callCircusTest (/Users/shan/react-native-survey-js-ui/node_modules/jest-circus/build/run.js:316:40)\n    at _runTest (/Users/shan/react-native-survey-js-ui/node_modules/jest-circus/build/run.js:252:3)\n    at _runTestsForDescribeBlock (/Users/shan/react-native-survey-js-ui/node_modules/jest-circus/build/run.js:126:9)\n    at _runTestsForDescribeBlock (/Users/shan/react-native-survey-js-ui/node_modules/jest-circus/build/run.js:121:9)\n    at _runTestsForDescribeBlock (/Users/shan/react-native-survey-js-ui/node_modules/jest-circus/build/run.js:121:9)\n    at run (/Users/shan/react-native-survey-js-ui/node_modules/jest-circus/build/run.js:71:3)\n    at runAndTransformResultsToJestFormat (/Users/shan/react-native-survey-js-ui/node_modules/jest-circus/build/legacy-code-todo-rewrite/jestAdapterInit.js:122:21)\n    at jestAdapter (/Users/shan/react-native-survey-js-ui/node_modules/jest-circus/build/legacy-code-todo-rewrite/jestAdapter.js:79:19)\n    at runTestInternal (/Users/shan/react-native-survey-js-ui/node_modules/jest-runner/build/runTest.js:367:16)\n    at runTest (/Users/shan/react-native-survey-js-ui/node_modules/jest-runner/build/runTest.js:444:34)\n    at Object.worker (/Users/shan/react-native-survey-js-ui/node_modules/jest-runner/build/testWorker.js:106:12)"],"fullName":"Validation Panel Integration Tests Nested Panel Validation should validate deeply nested panel hierarchies","invocations":1,"location":null,"numPassingAsserts":0,"retryReasons":[],"status":"failed","title":"should validate deeply nested panel hierarchies"},{"ancestorTitles":["Validation Panel Integration Tests","Collapsed Panel Validation"],"duration":3,"failureDetails":[],"failureMessages":[],"fullName":"Validation Panel Integration Tests Collapsed Panel Validation should validate fields in collapsed panels","invocations":1,"location":null,"numPassingAsserts":2,"retryReasons":[],"status":"passed","title":"should validate fields in collapsed panels"},{"ancestorTitles":["Validation Panel Integration Tests","Panel Validation Events"],"duration":1004,"failureDetails":[{"matcherResult":{"message":"expect(jest.fn()).toHaveBeenCalledTimes(expected)\n\nExpected number of calls: 3\nReceived number of calls: 0","pass":false}}],"failureMessages":["Error: expect(jest.fn()).toHaveBeenCalledTimes(expected)\n\nExpected number of calls: 3\nReceived number of calls: 0\n    at Object.<anonymous> (/Users/shan/react-native-survey-js-ui/src/__tests__/integration/validation-panel.test.tsx:684:20)\n    at Promise.then.completed (/Users/shan/react-native-survey-js-ui/node_modules/jest-circus/build/utils.js:298:28)\n    at new Promise (<anonymous>)\n    at callAsyncCircusFn (/Users/shan/react-native-survey-js-ui/node_modules/jest-circus/build/utils.js:231:10)\n    at _callCircusTest (/Users/shan/react-native-survey-js-ui/node_modules/jest-circus/build/run.js:316:40)\n    at _runTest (/Users/shan/react-native-survey-js-ui/node_modules/jest-circus/build/run.js:252:3)\n    at _runTestsForDescribeBlock (/Users/shan/react-native-survey-js-ui/node_modules/jest-circus/build/run.js:126:9)\n    at _runTestsForDescribeBlock (/Users/shan/react-native-survey-js-ui/node_modules/jest-circus/build/run.js:121:9)\n    at _runTestsForDescribeBlock (/Users/shan/react-native-survey-js-ui/node_modules/jest-circus/build/run.js:121:9)\n    at run (/Users/shan/react-native-survey-js-ui/node_modules/jest-circus/build/run.js:71:3)\n    at runAndTransformResultsToJestFormat (/Users/shan/react-native-survey-js-ui/node_modules/jest-circus/build/legacy-code-todo-rewrite/jestAdapterInit.js:122:21)\n    at jestAdapter (/Users/shan/react-native-survey-js-ui/node_modules/jest-circus/build/legacy-code-todo-rewrite/jestAdapter.js:79:19)\n    at runTestInternal (/Users/shan/react-native-survey-js-ui/node_modules/jest-runner/build/runTest.js:367:16)\n    at runTest (/Users/shan/react-native-survey-js-ui/node_modules/jest-runner/build/runTest.js:444:34)\n    at Object.worker (/Users/shan/react-native-survey-js-ui/node_modules/jest-runner/build/testWorker.js:106:12)"],"fullName":"Validation Panel Integration Tests Panel Validation Events should trigger onValidatePanel event for each panel","invocations":1,"location":null,"numPassingAsserts":0,"retryReasons":[],"status":"failed","title":"should trigger onValidatePanel event for each panel"},{"ancestorTitles":["Validation Panel Integration Tests","Cross-panel Validation"],"duration":1004,"failureDetails":[{"matcherResult":{"actual":false,"expected":true,"message":"expect(received).toBe(expected) // Object.is equality\n\nExpected: true\nReceived: false","name":"toBe","pass":false}}],"failureMessages":["Error: expect(received).toBe(expected) // Object.is equality\n\nExpected: true\nReceived: false\n    at Object.<anonymous> (/Users/shan/react-native-survey-js-ui/src/__tests__/integration/validation-panel.test.tsx:727:20)\n    at Promise.then.completed (/Users/shan/react-native-survey-js-ui/node_modules/jest-circus/build/utils.js:298:28)\n    at new Promise (<anonymous>)\n    at callAsyncCircusFn (/Users/shan/react-native-survey-js-ui/node_modules/jest-circus/build/utils.js:231:10)\n    at _callCircusTest (/Users/shan/react-native-survey-js-ui/node_modules/jest-circus/build/run.js:316:40)\n    at _runTest (/Users/shan/react-native-survey-js-ui/node_modules/jest-circus/build/run.js:252:3)\n    at _runTestsForDescribeBlock (/Users/shan/react-native-survey-js-ui/node_modules/jest-circus/build/run.js:126:9)\n    at _runTestsForDescribeBlock (/Users/shan/react-native-survey-js-ui/node_modules/jest-circus/build/run.js:121:9)\n    at _runTestsForDescribeBlock (/Users/shan/react-native-survey-js-ui/node_modules/jest-circus/build/run.js:121:9)\n    at run (/Users/shan/react-native-survey-js-ui/node_modules/jest-circus/build/run.js:71:3)\n    at runAndTransformResultsToJestFormat (/Users/shan/react-native-survey-js-ui/node_modules/jest-circus/build/legacy-code-todo-rewrite/jestAdapterInit.js:122:21)\n    at jestAdapter (/Users/shan/react-native-survey-js-ui/node_modules/jest-circus/build/legacy-code-todo-rewrite/jestAdapter.js:79:19)\n    at runTestInternal (/Users/shan/react-native-survey-js-ui/node_modules/jest-runner/build/runTest.js:367:16)\n    at runTest (/Users/shan/react-native-survey-js-ui/node_modules/jest-runner/build/runTest.js:444:34)\n    at Object.worker (/Users/shan/react-native-survey-js-ui/node_modules/jest-runner/build/testWorker.js:106:12)"],"fullName":"Validation Panel Integration Tests Cross-panel Validation should support validation that depends on fields in different panels","invocations":1,"location":null,"numPassingAsserts":0,"retryReasons":[],"status":"failed","title":"should support validation that depends on fields in different panels"},{"ancestorTitles":["Validation Panel Integration Tests","Panel Validation Performance"],"duration":3,"failureDetails":[],"failureMessages":[],"fullName":"Validation Panel Integration Tests Panel Validation Performance should efficiently validate large panel hierarchies","invocations":1,"location":null,"numPassingAsserts":1,"retryReasons":[],"status":"passed","title":"should efficiently validate large panel hierarchies"},{"ancestorTitles":["Validation Panel Integration Tests","Panel State and Validation Integration"],"duration":1005,"failureDetails":[{}],"failureMessages":["Error: Unable to find an element with testID: panel-error-personalInfo\n\n\u001b[36m<View\u001b[39m\n  \u001b[33mtestID\u001b[39m=\u001b[32m\"survey\"\u001b[39m\n\u001b[36m>\u001b[39m\n  \u001b[36m<View\u001b[39m\n    \u001b[33mtestID\u001b[39m=\u001b[32m\"panel-personalInfo\"\u001b[39m\n  \u001b[36m>\u001b[39m\n    \u001b[36m<Text\u001b[39m\n      \u001b[33mtestID\u001b[39m=\u001b[32m\"panel-title-personalInfo\"\u001b[39m\n    \u001b[36m>\u001b[39m\n      \u001b[0mPersonal Information\u001b[0m\n    \u001b[36m</Text>\u001b[39m\n    \u001b[36m<View\u001b[39m\n      \u001b[33mtestID\u001b[39m=\u001b[32m\"question-firstName\"\u001b[39m\n    \u001b[36m>\u001b[39m\n      \u001b[36m<Text>\u001b[39m\n        \u001b[0mFirst Name\u001b[0m\n      \u001b[36m</Text>\u001b[39m\n      \u001b[36m<TextInput\u001b[39m\n        \u001b[33mtestID\u001b[39m=\u001b[32m\"input-firstName\"\u001b[39m\n        \u001b[33mvalue\u001b[39m=\u001b[32m\"\"\u001b[39m\n      \u001b[36m/>\u001b[39m\n    \u001b[36m</View>\u001b[39m\n    \u001b[36m<View\u001b[39m\n      \u001b[33mtestID\u001b[39m=\u001b[32m\"question-lastName\"\u001b[39m\n    \u001b[36m>\u001b[39m\n      \u001b[36m<Text>\u001b[39m\n        \u001b[0mLast Name\u001b[0m\n      \u001b[36m</Text>\u001b[39m\n      \u001b[36m<TextInput\u001b[39m\n        \u001b[33mtestID\u001b[39m=\u001b[32m\"input-lastName\"\u001b[39m\n        \u001b[33mvalue\u001b[39m=\u001b[32m\"\"\u001b[39m\n      \u001b[36m/>\u001b[39m\n    \u001b[36m</View>\u001b[39m\n    \u001b[36m<View />\u001b[39m\n  \u001b[36m</View>\u001b[39m\n\u001b[36m</View>\u001b[39m\n    at Object.<anonymous> (/Users/shan/react-native-survey-js-ui/src/__tests__/integration/validation-panel.test.tsx:800:20)\n    at Promise.then.completed (/Users/shan/react-native-survey-js-ui/node_modules/jest-circus/build/utils.js:298:28)\n    at new Promise (<anonymous>)\n    at callAsyncCircusFn (/Users/shan/react-native-survey-js-ui/node_modules/jest-circus/build/utils.js:231:10)\n    at _callCircusTest (/Users/shan/react-native-survey-js-ui/node_modules/jest-circus/build/run.js:316:40)\n    at _runTest (/Users/shan/react-native-survey-js-ui/node_modules/jest-circus/build/run.js:252:3)\n    at _runTestsForDescribeBlock (/Users/shan/react-native-survey-js-ui/node_modules/jest-circus/build/run.js:126:9)\n    at _runTestsForDescribeBlock (/Users/shan/react-native-survey-js-ui/node_modules/jest-circus/build/run.js:121:9)\n    at _runTestsForDescribeBlock (/Users/shan/react-native-survey-js-ui/node_modules/jest-circus/build/run.js:121:9)\n    at run (/Users/shan/react-native-survey-js-ui/node_modules/jest-circus/build/run.js:71:3)\n    at runAndTransformResultsToJestFormat (/Users/shan/react-native-survey-js-ui/node_modules/jest-circus/build/legacy-code-todo-rewrite/jestAdapterInit.js:122:21)\n    at jestAdapter (/Users/shan/react-native-survey-js-ui/node_modules/jest-circus/build/legacy-code-todo-rewrite/jestAdapter.js:79:19)\n    at runTestInternal (/Users/shan/react-native-survey-js-ui/node_modules/jest-runner/build/runTest.js:367:16)\n    at runTest (/Users/shan/react-native-survey-js-ui/node_modules/jest-runner/build/runTest.js:444:34)\n    at Object.worker (/Users/shan/react-native-survey-js-ui/node_modules/jest-runner/build/testWorker.js:106:12)"],"fullName":"Validation Panel Integration Tests Panel State and Validation Integration should maintain validation state when panels are expanded/collapsed","invocations":1,"location":null,"numPassingAsserts":0,"retryReasons":[],"status":"failed","title":"should maintain validation state when panels are expanded/collapsed"}],"endTime":1749524643456,"message":"  ● Validation Panel Integration Tests › Panel-level Validation › should validate all questions within a panel\n\n    Unable to find an element with testID: panel-error-personalInfo\n\n    \u001b[36m<View\u001b[39m\n      \u001b[33mtestID\u001b[39m=\u001b[32m\"survey\"\u001b[39m\n    \u001b[36m>\u001b[39m\n      \u001b[36m<View\u001b[39m\n        \u001b[33mtestID\u001b[39m=\u001b[32m\"panel-personalInfo\"\u001b[39m\n      \u001b[36m>\u001b[39m\n        \u001b[36m<Text\u001b[39m\n          \u001b[33mtestID\u001b[39m=\u001b[32m\"panel-title-personalInfo\"\u001b[39m\n        \u001b[36m>\u001b[39m\n          \u001b[0mPersonal Information\u001b[0m\n        \u001b[36m</Text>\u001b[39m\n        \u001b[36m<View\u001b[39m\n          \u001b[33mtestID\u001b[39m=\u001b[32m\"question-firstName\"\u001b[39m\n        \u001b[36m>\u001b[39m\n          \u001b[36m<Text>\u001b[39m\n            \u001b[0mFirst Name\u001b[0m\n          \u001b[36m</Text>\u001b[39m\n          \u001b[36m<TextInput\u001b[39m\n            \u001b[33mtestID\u001b[39m=\u001b[32m\"input-firstName\"\u001b[39m\n            \u001b[33mvalue\u001b[39m=\u001b[32m\"\"\u001b[39m\n          \u001b[36m/>\u001b[39m\n        \u001b[36m</View>\u001b[39m\n        \u001b[36m<View\u001b[39m\n          \u001b[33mtestID\u001b[39m=\u001b[32m\"question-lastName\"\u001b[39m\n        \u001b[36m>\u001b[39m\n          \u001b[36m<Text>\u001b[39m\n            \u001b[0mLast Name\u001b[0m\n          \u001b[36m</Text>\u001b[39m\n          \u001b[36m<TextInput\u001b[39m\n            \u001b[33mtestID\u001b[39m=\u001b[32m\"input-lastName\"\u001b[39m\n            \u001b[33mvalue\u001b[39m=\u001b[32m\"\"\u001b[39m\n          \u001b[36m/>\u001b[39m\n        \u001b[36m</View>\u001b[39m\n        \u001b[36m<View />\u001b[39m\n      \u001b[36m</View>\u001b[39m\n    \u001b[36m</View>\u001b[39m\n\n      519 |\n      520 |       // Should show panel has errors\n    > 521 |       await waitFor(() => {\n          |                    ^\n      522 |         expect(getByTestId('panel-error-personalInfo')).toBeDefined();\n      523 |       });\n      524 |\n\n      at Object.<anonymous> (src/__tests__/integration/validation-panel.test.tsx:521:20)\n\n  ● Validation Panel Integration Tests › Nested Panel Validation › should validate nested panels and propagate errors upward\n\n    Unable to find an element with testID: panel-error-personalInfo\n\n    \u001b[36m<View\u001b[39m\n      \u001b[33mtestID\u001b[39m=\u001b[32m\"survey\"\u001b[39m\n    \u001b[36m>\u001b[39m\n      \u001b[36m<View\u001b[39m\n        \u001b[33mtestID\u001b[39m=\u001b[32m\"panel-personalInfo\"\u001b[39m\n      \u001b[36m>\u001b[39m\n        \u001b[36m<Text\u001b[39m\n          \u001b[33mtestID\u001b[39m=\u001b[32m\"panel-title-personalInfo\"\u001b[39m\n        \u001b[36m>\u001b[39m\n          \u001b[0mPersonal Information\u001b[0m\n        \u001b[36m</Text>\u001b[39m\n        \u001b[36m<View\u001b[39m\n          \u001b[33mtestID\u001b[39m=\u001b[32m\"question-firstName\"\u001b[39m\n        \u001b[36m>\u001b[39m\n          \u001b[36m<Text>\u001b[39m\n            \u001b[0mFirst Name\u001b[0m\n          \u001b[36m</Text>\u001b[39m\n          \u001b[36m<TextInput\u001b[39m\n            \u001b[33mtestID\u001b[39m=\u001b[32m\"input-firstName\"\u001b[39m\n            \u001b[33mvalue\u001b[39m=\u001b[32m\"\"\u001b[39m\n          \u001b[36m/>\u001b[39m\n        \u001b[36m</View>\u001b[39m\n        \u001b[36m<View\u001b[39m\n          \u001b[33mtestID\u001b[39m=\u001b[32m\"question-lastName\"\u001b[39m\n        \u001b[36m>\u001b[39m\n          \u001b[36m<Text>\u001b[39m\n            \u001b[0mLast Name\u001b[0m\n          \u001b[36m</Text>\u001b[39m\n          \u001b[36m<TextInput\u001b[39m\n            \u001b[33mtestID\u001b[39m=\u001b[32m\"input-lastName\"\u001b[39m\n            \u001b[33mvalue\u001b[39m=\u001b[32m\"\"\u001b[39m\n          \u001b[36m/>\u001b[39m\n        \u001b[36m</View>\u001b[39m\n        \u001b[36m<View />\u001b[39m\n      \u001b[36m</View>\u001b[39m\n    \u001b[36m</View>\u001b[39m\n\n      575 |\n      576 |       // Parent panel should show error\n    > 577 |       await waitFor(() => {\n          |                    ^\n      578 |         expect(getByTestId('panel-error-personalInfo')).toBeDefined();\n      579 |       });\n      580 |\n\n      at Object.<anonymous> (src/__tests__/integration/validation-panel.test.tsx:577:20)\n\n  ● Validation Panel Integration Tests › Nested Panel Validation › should validate deeply nested panel hierarchies\n\n    Unable to find an element with testID: panel-error-level1\n\n    \u001b[36m<View\u001b[39m\n      \u001b[33mtestID\u001b[39m=\u001b[32m\"survey\"\u001b[39m\n    \u001b[36m>\u001b[39m\n      \u001b[36m<View\u001b[39m\n        \u001b[33mtestID\u001b[39m=\u001b[32m\"panel-level1\"\u001b[39m\n      \u001b[36m>\u001b[39m\n        \u001b[36m<Text\u001b[39m\n          \u001b[33mtestID\u001b[39m=\u001b[32m\"panel-title-level1\"\u001b[39m\n        \u001b[36m>\u001b[39m\n          \u001b[0mLevel 1\u001b[0m\n        \u001b[36m</Text>\u001b[39m\n        \u001b[36m<View />\u001b[39m\n      \u001b[36m</View>\u001b[39m\n    \u001b[36m</View>\u001b[39m\n\n      634 |\n      635 |       // All levels should show errors\n    > 636 |       await waitFor(() => {\n          |                    ^\n      637 |         expect(getByTestId('panel-error-level1')).toBeDefined();\n      638 |         expect(getByTestId('panel-error-level2')).toBeDefined();\n      639 |         expect(getByTestId('panel-error-level3')).toBeDefined();\n\n      at Object.<anonymous> (src/__tests__/integration/validation-panel.test.tsx:636:20)\n\n  ● Validation Panel Integration Tests › Panel Validation Events › should trigger onValidatePanel event for each panel\n\n    expect(jest.fn()).toHaveBeenCalledTimes(expected)\n\n    Expected number of calls: 3\n    Received number of calls: 0\n\n      682 |\n      683 |       // Should be called for each panel\n    > 684 |       await waitFor(() => {\n          |                    ^\n      685 |         const allPanels = model.getAllPanels();\n      686 |         expect(onValidatePanel).toHaveBeenCalledTimes(allPanels.length);\n      687 |       });\n\n      at Object.<anonymous> (src/__tests__/integration/validation-panel.test.tsx:684:20)\n\n  ● Validation Panel Integration Tests › Cross-panel Validation › should support validation that depends on fields in different panels\n\n    expect(received).toBe(expected) // Object.is equality\n\n    Expected: true\n    Received: false\n\n      725 |\n      726 |       // Should show cross-panel validation error\n    > 727 |       await waitFor(() => {\n          |                    ^\n      728 |         expect(personalPanel.questions[0].hasErrors).toBe(true);\n      729 |       });\n      730 |     });\n\n      at Object.<anonymous> (src/__tests__/integration/validation-panel.test.tsx:727:20)\n\n  ● Validation Panel Integration Tests › Panel State and Validation Integration › should maintain validation state when panels are expanded/collapsed\n\n    Unable to find an element with testID: panel-error-personalInfo\n\n    \u001b[36m<View\u001b[39m\n      \u001b[33mtestID\u001b[39m=\u001b[32m\"survey\"\u001b[39m\n    \u001b[36m>\u001b[39m\n      \u001b[36m<View\u001b[39m\n        \u001b[33mtestID\u001b[39m=\u001b[32m\"panel-personalInfo\"\u001b[39m\n      \u001b[36m>\u001b[39m\n        \u001b[36m<Text\u001b[39m\n          \u001b[33mtestID\u001b[39m=\u001b[32m\"panel-title-personalInfo\"\u001b[39m\n        \u001b[36m>\u001b[39m\n          \u001b[0mPersonal Information\u001b[0m\n        \u001b[36m</Text>\u001b[39m\n        \u001b[36m<View\u001b[39m\n          \u001b[33mtestID\u001b[39m=\u001b[32m\"question-firstName\"\u001b[39m\n        \u001b[36m>\u001b[39m\n          \u001b[36m<Text>\u001b[39m\n            \u001b[0mFirst Name\u001b[0m\n          \u001b[36m</Text>\u001b[39m\n          \u001b[36m<TextInput\u001b[39m\n            \u001b[33mtestID\u001b[39m=\u001b[32m\"input-firstName\"\u001b[39m\n            \u001b[33mvalue\u001b[39m=\u001b[32m\"\"\u001b[39m\n          \u001b[36m/>\u001b[39m\n        \u001b[36m</View>\u001b[39m\n        \u001b[36m<View\u001b[39m\n          \u001b[33mtestID\u001b[39m=\u001b[32m\"question-lastName\"\u001b[39m\n        \u001b[36m>\u001b[39m\n          \u001b[36m<Text>\u001b[39m\n            \u001b[0mLast Name\u001b[0m\n          \u001b[36m</Text>\u001b[39m\n          \u001b[36m<TextInput\u001b[39m\n            \u001b[33mtestID\u001b[39m=\u001b[32m\"input-lastName\"\u001b[39m\n            \u001b[33mvalue\u001b[39m=\u001b[32m\"\"\u001b[39m\n          \u001b[36m/>\u001b[39m\n        \u001b[36m</View>\u001b[39m\n        \u001b[36m<View />\u001b[39m\n      \u001b[36m</View>\u001b[39m\n    \u001b[36m</View>\u001b[39m\n\n      798 |       model.validateCurrentPage();\n      799 |\n    > 800 |       await waitFor(() => {\n          |                    ^\n      801 |         expect(getByTestId('panel-error-personalInfo')).toBeDefined();\n      802 |       });\n      803 |\n\n      at Object.<anonymous> (src/__tests__/integration/validation-panel.test.tsx:800:20)\n","name":"/Users/shan/react-native-survey-js-ui/src/__tests__/integration/validation-panel.test.tsx","startTime":1749524637363,"status":"failed","summary":""},{"assertionResults":[{"ancestorTitles":["Build Verification System","TypeScript Compilation"],"duration":1545,"failureDetails":[{"matcherResult":{"message":"expect(received).not.toThrow()\n\nError name:    \"Error\"\nError message: \"Command failed: npx tsc --project tsconfig.build.json --noEmit\"\n\n      11 |       // Test that TypeScript compilation for build succeeds\n      12 |       expect(() => {\n    > 13 |         execSync('npx tsc --project tsconfig.build.json --noEmit', {\n         |                 ^\n      14 |           cwd: rootDir,\n      15 |           stdio: 'pipe',\n      16 |         });\n\n      at src/__tests__/build-verification.test.ts:13:17\n      at Object.<anonymous> (node_modules/expect/build/toThrowMatchers.js:74:11)\n      at Object.throwingMatcher [as toThrow] (node_modules/expect/build/index.js:320:21)\n      at Object.toThrow (src/__tests__/build-verification.test.ts:17:14)","pass":true}}],"failureMessages":["Error: expect(received).not.toThrow()\n\nError name:    \"Error\"\nError message: \"Command failed: npx tsc --project tsconfig.build.json --noEmit\"\n\n      11 |       // Test that TypeScript compilation for build succeeds\n      12 |       expect(() => {\n    > 13 |         execSync('npx tsc --project tsconfig.build.json --noEmit', {\n         |                 ^\n      14 |           cwd: rootDir,\n      15 |           stdio: 'pipe',\n      16 |         });\n\n      at src/__tests__/build-verification.test.ts:13:17\n      at Object.<anonymous> (node_modules/expect/build/toThrowMatchers.js:74:11)\n      at Object.throwingMatcher [as toThrow] (node_modules/expect/build/index.js:320:21)\n      at Object.toThrow (src/__tests__/build-verification.test.ts:17:14)\n    at Object.toThrow (/Users/shan/react-native-survey-js-ui/src/__tests__/build-verification.test.ts:17:14)\n    at Promise.then.completed (/Users/shan/react-native-survey-js-ui/node_modules/jest-circus/build/utils.js:298:28)\n    at new Promise (<anonymous>)\n    at callAsyncCircusFn (/Users/shan/react-native-survey-js-ui/node_modules/jest-circus/build/utils.js:231:10)\n    at _callCircusTest (/Users/shan/react-native-survey-js-ui/node_modules/jest-circus/build/run.js:316:40)\n    at processTicksAndRejections (node:internal/process/task_queues:95:5)\n    at _runTest (/Users/shan/react-native-survey-js-ui/node_modules/jest-circus/build/run.js:252:3)\n    at _runTestsForDescribeBlock (/Users/shan/react-native-survey-js-ui/node_modules/jest-circus/build/run.js:126:9)\n    at _runTestsForDescribeBlock (/Users/shan/react-native-survey-js-ui/node_modules/jest-circus/build/run.js:121:9)\n    at _runTestsForDescribeBlock (/Users/shan/react-native-survey-js-ui/node_modules/jest-circus/build/run.js:121:9)\n    at run (/Users/shan/react-native-survey-js-ui/node_modules/jest-circus/build/run.js:71:3)\n    at runAndTransformResultsToJestFormat (/Users/shan/react-native-survey-js-ui/node_modules/jest-circus/build/legacy-code-todo-rewrite/jestAdapterInit.js:122:21)\n    at jestAdapter (/Users/shan/react-native-survey-js-ui/node_modules/jest-circus/build/legacy-code-todo-rewrite/jestAdapter.js:79:19)\n    at runTestInternal (/Users/shan/react-native-survey-js-ui/node_modules/jest-runner/build/runTest.js:367:16)\n    at runTest (/Users/shan/react-native-survey-js-ui/node_modules/jest-runner/build/runTest.js:444:34)\n    at Object.worker (/Users/shan/react-native-survey-js-ui/node_modules/jest-runner/build/testWorker.js:106:12)"],"fullName":"Build Verification System TypeScript Compilation should compile TypeScript for build without errors","invocations":1,"location":null,"numPassingAsserts":0,"retryReasons":[],"status":"failed","title":"should compile TypeScript for build without errors"},{"ancestorTitles":["Build Verification System","TypeScript Compilation"],"duration":1,"failureDetails":[],"failureMessages":[],"fullName":"Build Verification System TypeScript Compilation should generate declaration files for all exported modules","invocations":1,"location":null,"numPassingAsserts":6,"retryReasons":[],"status":"passed","title":"should generate declaration files for all exported modules"},{"ancestorTitles":["Build Verification System","TypeScript Compilation"],"duration":0,"failureDetails":[],"failureMessages":[],"fullName":"Build Verification System TypeScript Compilation should generate source maps for debugging","invocations":1,"location":null,"numPassingAsserts":1,"retryReasons":[],"status":"passed","title":"should generate source maps for debugging"},{"ancestorTitles":["Build Verification System","Export Integrity"],"duration":43,"failureDetails":[],"failureMessages":[],"fullName":"Build Verification System Export Integrity should export all public API components","invocations":1,"location":null,"numPassingAsserts":4,"retryReasons":[],"status":"passed","title":"should export all public API components"},{"ancestorTitles":["Build Verification System","Export Integrity"],"duration":42,"failureDetails":[],"failureMessages":[],"fullName":"Build Verification System Export Integrity should maintain consistent exports between CommonJS and ES modules","invocations":1,"location":null,"numPassingAsserts":1,"retryReasons":[],"status":"passed","title":"should maintain consistent exports between CommonJS and ES modules"},{"ancestorTitles":["Build Verification System","Export Integrity"],"duration":1,"failureDetails":[],"failureMessages":[],"fullName":"Build Verification System Export Integrity should have proper TypeScript types for all exports","invocations":1,"location":null,"numPassingAsserts":4,"retryReasons":[],"status":"passed","title":"should have proper TypeScript types for all exports"},{"ancestorTitles":["Build Verification System","Package Configuration"],"duration":1,"failureDetails":[],"failureMessages":[],"fullName":"Build Verification System Package Configuration should have required npm publishing fields","invocations":1,"location":null,"numPassingAsserts":12,"retryReasons":[],"status":"passed","title":"should have required npm publishing fields"},{"ancestorTitles":["Build Verification System","Package Configuration"],"duration":0,"failureDetails":[],"failureMessages":[],"fullName":"Build Verification System Package Configuration should have correct entry points configuration","invocations":1,"location":null,"numPassingAsserts":3,"retryReasons":[],"status":"passed","title":"should have correct entry points configuration"},{"ancestorTitles":["Build Verification System","Package Configuration"],"duration":0,"failureDetails":[],"failureMessages":[],"fullName":"Build Verification System Package Configuration should have proper exports field for modern bundlers","invocations":1,"location":null,"numPassingAsserts":10,"retryReasons":[],"status":"passed","title":"should have proper exports field for modern bundlers"},{"ancestorTitles":["Build Verification System","Package Configuration"],"duration":0,"failureDetails":[],"failureMessages":[],"fullName":"Build Verification System Package Configuration should have peer dependencies configured","invocations":1,"location":null,"numPassingAsserts":3,"retryReasons":[],"status":"passed","title":"should have peer dependencies configured"},{"ancestorTitles":["Build Verification System","Bundle Size Validation"],"duration":1,"failureDetails":[],"failureMessages":[],"fullName":"Build Verification System Bundle Size Validation should keep bundle size within acceptable limits","invocations":1,"location":null,"numPassingAsserts":2,"retryReasons":[],"status":"passed","title":"should keep bundle size within acceptable limits"},{"ancestorTitles":["Build Verification System","Bundle Size Validation"],"duration":14,"failureDetails":[],"failureMessages":[],"fullName":"Build Verification System Bundle Size Validation should not include test files in build output","invocations":1,"location":null,"numPassingAsserts":5,"retryReasons":[],"status":"passed","title":"should not include test files in build output"},{"ancestorTitles":["Build Verification System","Library Import Validation"],"duration":0,"failureDetails":[],"failureMessages":[],"fullName":"Build Verification System Library Import Validation should have valid CommonJS output structure","invocations":1,"location":null,"numPassingAsserts":4,"retryReasons":[],"status":"passed","title":"should have valid CommonJS output structure"},{"ancestorTitles":["Build Verification System","Library Import Validation"],"duration":0,"failureDetails":[],"failureMessages":[],"fullName":"Build Verification System Library Import Validation should be importable as ES module","invocations":1,"location":null,"numPassingAsserts":2,"retryReasons":[],"status":"passed","title":"should be importable as ES module"},{"ancestorTitles":["Build Verification System","Library Import Validation"],"duration":6,"failureDetails":[],"failureMessages":[],"fullName":"Build Verification System Library Import Validation should have no missing dependencies in build output","invocations":1,"location":null,"numPassingAsserts":53,"retryReasons":[],"status":"passed","title":"should have no missing dependencies in build output"}],"endTime":1749524645140,"message":"  ● Build Verification System › TypeScript Compilation › should compile TypeScript for build without errors\n\n    expect(received).not.toThrow()\n\n    Error name:    \"Error\"\n    Error message: \"Command failed: npx tsc --project tsconfig.build.json --noEmit\"\n\n          11 |       // Test that TypeScript compilation for build succeeds\n          12 |       expect(() => {\n        > 13 |         execSync('npx tsc --project tsconfig.build.json --noEmit', {\n             |                 ^\n          14 |           cwd: rootDir,\n          15 |           stdio: 'pipe',\n          16 |         });\n\n      at src/__tests__/build-verification.test.ts:13:17\n      at Object.<anonymous> (node_modules/expect/build/toThrowMatchers.js:74:11)\n      at Object.throwingMatcher [as toThrow] (node_modules/expect/build/index.js:320:21)\n      at Object.toThrow (src/__tests__/build-verification.test.ts:17:14)\n      at Object.toThrow (src/__tests__/build-verification.test.ts:17:14)\n","name":"/Users/shan/react-native-survey-js-ui/src/__tests__/build-verification.test.ts","startTime":1749524643459,"status":"failed","summary":""},{"assertionResults":[{"ancestorTitles":["useSurveyState","React Import Resolution Fix"],"duration":12,"failureDetails":[],"failureMessages":[],"fullName":"useSurveyState React Import Resolution Fix should work without React import dependency issues","invocations":1,"location":null,"numPassingAsserts":3,"retryReasons":[],"status":"passed","title":"should work without React import dependency issues"},{"ancestorTitles":["useSurveyState","React Import Resolution Fix"],"duration":2,"failureDetails":[],"failureMessages":[],"fullName":"useSurveyState React Import Resolution Fix should handle undefined React references in state updates","invocations":1,"location":null,"numPassingAsserts":1,"retryReasons":[],"status":"passed","title":"should handle undefined React references in state updates"},{"ancestorTitles":["useSurveyState","React Import Resolution Fix"],"duration":2,"failureDetails":[],"failureMessages":[],"fullName":"useSurveyState React Import Resolution Fix should maintain state consistency during React import resolution","invocations":1,"location":null,"numPassingAsserts":2,"retryReasons":[],"status":"passed","title":"should maintain state consistency during React import resolution"},{"ancestorTitles":["useSurveyState","Basic Hook Functionality"],"duration":2,"failureDetails":[],"failureMessages":[],"fullName":"useSurveyState Basic Hook Functionality should initialize with survey model data","invocations":1,"location":null,"numPassingAsserts":6,"retryReasons":[],"status":"passed","title":"should initialize with survey model data"},{"ancestorTitles":["useSurveyState","Basic Hook Functionality"],"duration":2,"failureDetails":[],"failureMessages":[],"fullName":"useSurveyState Basic Hook Functionality should handle null survey model","invocations":1,"location":null,"numPassingAsserts":6,"retryReasons":[],"status":"passed","title":"should handle null survey model"},{"ancestorTitles":["useSurveyState","Basic Hook Functionality"],"duration":2,"failureDetails":[],"failureMessages":[],"fullName":"useSurveyState Basic Hook Functionality should handle undefined survey model","invocations":1,"location":null,"numPassingAsserts":6,"retryReasons":[],"status":"passed","title":"should handle undefined survey model"},{"ancestorTitles":["useSurveyState","Event Handling"],"duration":2,"failureDetails":[],"failureMessages":[],"fullName":"useSurveyState Event Handling should register event listeners on mount","invocations":1,"location":null,"numPassingAsserts":3,"retryReasons":[],"status":"passed","title":"should register event listeners on mount"},{"ancestorTitles":["useSurveyState","Event Handling"],"duration":2,"failureDetails":[],"failureMessages":[],"fullName":"useSurveyState Event Handling should unregister event listeners on unmount","invocations":1,"location":null,"numPassingAsserts":3,"retryReasons":[],"status":"passed","title":"should unregister event listeners on unmount"},{"ancestorTitles":["useSurveyState","Event Handling"],"duration":2,"failureDetails":[],"failureMessages":[],"fullName":"useSurveyState Event Handling should update state on value changed event","invocations":1,"location":null,"numPassingAsserts":1,"retryReasons":[],"status":"passed","title":"should update state on value changed event"},{"ancestorTitles":["useSurveyState","Event Handling"],"duration":2,"failureDetails":[],"failureMessages":[],"fullName":"useSurveyState Event Handling should update state on page changed event","invocations":1,"location":null,"numPassingAsserts":3,"retryReasons":[],"status":"passed","title":"should update state on page changed event"},{"ancestorTitles":["useSurveyState","Event Handling"],"duration":2,"failureDetails":[],"failureMessages":[],"fullName":"useSurveyState Event Handling should update state on complete event","invocations":1,"location":null,"numPassingAsserts":1,"retryReasons":[],"status":"passed","title":"should update state on complete event"},{"ancestorTitles":["useSurveyState","Model Changes"],"duration":2,"failureDetails":[],"failureMessages":[],"fullName":"useSurveyState Model Changes should handle survey model updates","invocations":1,"location":null,"numPassingAsserts":3,"retryReasons":[],"status":"passed","title":"should handle survey model updates"},{"ancestorTitles":["useSurveyState","Model Changes"],"duration":3,"failureDetails":[],"failureMessages":[],"fullName":"useSurveyState Model Changes should clean up old listeners when model changes","invocations":1,"location":null,"numPassingAsserts":3,"retryReasons":[],"status":"passed","title":"should clean up old listeners when model changes"},{"ancestorTitles":["useSurveyState","Error Handling and Edge Cases"],"duration":2,"failureDetails":[],"failureMessages":[],"fullName":"useSurveyState Error Handling and Edge Cases should handle models with minimal event handlers","invocations":1,"location":null,"numPassingAsserts":1,"retryReasons":[],"status":"passed","title":"should handle models with minimal event handlers"},{"ancestorTitles":["useSurveyState","Error Handling and Edge Cases"],"duration":2,"failureDetails":[],"failureMessages":[],"fullName":"useSurveyState Error Handling and Edge Cases should handle malformed event options","invocations":1,"location":null,"numPassingAsserts":2,"retryReasons":[],"status":"passed","title":"should handle malformed event options"},{"ancestorTitles":["useSurveyState","Error Handling and Edge Cases"],"duration":2,"failureDetails":[],"failureMessages":[],"fullName":"useSurveyState Error Handling and Edge Cases should handle rapid event firing","invocations":1,"location":null,"numPassingAsserts":1,"retryReasons":[],"status":"passed","title":"should handle rapid event firing"},{"ancestorTitles":["useSurveyState","Error Handling and Edge Cases"],"duration":2,"failureDetails":[],"failureMessages":[],"fullName":"useSurveyState Error Handling and Edge Cases should handle concurrent model updates","invocations":1,"location":null,"numPassingAsserts":3,"retryReasons":[],"status":"passed","title":"should handle concurrent model updates"},{"ancestorTitles":["useSurveyState","Memory Management and Performance"],"duration":1,"failureDetails":[],"failureMessages":[],"fullName":"useSurveyState Memory Management and Performance should not cause memory leaks with event listeners","invocations":1,"location":null,"numPassingAsserts":6,"retryReasons":[],"status":"passed","title":"should not cause memory leaks with event listeners"},{"ancestorTitles":["useSurveyState","Memory Management and Performance"],"duration":2,"failureDetails":[],"failureMessages":[],"fullName":"useSurveyState Memory Management and Performance should handle multiple hook instances with the same model","invocations":1,"location":null,"numPassingAsserts":3,"retryReasons":[],"status":"passed","title":"should handle multiple hook instances with the same model"},{"ancestorTitles":["useSurveyState","State Consistency and Synchronization"],"duration":4,"failureDetails":[{"matcherResult":{"actual":{"data":{"name":"John","age":30},"currentPageNo":0,"pageCount":1,"isFirstPage":true,"isLastPage":false,"isCompleted":false,"questions":[{"name":"question1","value":"answer1","type":"text","title":"","description":"","isRequired":false,"visible":true,"readOnly":false},{"name":"question2","value":"answer2","type":"text","title":"","description":"","isRequired":false,"visible":true,"readOnly":false}],"validation":{"hasErrors":false,"errors":{},"validationMessages":[],"isValidating":false}},"expected":{"data":{"name":"John","age":30},"currentPageNo":0,"pageCount":1,"isFirstPage":true,"isLastPage":false,"isCompleted":false,"questions":[{"name":"question1","value":"answer1","type":"text","title":"","description":"","isRequired":false,"visible":true,"readOnly":false},{"name":"question2","value":"answer2","type":"text","title":"","description":"","isRequired":false,"visible":true,"readOnly":false}],"validation":{"hasErrors":false,"errors":{},"validationMessages":[],"isValidating":false}},"message":"expect(received).toBe(expected) // Object.is equality\n\nIf it should pass with deep equality, replace \"toBe\" with \"toStrictEqual\"\n\nExpected: {\"clearErrors\": [Function anonymous], \"clearValidationErrors\": [Function anonymous], \"currentPageNo\": 0, \"data\": {\"age\": 30, \"name\": \"John\"}, \"getQuestionErrors\": [Function anonymous], \"isCompleted\": false, \"isFirstPage\": true, \"isLastPage\": false, \"pageCount\": 1, \"questions\": [{\"description\": \"\", \"isRequired\": false, \"name\": \"question1\", \"readOnly\": false, \"title\": \"\", \"type\": \"text\", \"value\": \"answer1\", \"visible\": true}, {\"description\": \"\", \"isRequired\": false, \"name\": \"question2\", \"readOnly\": false, \"title\": \"\", \"type\": \"text\", \"value\": \"answer2\", \"visible\": true}], \"validateAllPages\": [Function anonymous], \"validateCurrentPage\": [Function anonymous], \"validateQuestion\": [Function anonymous], \"validation\": {\"errors\": {}, \"hasErrors\": false, \"isValidating\": false, \"validationMessages\": []}}\nReceived: serializes to the same string","name":"toBe","pass":false}}],"failureMessages":["Error: expect(received).toBe(expected) // Object.is equality\n\nIf it should pass with deep equality, replace \"toBe\" with \"toStrictEqual\"\n\nExpected: {\"clearErrors\": [Function anonymous], \"clearValidationErrors\": [Function anonymous], \"currentPageNo\": 0, \"data\": {\"age\": 30, \"name\": \"John\"}, \"getQuestionErrors\": [Function anonymous], \"isCompleted\": false, \"isFirstPage\": true, \"isLastPage\": false, \"pageCount\": 1, \"questions\": [{\"description\": \"\", \"isRequired\": false, \"name\": \"question1\", \"readOnly\": false, \"title\": \"\", \"type\": \"text\", \"value\": \"answer1\", \"visible\": true}, {\"description\": \"\", \"isRequired\": false, \"name\": \"question2\", \"readOnly\": false, \"title\": \"\", \"type\": \"text\", \"value\": \"answer2\", \"visible\": true}], \"validateAllPages\": [Function anonymous], \"validateCurrentPage\": [Function anonymous], \"validateQuestion\": [Function anonymous], \"validation\": {\"errors\": {}, \"hasErrors\": false, \"isValidating\": false, \"validationMessages\": []}}\nReceived: serializes to the same string\n    at Object.toBe (/Users/shan/react-native-survey-js-ui/src/hooks/__tests__/useSurveyState.test.tsx:452:30)\n    at Promise.then.completed (/Users/shan/react-native-survey-js-ui/node_modules/jest-circus/build/utils.js:298:28)\n    at new Promise (<anonymous>)\n    at callAsyncCircusFn (/Users/shan/react-native-survey-js-ui/node_modules/jest-circus/build/utils.js:231:10)\n    at _callCircusTest (/Users/shan/react-native-survey-js-ui/node_modules/jest-circus/build/run.js:316:40)\n    at _runTest (/Users/shan/react-native-survey-js-ui/node_modules/jest-circus/build/run.js:252:3)\n    at _runTestsForDescribeBlock (/Users/shan/react-native-survey-js-ui/node_modules/jest-circus/build/run.js:126:9)\n    at _runTestsForDescribeBlock (/Users/shan/react-native-survey-js-ui/node_modules/jest-circus/build/run.js:121:9)\n    at _runTestsForDescribeBlock (/Users/shan/react-native-survey-js-ui/node_modules/jest-circus/build/run.js:121:9)\n    at run (/Users/shan/react-native-survey-js-ui/node_modules/jest-circus/build/run.js:71:3)\n    at runAndTransformResultsToJestFormat (/Users/shan/react-native-survey-js-ui/node_modules/jest-circus/build/legacy-code-todo-rewrite/jestAdapterInit.js:122:21)\n    at jestAdapter (/Users/shan/react-native-survey-js-ui/node_modules/jest-circus/build/legacy-code-todo-rewrite/jestAdapter.js:79:19)\n    at runTestInternal (/Users/shan/react-native-survey-js-ui/node_modules/jest-runner/build/runTest.js:367:16)\n    at runTest (/Users/shan/react-native-survey-js-ui/node_modules/jest-runner/build/runTest.js:444:34)\n    at Object.worker (/Users/shan/react-native-survey-js-ui/node_modules/jest-runner/build/testWorker.js:106:12)"],"fullName":"useSurveyState State Consistency and Synchronization should maintain state consistency across re-renders","invocations":1,"location":null,"numPassingAsserts":0,"retryReasons":[],"status":"failed","title":"should maintain state consistency across re-renders"},{"ancestorTitles":["useSurveyState","State Consistency and Synchronization"],"duration":2,"failureDetails":[],"failureMessages":[],"fullName":"useSurveyState State Consistency and Synchronization should properly synchronize with model property changes","invocations":1,"location":null,"numPassingAsserts":4,"retryReasons":[],"status":"passed","title":"should properly synchronize with model property changes"},{"ancestorTitles":["useSurveyState","Integration with Fixed Hook Pattern"],"duration":2,"failureDetails":[],"failureMessages":[],"fullName":"useSurveyState Integration with Fixed Hook Pattern should work with other Fixed hooks without conflicts","invocations":1,"location":null,"numPassingAsserts":2,"retryReasons":[],"status":"passed","title":"should work with other Fixed hooks without conflicts"},{"ancestorTitles":["useSurveyState","Integration with Fixed Hook Pattern"],"duration":2,"failureDetails":[],"failureMessages":[],"fullName":"useSurveyState Integration with Fixed Hook Pattern should handle React render cycles correctly","invocations":1,"location":null,"numPassingAsserts":3,"retryReasons":[],"status":"passed","title":"should handle React render cycles correctly"}],"endTime":1749524645262,"message":"  ● useSurveyState › State Consistency and Synchronization › should maintain state consistency across re-renders\n\n    expect(received).toBe(expected) // Object.is equality\n\n    If it should pass with deep equality, replace \"toBe\" with \"toStrictEqual\"\n\n    Expected: {\"clearErrors\": [Function anonymous], \"clearValidationErrors\": [Function anonymous], \"currentPageNo\": 0, \"data\": {\"age\": 30, \"name\": \"John\"}, \"getQuestionErrors\": [Function anonymous], \"isCompleted\": false, \"isFirstPage\": true, \"isLastPage\": false, \"pageCount\": 1, \"questions\": [{\"description\": \"\", \"isRequired\": false, \"name\": \"question1\", \"readOnly\": false, \"title\": \"\", \"type\": \"text\", \"value\": \"answer1\", \"visible\": true}, {\"description\": \"\", \"isRequired\": false, \"name\": \"question2\", \"readOnly\": false, \"title\": \"\", \"type\": \"text\", \"value\": \"answer2\", \"visible\": true}], \"validateAllPages\": [Function anonymous], \"validateCurrentPage\": [Function anonymous], \"validateQuestion\": [Function anonymous], \"validation\": {\"errors\": {}, \"hasErrors\": false, \"isValidating\": false, \"validationMessages\": []}
[...]
s not exist on type 'PageModel'.\nsrc/hooks/usePageValidation.tsx(278,44): error TS2339: Property 'errors' does not exist on type 'PageModel'.\nsrc/hooks/usePageValidation.tsx(441,37): error TS6133: 'sender' is declared but its value is never read.\nsrc/hooks/usePageValidation.tsx(447,32): error TS2339: Property 'getQuestionByName' does not exist on type 'Model'.\nsrc/hooks/usePageValidation.tsx(474,33): error TS6133: 'sender' is declared but its value is never read.\nsrc/hooks/usePageValidation.tsx(487,11): error TS2339: Property 'onValidateQuestion' does not exist on type 'Model'.\nsrc/hooks/usePageValidation.tsx(492,13): error TS2339: Property 'onValidateQuestion' does not exist on type 'Model'.\nsrc/hooks/useSurveyState.tsx(3,38): error TS2305: Module '\"survey-core\"' has no exported member 'SurveyError'.\nsrc/hooks/useSurveyState.tsx(267,37): error TS6133: 'sender' is declared but its value is never read.\nsrc/hooks/useSurveyState.tsx(273,32): error TS2339: Property 'getQuestionByName' does not exist on type 'Model'.\nsrc/hooks/useSurveyState.tsx(312,15): error TS2339: Property 'onValidateQuestion' does not exist on type 'Model'.\nsrc/hooks/useSurveyState.tsx(313,13): error TS2339: Property 'onValidateQuestion' does not exist on type 'Model'.\nsrc/hooks/useSurveyState.tsx(326,17): error TS2339: Property 'onValidateQuestion' does not exist on type 'Model'.\nsrc/hooks/useSurveyState.tsx(327,15): error TS2339: Property 'onValidateQuestion' does not exist on type 'Model'.\nsrc/hooks/useSurveyState.tsx(347,29): error TS2339: Property 'validate' does not exist on type 'PageModel'.\nsrc/hooks/useSurveyState.tsx(348,37): error TS2339: Property 'validate' does not exist on type 'PageModel'.\nsrc/hooks/useSurveyState.tsx(350,43): error TS2339: Property 'hasErrors' does not exist on type 'PageModel'.\nsrc/hooks/useSurveyState.tsx(364,44): error TS2339: Property 'errors' does not exist on type 'PageModel'.\nsrc/validation/CustomValidator.tsx(1,10): error TS2305: Module '\"survey-core\"' has no exported member 'SurveyValidator'.\nsrc/validation/CustomValidator.tsx(1,27): error TS2305: Module '\"survey-core\"' has no exported member 'JsonObject'.\nsrc/validation/CustomValidator.tsx(1,27): error TS6133: 'JsonObject' is declared but its value is never read.\nsrc/validation/CustomValidator.tsx(1,49): error TS2305: Module '\"survey-core\"' has no exported member 'SurveyModel'.\nsrc/validation/CustomValidator.tsx(1,49): error TS6133: 'SurveyModel' is declared but its value is never read.\nsrc/validation/CustomValidator.tsx(1,62): error TS2305: Module '\"survey-core\"' has no exported member 'ValidatorResult'.\nsrc/validation/CustomValidator.tsx(1,79): error TS2305: Module '\"survey-core\"' has no exported member 'CustomError'.\nsrc/validation/CustomValidator.tsx(140,67): error TS2345: Argument of type 'string | null' is not assignable to parameter of type 'string'.\n  Type 'null' is not assignable to type 'string'.\nsrc/validation/CustomValidator.tsx(164,70): error TS2345: Argument of type 'string | null' is not assignable to parameter of type 'string'.\n  Type 'null' is not assignable to type 'string'.\nsrc/validation/CustomValidator.tsx(315,44): error TS18046: 'error' is of type 'unknown'.\nsrc/validation/CustomValidator.tsx(384,44): error TS18046: 'error' is of type 'unknown'.\nsrc/validation/CustomValidator.tsx(418,42): error TS18046: 'error' is of type 'unknown'.\nsrc/validation/CustomValidator.tsx(423,32): error TS2322: Type 'string | undefined' is not assignable to type 'string | null'.\n  Type 'undefined' is not assignable to type 'string | null'.\nsrc/validation/CustomValidator.tsx(455,46): error TS18046: 'error' is of type 'unknown'.\nsrc/validation/CustomValidator.tsx(460,34): error TS2322: Type 'string | undefined' is not assignable to type 'string | null'.\n  Type 'undefined' is not assignable to type 'string | null'.\nsrc/validation/CustomValidator.tsx(497,52): error TS18046: 'error' is of type 'unknown'.\n\n\nRunning: Example App TypeScript Check\nDescription: Validates example app TypeScript code\n❌ Example App TypeScript Check failed\n\nError output:\nsrc/components/NavigationPlayground.tsx(41,25): error TS2339: Property 'state' does not exist on type 'Model'.\nsrc/components/NavigationPlayground.tsx(57,63): error TS2339: Property 'checkErrorsMode' does not exist on type 'Model'.\nsrc/components/NavigationPlayground.tsx(58,63): error TS2339: Property 'showNavigationButtons' does not exist on type 'Model'.\nsrc/components/NavigationPlayground.tsx(80,27): error TS2339: Property 'state' does not exist on type 'Model'.\nsrc/components/NavigationPlayground.tsx(91,22): error TS2339: Property 'errors' does not exist on type 'Question'.\nsrc/components/NavigationPlayground.tsx(91,41): error TS2339: Property 'errors' does not exist on type 'Question'.\nsrc/components/NavigationPlayground.tsx(92,44): error TS2339: Property 'errors' does not exist on type 'Question'.\nsrc/components/NavigationPlayground.tsx(92,56): error TS7006: Parameter 'e' implicitly has an 'any' type.\nsrc/components/NavigationPlayground.tsx(93,34): error TS2339: Property 'errors' does not exist on type 'Question'.\nsrc/components/NavigationPlayground.tsx(142,12): error TS2339: Property 'onValidatedErrorsOnCurrentPage' does not exist on type 'Model'.\nsrc/components/NavigationPlayground.tsx(151,14): error TS2339: Property 'onValidatedErrorsOnCurrentPage' does not exist on type 'Model'.\nsrc/components/NavigationPlayground.tsx(160,22): error TS2322: Type 'true | \"top\" | \"bottom\" | \"off\"' is not assignable to type 'string | undefined'.\n  Type 'boolean' is not assignable to type 'string'.\nsrc/components/NavigationPlayground.tsx(164,25): error TS2345: Argument of type 'string' is not assignable to parameter of type 'SetStateAction<true | \"top\" | \"bottom\" | \"off\">'.\nsrc/data/validationExamples.ts(1,1): error TS6133: 'SurveyModel' is declared but its value is never read.\nsrc/data/validationExamples.ts(91,13): error TS2322: Type 'number' is not assignable to type '(string | MatrixRow)[]'.\nsrc/data/validationExamples.ts(381,13): error TS2322: Type 'number' is not assignable to type '(string | MatrixRow)[]'.\nsrc/navigation/TabNavigator.tsx(22,9): error TS2353: Object literal may only specify known properties, and 'tabBarTestID' does not exist in type 'BottomTabNavigationOptions | ((props: { route: RouteProp<RootTabParamList, keyof RootTabParamList>; navigation: BottomTabNavigationProp<...> | BottomTabNavigationProp<...>; theme: Theme; }) => BottomTabNavigationOptions)'.\nsrc/navigation/TabNavigator.tsx(34,11): error TS2353: Object literal may only specify known properties, and 'tabBarTestID' does not exist in type 'BottomTabNavigationOptions | ((props: { route: RouteProp<RootTabParamList, \"SurveyDemo\">; navigation: BottomTabNavigationProp<RootTabParamList, \"SurveyDemo\", undefined>; theme: Theme; }) => BottomTabNavigationOptions)'.\nsrc/navigation/TabNavigator.tsx(47,11): error TS2353: Object literal may only specify known properties, and 'tabBarTestID' does not exist in type 'BottomTabNavigationOptions | ((props: { route: RouteProp<RootTabParamList, \"Explore\">; navigation: BottomTabNavigationProp<RootTabParamList, \"Explore\", undefined>; theme: Theme; }) => BottomTabNavigationOptions)'.\nsrc/screens/ComponentDetailsScreen.tsx(8,3): error TS6133: 'Alert' is declared but its value is never read.\nsrc/screens/ComponentDetailsScreen.tsx(15,1): error TS6133: 'ComponentInfo' is declared but its value is never read.\nsrc/screens/ComponentDetailsScreen.tsx(64,18): error TS2339: Property 'loading' does not exist on type 'UseSurveyModelResult'.\nsrc/screens/ComponentDetailsScreen.tsx(96,42): error TS6133: 'index' is declared but its value is never read.\nsrc/screens/ComponentDetailsScreen.tsx(141,33): error TS2322: Type '{ model: Model; testID: string; }' is not assignable to type 'IntrinsicAttributes & SurveyProps'.\n  Property 'testID' does not exist on type 'IntrinsicAttributes & SurveyProps'.\n../src/contexts/ValidationContext.tsx(510,44): error TS2339: Property 'getAllQuestions' does not exist on type 'PageModel'.\n../src/hooks/useNavigationState.tsx(2,43): error TS6133: 'useMemo' is declared but its value is never read.\n../src/hooks/useNavigationState.tsx(163,95): error TS2339: Property 'state' does not exist on type 'Model'.\n../src/hooks/useNavigationState.tsx(164,42): error TS2339: Property 'checkErrorsMode' does not exist on type 'Model'.\n../src/hooks/useNavigationState.tsx(200,26): error TS6133: 'prev' is declared but its value is never read.\n../src/hooks/useNavigationState.tsx(217,47): error TS6133: 'options' is declared but its value is never read.\n../src/hooks/useNavigationState.tsx(233,15): error TS2551: Property 'onCompleting' does not exist on type 'Model'. Did you mean 'onComplete'?\n../src/hooks/useNavigationState.tsx(234,13): error TS2551: Property 'onCompleting' does not exist on type 'Model'. Did you mean 'onComplete'?\n../src/hooks/useNavigationState.tsx(237,15): error TS2339: Property 'onAfterRenderPage' does not exist on type 'Model'.\n../src/hooks/useNavigationState.tsx(238,13): error TS2339: Property 'onAfterRenderPage' does not exist on type 'Model'.\n../src/hooks/useNavigationState.tsx(246,17): error TS2551: Property 'onCompleting' does not exist on type 'Model'. Did you mean 'onComplete'?\n../src/hooks/useNavigationState.tsx(247,15): error TS2551: Property 'onCompleting' does not exist on type 'Model'. Did you mean 'onComplete'?\n../src/hooks/useNavigationState.tsx(250,17): error TS2339: Property 'onAfterRenderPage' does not exist on type 'Model'.\n../src/hooks/useNavigationState.tsx(251,15): error TS2339: Property 'onAfterRenderPage' does not exist on type 'Model'.\n../src/hooks/useNavigationState.tsx(278,24): error TS2339: Property 'checkErrorsMode' does not exist on type 'Model'.\n../src/hooks/useNavigationState.tsx(281,34): error TS2339: Property 'validate' does not exist on type 'PageModel'.\n../src/hooks/useNavigationState.tsx(282,41): error TS2339: Property 'validate' does not exist on type 'PageModel'.\n../src/hooks/useNavigationState.tsx(369,21): error TS2339: Property 'completeLastPage' does not exist on type 'Model'.\n../src/hooks/useNavigationState.tsx(370,29): error TS2339: Property 'completeLastPage' does not exist on type 'Model'.\n../src/hooks/useNavigationState.tsx(371,41): error TS2339: Property 'validate' does not exist on type 'PageModel'.\n../src/hooks/useNavigationState.tsx(372,41): error TS2339: Property 'validate' does not exist on type 'PageModel'.\n../src/hooks/useNavigationState.tsx(381,19): error TS2339: Property 'completeLastPage' does not exist on type 'Model'.\n../src/hooks/useNavigationState.tsx(381,46): error TS2339: Property 'completeLastPage' does not exist on type 'Model'.\n../src/hooks/usePageValidation.tsx(3,43): error TS2305: Module '\"survey-core\"' has no exported member 'SurveyError'.\n../src/hooks/usePageValidation.tsx(264,29): error TS2339: Property 'validate' does not exist on type 'PageModel'.\n../src/hooks/usePageValidation.tsx(265,37): error TS2339: Property 'validate' does not exist on type 'PageModel'.\n../src/hooks/usePageValidation.tsx(267,43): error TS2339: Property 'hasErrors' does not exist on type 'PageModel'.\n../src/hooks/usePageValidation.tsx(278,44): error TS2339: Property 'errors' does not exist on type 'PageModel'.\n../src/hooks/usePageValidation.tsx(441,37): error TS6133: 'sender' is declared but its value is never read.\n../src/hooks/usePageValidation.tsx(447,32): error TS2339: Property 'getQuestionByName' does not exist on type 'Model'.\n../src/hooks/usePageValidation.tsx(474,33): error TS6133: 'sender' is declared but its value is never read.\n../src/hooks/usePageValidation.tsx(487,11): error TS2339: Property 'onValidateQuestion' does not exist on type 'Model'.\n../src/hooks/usePageValidation.tsx(492,13): error TS2339: Property 'onValidateQuestion' does not exist on type 'Model'.\n../src/hooks/useSurveyState.tsx(3,38): error TS2305: Module '\"survey-core\"' has no exported member 'SurveyError'.\n../src/hooks/useSurveyState.tsx(267,37): error TS6133: 'sender' is declared but its value is never read.\n../src/hooks/useSurveyState.tsx(273,32): error TS2339: Property 'getQuestionByName' does not exist on type 'Model'.\n../src/hooks/useSurveyState.tsx(312,15): error TS2339: Property 'onValidateQuestion' does n","stderr":""}],"failureMessages":["Error: Command failed: node /Users/shan/react-native-survey-js-ui/scripts/typecheck-all.js\n    at genericNodeError (node:internal/errors:984:15)\n    at wrappedFn (node:internal/errors:538:14)\n    at checkExecSyncError (node:child_process:891:11)\n    at execSync (node:child_process:963:15)\n    at Object.originalExecSync (/Users/shan/react-native-survey-js-ui/scripts/__tests__/typecheck-all.test.js:210:22)\n    at Promise.then.completed (/Users/shan/react-native-survey-js-ui/node_modules/jest-circus/build/utils.js:298:28)\n    at new Promise (<anonymous>)\n    at callAsyncCircusFn (/Users/shan/react-native-survey-js-ui/node_modules/jest-circus/build/utils.js:231:10)\n    at _callCircusTest (/Users/shan/react-native-survey-js-ui/node_modules/jest-circus/build/run.js:316:40)\n    at processTicksAndRejections (node:internal/process/task_queues:95:5)\n    at _runTest (/Users/shan/react-native-survey-js-ui/node_modules/jest-circus/build/run.js:252:3)\n    at _runTestsForDescribeBlock (/Users/shan/react-native-survey-js-ui/node_modules/jest-circus/build/run.js:126:9)\n    at _runTestsForDescribeBlock (/Users/shan/react-native-survey-js-ui/node_modules/jest-circus/build/run.js:121:9)\n    at _runTestsForDescribeBlock (/Users/shan/react-native-survey-js-ui/node_modules/jest-circus/build/run.js:121:9)\n    at run (/Users/shan/react-native-survey-js-ui/node_modules/jest-circus/build/run.js:71:3)\n    at runAndTransformResultsToJestFormat (/Users/shan/react-native-survey-js-ui/node_modules/jest-circus/build/legacy-code-todo-rewrite/jestAdapterInit.js:122:21)\n    at jestAdapter (/Users/shan/react-native-survey-js-ui/node_modules/jest-circus/build/legacy-code-todo-rewrite/jestAdapter.js:79:19)\n    at runTestInternal (/Users/shan/react-native-survey-js-ui/node_modules/jest-runner/build/runTest.js:367:16)\n    at runTest (/Users/shan/react-native-survey-js-ui/node_modules/jest-runner/build/runTest.js:444:34)\n    at Object.worker (/Users/shan/react-native-survey-js-ui/node_modules/jest-runner/build/testWorker.js:106:12)"],"fullName":"typecheck-all.js Performance Tracking should track and display execution time for each check","invocations":1,"location":null,"numPassingAsserts":0,"retryReasons":[],"status":"failed","title":"should track and display execution time for each check"},{"ancestorTitles":["typecheck-all.js","Command Structure"],"duration":1,"failureDetails":[],"failureMessages":[],"fullName":"typecheck-all.js Command Structure should use correct TypeScript compiler commands","invocations":1,"location":null,"numPassingAsserts":6,"retryReasons":[],"status":"passed","title":"should use correct TypeScript compiler commands"}],"endTime":1749524674950,"message":"  ● typecheck-all.js › Script Execution › script should run multiple TypeScript checks\n\n    Command failed: node /Users/shan/react-native-survey-js-ui/scripts/typecheck-all.js\n\n      42 |       });\n      43 |\n    > 44 |       const output = originalExecSync(`node ${scriptPath}`, { encoding: 'utf8' });\n         |                      ^\n      45 |       \n      46 |       // Verify all expected checks are run\n      47 |       expect(output).toContain('Library TypeScript Check');\n\n      at Object.originalExecSync (scripts/__tests__/typecheck-all.test.js:44:22)\n\n  ● typecheck-all.js › Script Execution › script should exit with 0 when all checks pass\n\n    expect(received).toBe(expected) // Object.is equality\n\n    Expected: 0\n    Received: 1\n\n      65 |         exitCode = error.status || 1;\n      66 |       }\n    > 67 |       expect(exitCode).toBe(0);\n         |                        ^\n      68 |     });\n      69 |\n      70 |     test('script should exit with 1 when any check fails', () => {\n\n      at Object.toBe (scripts/__tests__/typecheck-all.test.js:67:24)\n\n  ● typecheck-all.js › TypeScript Checks › should check library TypeScript with strict settings\n\n    Command failed: node /Users/shan/react-native-survey-js-ui/scripts/typecheck-all.js\n\n      106 |       });\n      107 |\n    > 108 |       const output = originalExecSync(`node ${scriptPath}`, { encoding: 'utf8' });\n          |                      ^\n      109 |       \n      110 |       expect(output).toContain('Library TypeScript Check');\n      111 |       expect(output).toContain('strict TypeScript checking');\n\n      at Object.originalExecSync (scripts/__tests__/typecheck-all.test.js:108:22)\n\n  ● typecheck-all.js › TypeScript Checks › should check example app TypeScript\n\n    Command failed: node /Users/shan/react-native-survey-js-ui/scripts/typecheck-all.js\n\n      120 |       });\n      121 |\n    > 122 |       const output = originalExecSync(`node ${scriptPath}`, { encoding: 'utf8' });\n          |                      ^\n      123 |       \n      124 |       expect(output).toContain('Example App TypeScript Check');\n      125 |     });\n\n      at Object.originalExecSync (scripts/__tests__/typecheck-all.test.js:122:22)\n\n  ● typecheck-all.js › TypeScript Checks › should validate TypeScript declaration files\n\n    Command failed: node /Users/shan/react-native-survey-js-ui/scripts/typecheck-all.js\n\n      133 |       });\n      134 |\n    > 135 |       const output = originalExecSync(`node ${scriptPath}`, { encoding: 'utf8' });\n          |                      ^\n      136 |       \n      137 |       expect(output).toContain('TypeScript Declaration Validation');\n      138 |       expect(output).toContain('declaration files');\n\n      at Object.originalExecSync (scripts/__tests__/typecheck-all.test.js:135:22)\n\n  ● typecheck-all.js › TypeScript Checks › should indicate when build is required for declaration validation\n\n    Command failed: node /Users/shan/react-native-survey-js-ui/scripts/typecheck-all.js\n\n      147 |       });\n      148 |\n    > 149 |       const output = originalExecSync(`node ${scriptPath}`, { encoding: 'utf8' });\n          |                      ^\n      150 |       \n      151 |       expect(output).toMatch(/TypeScript Declaration Validation.*\\n.*requires a built library/s);\n      152 |     });\n\n      at Object.originalExecSync (scripts/__tests__/typecheck-all.test.js:149:22)\n\n  ● typecheck-all.js › Error Reporting › should provide summary of all check results\n\n    Command failed: node /Users/shan/react-native-survey-js-ui/scripts/typecheck-all.js\n\n      189 |       });\n      190 |\n    > 191 |       const output = originalExecSync(`node ${scriptPath}`, { encoding: 'utf8' });\n          |                      ^\n      192 |       \n      193 |       expect(output).toContain('TypeScript Validation Summary');\n      194 |       expect(output).toMatch(/PASS.*Library TypeScript Check/);\n\n      at Object.originalExecSync (scripts/__tests__/typecheck-all.test.js:191:22)\n\n  ● typecheck-all.js › Performance Tracking › should track and display execution time for each check\n\n    Command failed: node /Users/shan/react-native-survey-js-ui/scripts/typecheck-all.js\n\n      208 |       });\n      209 |\n    > 210 |       const output = originalExecSync(`node ${scriptPath}`, { encoding: 'utf8' });\n          |                      ^\n      211 |       \n      212 |       // Should show timing in milliseconds\n      213 |       expect(output).toMatch(/passed \\(\\d+ms\\)/);\n\n      at Object.originalExecSync (scripts/__tests__/typecheck-all.test.js:210:22)\n","name":"/Users/shan/react-native-survey-js-ui/scripts/__tests__/typecheck-all.test.js","startTime":1749524629027,"status":"failed","summary":""}],"wasInterrupted":false}
