<?xml version="1.0" encoding="UTF-8"?>
<coverage generated="1749120635983" clover="3.2.0">
  <project timestamp="1749120635983" name="All files">
    <metrics statements="81" coveredstatements="52" conditionals="40" coveredconditionals="19" methods="36" coveredmethods="24" elements="157" coveredelements="95" complexity="0" loc="81" ncloc="81" packages="4" files="8" classes="8"/>
    <package name="src">
      <metrics statements="2" coveredstatements="0" conditionals="0" coveredconditionals="0" methods="1" coveredmethods="0"/>
      <file name="App.tsx" path="/Users/shan/react-native-survey-js-ui/example/src/App.tsx">
        <metrics statements="2" coveredstatements="0" conditionals="0" coveredconditionals="0" methods="1" coveredmethods="0"/>
        <line num="8" count="0" type="stmt"/>
        <line num="19" count="0" type="stmt"/>
      </file>
    </package>
    <package name="src.data">
      <metrics statements="22" coveredstatements="22" conditionals="6" coveredconditionals="6" methods="10" coveredmethods="10"/>
      <file name="componentCatalog.ts" path="/Users/shan/react-native-survey-js-ui/example/src/data/componentCatalog.ts">
        <metrics statements="14" coveredstatements="14" conditionals="6" coveredconditionals="6" methods="8" coveredmethods="8"/>
        <line num="32" count="2" type="stmt"/>
        <line num="766" count="22" type="stmt"/>
        <line num="768" count="22" type="stmt"/>
        <line num="769" count="132" type="stmt"/>
        <line num="772" count="22" type="stmt"/>
        <line num="773" count="374" type="stmt"/>
        <line num="776" count="22" type="stmt"/>
        <line num="780" count="8" type="cond" truecount="2" falsecount="0"/>
        <line num="781" count="1" type="stmt"/>
        <line num="784" count="7" type="stmt"/>
        <line num="786" count="7" type="stmt"/>
        <line num="787" count="119" type="stmt"/>
        <line num="791" count="424" type="stmt"/>
        <line num="797" count="32" type="stmt"/>
      </file>
      <file name="surveyExamples.ts" path="/Users/shan/react-native-survey-js-ui/example/src/data/surveyExamples.ts">
        <metrics statements="8" coveredstatements="8" conditionals="0" coveredconditionals="0" methods="2" coveredmethods="2"/>
        <line num="11" count="2" type="stmt"/>
        <line num="55" count="2" type="stmt"/>
        <line num="106" count="2" type="stmt"/>
        <line num="174" count="2" type="stmt"/>
        <line num="247" count="2" type="stmt"/>
        <line num="258" count="2" type="stmt"/>
        <line num="266" count="2" type="stmt"/>
        <line num="267" count="27" type="stmt"/>
      </file>
    </package>
    <package name="src.navigation">
      <metrics statements="2" coveredstatements="0" conditionals="0" coveredconditionals="0" methods="1" coveredmethods="0"/>
      <file name="TabNavigator.tsx" path="/Users/shan/react-native-survey-js-ui/example/src/navigation/TabNavigator.tsx">
        <metrics statements="2" coveredstatements="0" conditionals="0" coveredconditionals="0" methods="1" coveredmethods="0"/>
        <line num="10" count="0" type="stmt"/>
        <line num="13" count="0" type="stmt"/>
      </file>
      <file name="index.ts" path="/Users/shan/react-native-survey-js-ui/example/src/navigation/index.ts">
        <metrics statements="0" coveredstatements="0" conditionals="0" coveredconditionals="0" methods="0" coveredmethods="0"/>
      </file>
    </package>
    <package name="src.screens">
      <metrics statements="55" coveredstatements="30" conditionals="34" coveredconditionals="13" methods="24" coveredmethods="14"/>
      <file name="ExploreScreen.tsx" path="/Users/shan/react-native-survey-js-ui/example/src/screens/ExploreScreen.tsx">
        <metrics statements="29" coveredstatements="29" conditionals="14" coveredconditionals="13" methods="14" coveredmethods="14"/>
        <line num="20" count="1" type="stmt"/>
        <line num="27" count="30" type="stmt"/>
        <line num="28" count="30" type="stmt"/>
        <line num="33" count="30" type="stmt"/>
        <line num="34" count="30" type="cond" truecount="2" falsecount="0"/>
        <line num="38" count="30" type="cond" truecount="2" falsecount="0"/>
        <line num="39" count="5" type="stmt"/>
        <line num="40" count="69" type="stmt"/>
        <line num="44" count="30" type="stmt"/>
        <line num="48" count="30" type="stmt"/>
        <line num="49" count="20" type="stmt"/>
        <line num="50" count="20" type="stmt"/>
        <line num="52" count="20" type="stmt"/>
        <line num="53" count="120" type="stmt"/>
        <line num="56" count="20" type="stmt"/>
        <line num="59" count="30" type="stmt"/>
        <line num="60" count="1" type="stmt"/>
        <line num="65" count="30" type="stmt"/>
        <line num="66" count="241" type="stmt"/>
        <line num="68" count="1" type="stmt"/>
        <line num="83" count="964" type="stmt"/>
        <line num="95" count="30" type="stmt"/>
        <line num="99" count="210" type="stmt"/>
        <line num="105" count="5" type="stmt"/>
        <line num="122" count="30" type="stmt"/>
        <line num="149" count="1" type="stmt"/>
        <line num="166" count="180" type="stmt"/>
        <line num="180" count="336" type="stmt"/>
        <line num="191" count="1" type="stmt"/>
      </file>
      <file name="SurveyDemoScreen.tsx" path="/Users/shan/react-native-survey-js-ui/example/src/screens/SurveyDemoScreen.tsx">
        <metrics statements="26" coveredstatements="1" conditionals="20" coveredconditionals="0" methods="10" coveredmethods="0"/>
        <line num="14" count="0" type="stmt"/>
        <line num="17" count="0" type="stmt"/>
        <line num="18" count="0" type="stmt"/>
        <line num="19" count="0" type="stmt"/>
        <line num="20" count="0" type="stmt"/>
        <line num="22" count="0" type="stmt"/>
        <line num="24" count="0" type="stmt"/>
        <line num="25" count="0" type="stmt"/>
        <line num="26" count="0" type="stmt"/>
        <line num="29" count="0" type="stmt"/>
        <line num="30" count="0" type="stmt"/>
        <line num="31" count="0" type="stmt"/>
        <line num="32" count="0" type="stmt"/>
        <line num="33" count="0" type="stmt"/>
        <line num="36" count="0" type="stmt"/>
        <line num="37" count="0" type="stmt"/>
        <line num="38" count="0" type="stmt"/>
        <line num="40" count="0" type="stmt"/>
        <line num="43" count="0" type="stmt"/>
        <line num="57" count="0" type="stmt"/>
        <line num="96" count="0" type="stmt"/>
        <line num="169" count="0" type="stmt"/>
        <line num="176" count="0" type="stmt"/>
        <line num="183" count="0" type="stmt"/>
        <line num="195" count="0" type="stmt"/>
        <line num="206" count="1" type="stmt"/>
      </file>
      <file name="index.ts" path="/Users/shan/react-native-survey-js-ui/example/src/screens/index.ts">
        <metrics statements="0" coveredstatements="0" conditionals="0" coveredconditionals="0" methods="0" coveredmethods="0"/>
      </file>
    </package>
  </project>
</coverage>
