<?xml version="1.0" encoding="UTF-8"?>
<coverage generated="1749309623845" clover="3.2.0">
  <project timestamp="1749309623845" name="All files">
    <metrics statements="101" coveredstatements="25" conditionals="56" coveredconditionals="7" methods="42" coveredmethods="10" elements="199" coveredelements="42" complexity="0" loc="101" ncloc="101" packages="4" files="9" classes="9"/>
    <package name="src">
      <metrics statements="2" coveredstatements="0" conditionals="0" coveredconditionals="0" methods="1" coveredmethods="0"/>
      <file name="App.tsx" path="/Users/shan/react-native-survey-js-ui/example/src/App.tsx">
        <metrics statements="2" coveredstatements="0" conditionals="0" coveredconditionals="0" methods="1" coveredmethods="0"/>
        <line num="8" count="0" type="stmt"/>
        <line num="19" count="0" type="stmt"/>
      </file>
    </package>
    <package name="src.data">
      <metrics statements="24" coveredstatements="24" conditionals="8" coveredconditionals="7" methods="10" coveredmethods="10"/>
      <file name="componentCatalog.ts" path="/Users/shan/react-native-survey-js-ui/example/src/data/componentCatalog.ts">
        <metrics statements="16" coveredstatements="16" conditionals="8" coveredconditionals="7" methods="8" coveredmethods="8"/>
        <line num="32" count="2" type="stmt"/>
        <line num="799" count="2" type="stmt"/>
        <line num="801" count="2" type="stmt"/>
        <line num="802" count="12" type="stmt"/>
        <line num="805" count="2" type="stmt"/>
        <line num="806" count="34" type="stmt"/>
        <line num="807" count="34" type="cond" truecount="1" falsecount="1"/>
        <line num="808" count="34" type="stmt"/>
        <line num="812" count="2" type="stmt"/>
        <line num="816" count="4" type="cond" truecount="2" falsecount="0"/>
        <line num="817" count="1" type="stmt"/>
        <line num="820" count="3" type="stmt"/>
        <line num="822" count="3" type="stmt"/>
        <line num="823" count="51" type="stmt"/>
        <line num="827" count="180" type="stmt"/>
        <line num="833" count="32" type="stmt"/>
      </file>
      <file name="surveyExamples.ts" path="/Users/shan/react-native-survey-js-ui/example/src/data/surveyExamples.ts">
        <metrics statements="8" coveredstatements="8" conditionals="0" coveredconditionals="0" methods="2" coveredmethods="2"/>
        <line num="11" count="2" type="stmt"/>
        <line num="56" count="2" type="stmt"/>
        <line num="107" count="2" type="stmt"/>
        <line num="176" count="2" type="stmt"/>
        <line num="249" count="2" type="stmt"/>
        <line num="260" count="2" type="stmt"/>
        <line num="268" count="2" type="stmt"/>
        <line num="269" count="37" type="stmt"/>
      </file>
    </package>
    <package name="src.navigation">
      <metrics statements="2" coveredstatements="0" conditionals="0" coveredconditionals="0" methods="1" coveredmethods="0"/>
      <file name="TabNavigator.tsx" path="/Users/shan/react-native-survey-js-ui/example/src/navigation/TabNavigator.tsx">
        <metrics statements="2" coveredstatements="0" conditionals="0" coveredconditionals="0" methods="1" coveredmethods="0"/>
        <line num="10" count="0" type="stmt"/>
        <line num="13" count="0" type="stmt"/>
      </file>
      <file name="index.ts" path="/Users/shan/react-native-survey-js-ui/example/src/navigation/index.ts">
        <metrics statements="0" coveredstatements="0" conditionals="0" coveredconditionals="0" methods="0" coveredmethods="0"/>
      </file>
    </package>
    <package name="src.screens">
      <metrics statements="73" coveredstatements="1" conditionals="48" coveredconditionals="0" methods="30" coveredmethods="0"/>
      <file name="ExploreScreen.tsx" path="/Users/shan/react-native-survey-js-ui/example/src/screens/ExploreScreen.tsx">
        <metrics statements="27" coveredstatements="1" conditionals="14" coveredconditionals="0" methods="14" coveredmethods="0"/>
        <line num="24" count="0" type="stmt"/>
        <line num="25" count="0" type="stmt"/>
        <line num="30" count="0" type="stmt"/>
        <line num="31" count="0" type="cond" truecount="0" falsecount="2"/>
        <line num="35" count="0" type="cond" truecount="0" falsecount="2"/>
        <line num="36" count="0" type="stmt"/>
        <line num="39" count="0" type="stmt"/>
        <line num="43" count="0" type="stmt"/>
        <line num="44" count="0" type="stmt"/>
        <line num="45" count="0" type="stmt"/>
        <line num="47" count="0" type="stmt"/>
        <line num="48" count="0" type="stmt"/>
        <line num="51" count="0" type="stmt"/>
        <line num="54" count="0" type="stmt"/>
        <line num="55" count="0" type="stmt"/>
        <line num="60" count="0" type="stmt"/>
        <line num="61" count="0" type="stmt"/>
        <line num="63" count="0" type="stmt"/>
        <line num="81" count="0" type="stmt"/>
        <line num="89" count="0" type="stmt"/>
        <line num="93" count="0" type="stmt"/>
        <line num="99" count="0" type="stmt"/>
        <line num="116" count="0" type="stmt"/>
        <line num="143" count="0" type="stmt"/>
        <line num="160" count="0" type="stmt"/>
        <line num="174" count="0" type="stmt"/>
        <line num="185" count="1" type="stmt"/>
      </file>
      <file name="SurveyDemoScreen.tsx" path="/Users/shan/react-native-survey-js-ui/example/src/screens/SurveyDemoScreen.tsx">
        <metrics statements="40" coveredstatements="0" conditionals="26" coveredconditionals="0" methods="15" coveredmethods="0"/>
        <line num="15" count="0" type="stmt"/>
        <line num="18" count="0" type="stmt"/>
        <line num="19" count="0" type="stmt"/>
        <line num="20" count="0" type="stmt"/>
        <line num="21" count="0" type="stmt"/>
        <line num="22" count="0" type="stmt"/>
        <line num="24" count="0" type="stmt"/>
        <line num="26" count="0" type="stmt"/>
        <line num="27" count="0" type="stmt"/>
        <line num="28" count="0" type="stmt"/>
        <line num="29" count="0" type="stmt"/>
        <line num="32" count="0" type="stmt"/>
        <line num="33" count="0" type="stmt"/>
        <line num="38" count="0" type="stmt"/>
        <line num="41" count="0" type="stmt"/>
        <line num="42" count="0" type="stmt"/>
        <line num="48" count="0" type="stmt"/>
        <line num="51" count="0" type="stmt"/>
        <line num="52" count="0" type="stmt"/>
        <line num="53" count="0" type="stmt"/>
        <line num="54" count="0" type="stmt"/>
        <line num="57" count="0" type="stmt"/>
        <line num="58" count="0" type="stmt"/>
        <line num="59" count="0" type="stmt"/>
        <line num="60" count="0" type="stmt"/>
        <line num="61" count="0" type="stmt"/>
        <line num="64" count="0" type="stmt"/>
        <line num="65" count="0" type="stmt"/>
        <line num="66" count="0" type="stmt"/>
        <line num="67" count="0" type="stmt"/>
        <line num="69" count="0" type="stmt"/>
        <line num="72" count="0" type="stmt"/>
        <line num="86" count="0" type="stmt"/>
        <line num="125" count="0" type="stmt"/>
        <line num="168" count="0" type="stmt"/>
        <line num="217" count="0" type="stmt"/>
        <line num="224" count="0" type="stmt"/>
        <line num="231" count="0" type="stmt"/>
        <line num="243" count="0" type="stmt"/>
        <line num="254" count="0" type="stmt"/>
      </file>
      <file name="TestFixedHooks.tsx" path="/Users/shan/react-native-survey-js-ui/example/src/screens/TestFixedHooks.tsx">
        <metrics statements="6" coveredstatements="0" conditionals="8" coveredconditionals="0" methods="1" coveredmethods="0"/>
        <line num="6" count="0" type="stmt"/>
        <line num="16" count="0" type="stmt"/>
        <line num="18" count="0" type="stmt"/>
        <line num="19" count="0" type="stmt"/>
        <line num="21" count="0" type="stmt"/>
        <line num="31" count="0" type="stmt"/>
      </file>
      <file name="index.ts" path="/Users/shan/react-native-survey-js-ui/example/src/screens/index.ts">
        <metrics statements="0" coveredstatements="0" conditionals="0" coveredconditionals="0" methods="0" coveredmethods="0"/>
      </file>
    </package>
  </project>
</coverage>
