{"/Users/shan/react-native-survey-js-ui/example/src/App.tsx": {"path":"/Users/shan/react-native-survey-js-ui/example/src/App.tsx","statementMap":{"0":{"start":{"line":8,"column":2},"end":{"line":16,"column":4}},"1":{"start":{"line":19,"column":15},"end":{"line":23,"column":2}}},"fnMap":{"0":{"name":"App","decl":{"start":{"line":7,"column":24},"end":{"line":7,"column":27}},"loc":{"start":{"line":7,"column":30},"end":{"line":17,"column":1}},"line":7}},"branchMap":{},"s":{"0":11,"1":1},"f":{"0":11},"b":{},"_coverageSchema":"1a1c01bbd47fc00a2c39e90264f33305004495a9","hash":"b0d0102a9b9e2406da2080b8c2d8d399e6d419c7"}
,"/Users/shan/react-native-survey-js-ui/example/src/components/PanelHeaderDemo.tsx": {"path":"/Users/shan/react-native-survey-js-ui/example/src/components/PanelHeaderDemo.tsx","statementMap":{"0":{"start":{"line":6,"column":41},"end":{"line":154,"column":1}},"1":{"start":{"line":8,"column":21},"end":{"line":63,"column":3}},"2":{"start":{"line":65,"column":17},"end":{"line":65,"column":38}},"3":{"start":{"line":67,"column":2},"end":{"line":153,"column":4}},"4":{"start":{"line":99,"column":10},"end":{"line":105,"column":17}},"5":{"start":{"line":156,"column":15},"end":{"line":188,"column":2}}},"fnMap":{"0":{"name":"(anonymous_0)","decl":{"start":{"line":6,"column":41},"end":{"line":6,"column":42}},"loc":{"start":{"line":6,"column":47},"end":{"line":154,"column":1}},"line":6},"1":{"name":"(anonymous_1)","decl":{"start":{"line":98,"column":36},"end":{"line":98,"column":37}},"loc":{"start":{"line":99,"column":10},"end":{"line":105,"column":17}},"line":99}},"branchMap":{},"s":{"0":0,"1":0,"2":0,"3":0,"4":0,"5":0},"f":{"0":0,"1":0},"b":{}}
,"/Users/shan/react-native-survey-js-ui/example/src/data/componentCatalog.ts": {"path":"/Users/shan/react-native-survey-js-ui/example/src/data/componentCatalog.ts","statementMap":{"0":{"start":{"line":33,"column":49},"end":{"line":853,"column":1}},"1":{"start":{"line":860,"column":55},"end":{"line":860,"column":57}},"2":{"start":{"line":862,"column":2},"end":{"line":864,"column":5}},"3":{"start":{"line":863,"column":4},"end":{"line":863,"column":31}},"4":{"start":{"line":866,"column":2},"end":{"line":871,"column":5}},"5":{"start":{"line":867,"column":21},"end":{"line":867,"column":52}},"6":{"start":{"line":868,"column":4},"end":{"line":870,"column":5}},"7":{"start":{"line":869,"column":6},"end":{"line":869,"column":31}},"8":{"start":{"line":873,"column":2},"end":{"line":873,"column":66}},"9":{"start":{"line":877,"column":2},"end":{"line":879,"column":3}},"10":{"start":{"line":878,"column":4},"end":{"line":878,"column":28}},"11":{"start":{"line":881,"column":21},"end":{"line":881,"column":40}},"12":{"start":{"line":883,"column":2},"end":{"line":890,"column":5}},"13":{"start":{"line":884,"column":4},"end":{"line":889,"column":6}},"14":{"start":{"line":888,"column":35},"end":{"line":888,"column":73}},"15":{"start":{"line":894,"column":2},"end":{"line":894,"column":71}},"16":{"start":{"line":894,"column":46},"end":{"line":894,"column":69}}},"fnMap":{"0":{"name":"getCategorizedComponents","decl":{"start":{"line":856,"column":16},"end":{"line":856,"column":40}},"loc":{"start":{"line":859,"column":2},"end":{"line":874,"column":1}},"line":859},"1":{"name":"(anonymous_1)","decl":{"start":{"line":862,"column":42},"end":{"line":862,"column":43}},"loc":{"start":{"line":862,"column":56},"end":{"line":864,"column":3}},"line":862},"2":{"name":"(anonymous_2)","decl":{"start":{"line":866,"column":27},"end":{"line":866,"column":28}},"loc":{"start":{"line":866,"column":42},"end":{"line":871,"column":3}},"line":866},"3":{"name":"searchComponents","decl":{"start":{"line":876,"column":16},"end":{"line":876,"column":32}},"loc":{"start":{"line":876,"column":65},"end":{"line":891,"column":1}},"line":876},"4":{"name":"(anonymous_4)","decl":{"start":{"line":883,"column":33},"end":{"line":883,"column":34}},"loc":{"start":{"line":883,"column":48},"end":{"line":890,"column":3}},"line":883},"5":{"name":"(anonymous_5)","decl":{"start":{"line":888,"column":26},"end":{"line":888,"column":27}},"loc":{"start":{"line":888,"column":35},"end":{"line":888,"column":73}},"line":888},"6":{"name":"getComponentByType","decl":{"start":{"line":893,"column":16},"end":{"line":893,"column":34}},"loc":{"start":{"line":893,"column":76},"end":{"line":895,"column":1}},"line":893},"7":{"name":"(anonymous_7)","decl":{"start":{"line":894,"column":31},"end":{"line":894,"column":32}},"loc":{"start":{"line":894,"column":46},"end":{"line":894,"column":69}},"line":894}},"branchMap":{"0":{"loc":{"start":{"line":868,"column":4},"end":{"line":870,"column":5}},"type":"if","locations":[{"start":{"line":868,"column":4},"end":{"line":870,"column":5}},{"start":{},"end":{}}],"line":868},"1":{"loc":{"start":{"line":877,"column":2},"end":{"line":879,"column":3}},"type":"if","locations":[{"start":{"line":877,"column":2},"end":{"line":879,"column":3}},{"start":{},"end":{}}],"line":877},"2":{"loc":{"start":{"line":885,"column":6},"end":{"line":888,"column":74}},"type":"binary-expr","locations":[{"start":{"line":885,"column":6},"end":{"line":885,"column":55}},{"start":{"line":886,"column":6},"end":{"line":886,"column":55}},{"start":{"line":887,"column":6},"end":{"line":887,"column":62}},{"start":{"line":888,"column":6},"end":{"line":888,"column":74}}],"line":885}},"s":{"0":4,"1":22,"2":22,"3":154,"4":22,"5":396,"6":396,"7":396,"8":22,"9":8,"10":1,"11":7,"12":7,"13":126,"14":459,"15":5,"16":33},"f":{"0":22,"1":154,"2":396,"3":8,"4":126,"5":459,"6":5,"7":33},"b":{"0":[396,0],"1":[1,7],"2":[126,118,118,113]},"_coverageSchema":"1a1c01bbd47fc00a2c39e90264f33305004495a9","hash":"6be9ada344dbb26ebec96c4109b39c94ec0c9b07"}
,"/Users/shan/react-native-survey-js-ui/example/src/data/surveyExamples.ts": {"path":"/Users/shan/react-native-survey-js-ui/example/src/data/surveyExamples.ts","statementMap":{"0":{"start":{"line":11,"column":46},"end":{"line":53,"column":1}},"1":{"start":{"line":56,"column":51},"end":{"line":104,"column":1}},"2":{"start":{"line":107,"column":47},"end":{"line":173,"column":1}},"3":{"start":{"line":176,"column":47},"end":{"line":246,"column":1}},"4":{"start":{"line":249,"column":50},"end":{"line":257,"column":1}},"5":{"start":{"line":260,"column":50},"end":{"line":399,"column":1}},"6":{"start":{"line":402,"column":47},"end":{"line":409,"column":1}},"7":{"start":{"line":411,"column":36},"end":{"line":413,"column":1}},"8":{"start":{"line":412,"column":2},"end":{"line":412,"column":61}},"9":{"start":{"line":412,"column":42},"end":{"line":412,"column":59}}},"fnMap":{"0":{"name":"(anonymous_0)","decl":{"start":{"line":411,"column":36},"end":{"line":411,"column":37}},"loc":{"start":{"line":411,"column":79},"end":{"line":413,"column":1}},"line":411},"1":{"name":"(anonymous_1)","decl":{"start":{"line":412,"column":29},"end":{"line":412,"column":30}},"loc":{"start":{"line":412,"column":42},"end":{"line":412,"column":59}},"line":412}},"branchMap":{},"s":{"0":4,"1":4,"2":4,"3":4,"4":4,"5":4,"6":4,"7":4,"8":15,"9":50},"f":{"0":15,"1":50},"b":{},"_coverageSchema":"1a1c01bbd47fc00a2c39e90264f33305004495a9","hash":"35c4c0e5644599fcf980ec1407015b8b78642e59"}
,"/Users/shan/react-native-survey-js-ui/example/src/navigation/TabNavigator.tsx": {"path":"/Users/shan/react-native-survey-js-ui/example/src/navigation/TabNavigator.tsx","statementMap":{"0":{"start":{"line":11,"column":12},"end":{"line":11,"column":56}},"1":{"start":{"line":14,"column":2},"end":{"line":46,"column":4}},"2":{"start":{"line":30,"column":12},"end":{"line":30,"column":75}},"3":{"start":{"line":41,"column":12},"end":{"line":41,"column":70}}},"fnMap":{"0":{"name":"TabNavigator","decl":{"start":{"line":13,"column":24},"end":{"line":13,"column":36}},"loc":{"start":{"line":13,"column":39},"end":{"line":47,"column":1}},"line":13},"1":{"name":"(anonymous_1)","decl":{"start":{"line":29,"column":22},"end":{"line":29,"column":23}},"loc":{"start":{"line":30,"column":12},"end":{"line":30,"column":75}},"line":30},"2":{"name":"(anonymous_2)","decl":{"start":{"line":40,"column":22},"end":{"line":40,"column":23}},"loc":{"start":{"line":41,"column":12},"end":{"line":41,"column":70}},"line":41}},"branchMap":{},"s":{"0":2,"1":11,"2":0,"3":0},"f":{"0":11,"1":0,"2":0},"b":{},"_coverageSchema":"1a1c01bbd47fc00a2c39e90264f33305004495a9","hash":"e2091b690793242a9f740a4644fff2238c55a1e4"}
,"/Users/shan/react-native-survey-js-ui/example/src/screens/ExploreScreen.tsx": {"path":"/Users/shan/react-native-survey-js-ui/example/src/screens/ExploreScreen.tsx","statementMap":{"0":{"start":{"line":25,"column":40},"end":{"line":25,"column":52}},"1":{"start":{"line":26,"column":50},"end":{"line":28,"column":10}},"2":{"start":{"line":31,"column":29},"end":{"line":41,"column":37}},"3":{"start":{"line":32,"column":21},"end":{"line":34,"column":24}},"4":{"start":{"line":36,"column":4},"end":{"line":38,"column":5}},"5":{"start":{"line":37,"column":6},"end":{"line":37,"column":77}},"6":{"start":{"line":37,"column":44},"end":{"line":37,"column":75}},"7":{"start":{"line":40,"column":4},"end":{"line":40,"column":22}},"8":{"start":{"line":44,"column":25},"end":{"line":53,"column":8}},"9":{"start":{"line":45,"column":43},"end":{"line":45,"column":75}},"10":{"start":{"line":46,"column":24},"end":{"line":46,"column":50}},"11":{"start":{"line":48,"column":4},"end":{"line":50,"column":7}},"12":{"start":{"line":49,"column":6},"end":{"line":49,"column":43}},"13":{"start":{"line":52,"column":4},"end":{"line":52,"column":18}},"14":{"start":{"line":55,"column":31},"end":{"line":59,"column":3}},"15":{"start":{"line":56,"column":4},"end":{"line":58,"column":7}},"16":{"start":{"line":61,"column":26},"end":{"line":88,"column":3}},"17":{"start":{"line":62,"column":4},"end":{"line":87,"column":23}},"18":{"start":{"line":64,"column":21},"end":{"line":64,"column":47}},"19":{"start":{"line":82,"column":10},"end":{"line":84,"column":17}},"20":{"start":{"line":90,"column":28},"end":{"line":115,"column":3}},"21":{"start":{"line":94,"column":4},"end":{"line":114,"column":23}},"22":{"start":{"line":100,"column":21},"end":{"line":100,"column":50}},"23":{"start":{"line":117,"column":2},"end":{"line":183,"column":4}},"24":{"start":{"line":144,"column":31},"end":{"line":144,"column":49}},"25":{"start":{"line":161,"column":14},"end":{"line":161,"column":51}},"26":{"start":{"line":175,"column":36},"end":{"line":175,"column":45}},"27":{"start":{"line":186,"column":15},"end":{"line":358,"column":2}}},"fnMap":{"0":{"name":"ExploreScreen","decl":{"start":{"line":24,"column":24},"end":{"line":24,"column":37}},"loc":{"start":{"line":24,"column":61},"end":{"line":184,"column":1}},"line":24},"1":{"name":"(anonymous_1)","decl":{"start":{"line":31,"column":37},"end":{"line":31,"column":38}},"loc":{"start":{"line":31,"column":43},"end":{"line":41,"column":3}},"line":31},"2":{"name":"(anonymous_2)","decl":{"start":{"line":37,"column":37},"end":{"line":37,"column":38}},"loc":{"start":{"line":37,"column":44},"end":{"line":37,"column":75}},"line":37},"3":{"name":"(anonymous_3)","decl":{"start":{"line":44,"column":33},"end":{"line":44,"column":34}},"loc":{"start":{"line":44,"column":39},"end":{"line":53,"column":3}},"line":44},"4":{"name":"(anonymous_4)","decl":{"start":{"line":48,"column":40},"end":{"line":48,"column":41}},"loc":{"start":{"line":48,"column":68},"end":{"line":50,"column":5}},"line":48},"5":{"name":"(anonymous_5)","decl":{"start":{"line":55,"column":31},"end":{"line":55,"column":32}},"loc":{"start":{"line":55,"column":61},"end":{"line":59,"column":3}},"line":55},"6":{"name":"(anonymous_6)","decl":{"start":{"line":61,"column":26},"end":{"line":61,"column":27}},"loc":{"start":{"line":62,"column":4},"end":{"line":87,"column":23}},"line":62},"7":{"name":"(anonymous_7)","decl":{"start":{"line":64,"column":15},"end":{"line":64,"column":16}},"loc":{"start":{"line":64,"column":21},"end":{"line":64,"column":47}},"line":64},"8":{"name":"(anonymous_8)","decl":{"start":{"line":81,"column":23},"end":{"line":81,"column":24}},"loc":{"start":{"line":82,"column":10},"end":{"line":84,"column":17}},"line":82},"9":{"name":"(anonymous_9)","decl":{"start":{"line":90,"column":28},"end":{"line":90,"column":29}},"loc":{"start":{"line":94,"column":4},"end":{"line":114,"column":23}},"line":94},"10":{"name":"(anonymous_10)","decl":{"start":{"line":100,"column":15},"end":{"line":100,"column":16}},"loc":{"start":{"line":100,"column":21},"end":{"line":100,"column":50}},"line":100},"11":{"name":"(anonymous_11)","decl":{"start":{"line":144,"column":25},"end":{"line":144,"column":26}},"loc":{"start":{"line":144,"column":31},"end":{"line":144,"column":49}},"line":144},"12":{"name":"(anonymous_12)","decl":{"start":{"line":160,"column":49},"end":{"line":160,"column":50}},"loc":{"start":{"line":161,"column":14},"end":{"line":161,"column":51}},"line":161},"13":{"name":"(anonymous_13)","decl":{"start":{"line":175,"column":26},"end":{"line":175,"column":27}},"loc":{"start":{"line":175,"column":36},"end":{"line":175,"column":45}},"line":175}},"branchMap":{"0":{"loc":{"start":{"line":32,"column":21},"end":{"line":34,"column":24}},"type":"cond-expr","locations":[{"start":{"line":33,"column":8},"end":{"line":33,"column":37}},{"start":{"line":34,"column":8},"end":{"line":34,"column":24}}],"line":32},"1":{"loc":{"start":{"line":36,"column":4},"end":{"line":38,"column":5}},"type":"if","locations":[{"start":{"line":36,"column":4},"end":{"line":38,"column":5}},{"start":{},"end":{}}],"line":36},"2":{"loc":{"start":{"line":98,"column":8},"end":{"line":98,"column":65}},"type":"binary-expr","locations":[{"start":{"line":98,"column":8},"end":{"line":98,"column":37}},{"start":{"line":98,"column":41},"end":{"line":98,"column":65}}],"line":98},"3":{"loc":{"start":{"line":106,"column":10},"end":{"line":106,"column":71}},"type":"binary-expr","locations":[{"start":{"line":106,"column":10},"end":{"line":106,"column":39}},{"start":{"line":106,"column":43},"end":{"line":106,"column":71}}],"line":106},"4":{"loc":{"start":{"line":112,"column":40},"end":{"line":112,"column":69}},"type":"binary-expr","locations":[{"start":{"line":112,"column":40},"end":{"line":112,"column":64}},{"start":{"line":112,"column":68},"end":{"line":112,"column":69}}],"line":112},"5":{"loc":{"start":{"line":141,"column":13},"end":{"line":149,"column":13}},"type":"binary-expr","locations":[{"start":{"line":141,"column":13},"end":{"line":141,"column":35}},{"start":{"line":142,"column":14},"end":{"line":148,"column":33}}],"line":141},"6":{"loc":{"start":{"line":167,"column":9},"end":{"line":180,"column":9}},"type":"cond-expr","locations":[{"start":{"line":168,"column":10},"end":{"line":170,"column":17}},{"start":{"line":172,"column":10},"end":{"line":179,"column":12}}],"line":167}},"s":{"0":30,"1":30,"2":30,"3":30,"4":30,"5":5,"6":73,"7":30,"8":30,"9":20,"10":20,"11":20,"12":140,"13":20,"14":30,"15":1,"16":30,"17":417,"18":1,"19":1690,"20":30,"21":240,"22":5,"23":30,"24":1,"25":210,"26":417,"27":3},"f":{"0":30,"1":30,"2":73,"3":20,"4":140,"5":1,"6":417,"7":1,"8":1690,"9":240,"10":5,"11":1,"12":210,"13":417},"b":{"0":[4,26],"1":[5,25],"2":[240,30],"3":[240,30],"4":[240,0],"5":[30,4],"6":[1,29]},"_coverageSchema":"1a1c01bbd47fc00a2c39e90264f33305004495a9","hash":"6313440a18c9ae9598f4be6882180b1e91110c31"}
,"/Users/shan/react-native-survey-js-ui/example/src/screens/SurveyDemoScreen.tsx": {"path":"/Users/shan/react-native-survey-js-ui/example/src/screens/SurveyDemoScreen.tsx","statementMap":{"0":{"start":{"line":15,"column":48},"end":{"line":17,"column":3}},"1":{"start":{"line":18,"column":56},"end":{"line":18,"column":71}},"2":{"start":{"line":19,"column":44},"end":{"line":19,"column":63}},"3":{"start":{"line":20,"column":40},"end":{"line":20,"column":55}},"4":{"start":{"line":21,"column":34},"end":{"line":21,"column":49}},"5":{"start":{"line":22,"column":36},"end":{"line":22,"column":58}},"6":{"start":{"line":24,"column":18},"end":{"line":24,"column":60}},"7":{"start":{"line":26,"column":31},"end":{"line":30,"column":3}},"8":{"start":{"line":27,"column":4},"end":{"line":27,"column":29}},"9":{"start":{"line":28,"column":4},"end":{"line":28,"column":25}},"10":{"start":{"line":29,"column":4},"end":{"line":29,"column":44}},"11":{"start":{"line":32,"column":29},"end":{"line":39,"column":3}},"12":{"start":{"line":33,"column":4},"end":{"line":37,"column":7}},"13":{"start":{"line":38,"column":4},"end":{"line":38,"column":48}},"14":{"start":{"line":41,"column":35},"end":{"line":49,"column":3}},"15":{"start":{"line":42,"column":4},"end":{"line":47,"column":7}},"16":{"start":{"line":48,"column":4},"end":{"line":48,"column":47}},"17":{"start":{"line":51,"column":22},"end":{"line":55,"column":3}},"18":{"start":{"line":52,"column":22},"end":{"line":52,"column":53}},"19":{"start":{"line":53,"column":21},"end":{"line":53,"column":75}},"20":{"start":{"line":54,"column":4},"end":{"line":54,"column":61}},"21":{"start":{"line":54,"column":27},"end":{"line":54,"column":59}},"22":{"start":{"line":57,"column":30},"end":{"line":62,"column":3}},"23":{"start":{"line":58,"column":4},"end":{"line":58,"column":32}},"24":{"start":{"line":59,"column":4},"end":{"line":59,"column":34}},"25":{"start":{"line":60,"column":4},"end":{"line":60,"column":27}},"26":{"start":{"line":61,"column":4},"end":{"line":61,"column":26}},"27":{"start":{"line":64,"column":22},"end":{"line":70,"column":3}},"28":{"start":{"line":65,"column":4},"end":{"line":65,"column":27}},"29":{"start":{"line":66,"column":4},"end":{"line":66,"column":26}},"30":{"start":{"line":67,"column":4},"end":{"line":67,"column":21}},"31":{"start":{"line":69,"column":4},"end":{"line":69,"column":47}},"32":{"start":{"line":72,"column":2},"end":{"line":253,"column":4}},"33":{"start":{"line":87,"column":27},"end":{"line":87,"column":55}},"34":{"start":{"line":126,"column":27},"end":{"line":126,"column":49}},"35":{"start":{"line":169,"column":16},"end":{"line":171,"column":23}},"36":{"start":{"line":218,"column":32},"end":{"line":218,"column":61}},"37":{"start":{"line":225,"column":18},"end":{"line":239,"column":37}},"38":{"start":{"line":232,"column":35},"end":{"line":232,"column":63}},"39":{"start":{"line":244,"column":31},"end":{"line":244,"column":60}},"40":{"start":{"line":256,"column":15},"end":{"line":522,"column":2}}},"fnMap":{"0":{"name":"SurveyDemoScreen","decl":{"start":{"line":14,"column":24},"end":{"line":14,"column":40}},"loc":{"start":{"line":14,"column":43},"end":{"line":254,"column":1}},"line":14},"1":{"name":"(anonymous_1)","decl":{"start":{"line":26,"column":31},"end":{"line":26,"column":32}},"loc":{"start":{"line":26,"column":48},"end":{"line":30,"column":3}},"line":26},"2":{"name":"(anonymous_2)","decl":{"start":{"line":32,"column":29},"end":{"line":32,"column":30}},"loc":{"start":{"line":32,"column":45},"end":{"line":39,"column":3}},"line":32},"3":{"name":"(anonymous_3)","decl":{"start":{"line":41,"column":35},"end":{"line":41,"column":36}},"loc":{"start":{"line":41,"column":51},"end":{"line":49,"column":3}},"line":41},"4":{"name":"(anonymous_4)","decl":{"start":{"line":51,"column":22},"end":{"line":51,"column":23}},"loc":{"start":{"line":51,"column":56},"end":{"line":55,"column":3}},"line":51},"5":{"name":"(anonymous_5)","decl":{"start":{"line":54,"column":17},"end":{"line":54,"column":18}},"loc":{"start":{"line":54,"column":27},"end":{"line":54,"column":59}},"line":54},"6":{"name":"(anonymous_6)","decl":{"start":{"line":57,"column":30},"end":{"line":57,"column":31}},"loc":{"start":{"line":57,"column":58},"end":{"line":62,"column":3}},"line":57},"7":{"name":"(anonymous_7)","decl":{"start":{"line":64,"column":22},"end":{"line":64,"column":23}},"loc":{"start":{"line":64,"column":28},"end":{"line":70,"column":3}},"line":64},"8":{"name":"(anonymous_8)","decl":{"start":{"line":87,"column":21},"end":{"line":87,"column":22}},"loc":{"start":{"line":87,"column":27},"end":{"line":87,"column":55}},"line":87},"9":{"name":"(anonymous_9)","decl":{"start":{"line":126,"column":21},"end":{"line":126,"column":22}},"loc":{"start":{"line":126,"column":27},"end":{"line":126,"column":49}},"line":126},"10":{"name":"(anonymous_10)","decl":{"start":{"line":168,"column":29},"end":{"line":168,"column":30}},"loc":{"start":{"line":169,"column":16},"end":{"line":171,"column":23}},"line":169},"11":{"name":"(anonymous_11)","decl":{"start":{"line":218,"column":26},"end":{"line":218,"column":27}},"loc":{"start":{"line":218,"column":32},"end":{"line":218,"column":61}},"line":218},"12":{"name":"(anonymous_12)","decl":{"start":{"line":224,"column":36},"end":{"line":224,"column":37}},"loc":{"start":{"line":225,"column":18},"end":{"line":239,"column":37}},"line":225},"13":{"name":"(anonymous_13)","decl":{"start":{"line":232,"column":29},"end":{"line":232,"column":30}},"loc":{"start":{"line":232,"column":35},"end":{"line":232,"column":63}},"line":232},"14":{"name":"(anonymous_14)","decl":{"start":{"line":244,"column":25},"end":{"line":244,"column":26}},"loc":{"start":{"line":244,"column":31},"end":{"line":244,"column":60}},"line":244}},"branchMap":{"0":{"loc":{"start":{"line":43,"column":12},"end":{"line":43,"column":51}},"type":"binary-expr","locations":[{"start":{"line":43,"column":12},"end":{"line":43,"column":38}},{"start":{"line":43,"column":42},"end":{"line":43,"column":51}}],"line":43},"1":{"loc":{"start":{"line":44,"column":10},"end":{"line":44,"column":49}},"type":"binary-expr","locations":[{"start":{"line":44,"column":10},"end":{"line":44,"column":36}},{"start":{"line":44,"column":40},"end":{"line":44,"column":49}}],"line":44},"2":{"loc":{"start":{"line":104,"column":31},"end":{"line":104,"column":62}},"type":"cond-expr","locations":[{"start":{"line":104,"column":41},"end":{"line":104,"column":50}},{"start":{"line":104,"column":53},"end":{"line":104,"column":62}}],"line":104},"3":{"loc":{"start":{"line":110,"column":23},"end":{"line":110,"column":54}},"type":"cond-expr","locations":[{"start":{"line":110,"column":33},"end":{"line":110,"column":42}},{"start":{"line":110,"column":45},"end":{"line":110,"column":54}}],"line":110},"4":{"loc":{"start":{"line":113,"column":33},"end":{"line":113,"column":59}},"type":"cond-expr","locations":[{"start":{"line":113,"column":43},"end":{"line":113,"column":50}},{"start":{"line":113,"column":53},"end":{"line":113,"column":59}}],"line":113},"5":{"loc":{"start":{"line":115,"column":11},"end":{"line":119,"column":11}},"type":"binary-expr","locations":[{"start":{"line":115,"column":11},"end":{"line":115,"column":19}},{"start":{"line":116,"column":12},"end":{"line":118,"column":19}}],"line":115},"6":{"loc":{"start":{"line":130,"column":15},"end":{"line":130,"column":41}},"type":"cond-expr","locations":[{"start":{"line":130,"column":26},"end":{"line":130,"column":32}},{"start":{"line":130,"column":35},"end":{"line":130,"column":41}}],"line":130},"7":{"loc":{"start":{"line":133,"column":11},"end":{"line":141,"column":11}},"type":"binary-expr","locations":[{"start":{"line":133,"column":11},"end":{"line":133,"column":22}},{"start":{"line":134,"column":12},"end":{"line":140,"column":31}}],"line":133},"8":{"loc":{"start":{"line":145,"column":9},"end":{"line":158,"column":9}},"type":"binary-expr","locations":[{"start":{"line":145,"column":9},"end":{"line":145,"column":17}},{"start":{"line":146,"column":10},"end":{"line":157,"column":17}}],"line":145},"9":{"loc":{"start":{"line":161,"column":9},"end":{"line":175,"column":9}},"type":"binary-expr","locations":[{"start":{"line":161,"column":9},"end":{"line":161,"column":29}},{"start":{"line":162,"column":10},"end":{"line":174,"column":17}}],"line":161},"10":{"loc":{"start":{"line":178,"column":9},"end":{"line":211,"column":9}},"type":"cond-expr","locations":[{"start":{"line":179,"column":10},"end":{"line":190,"column":17}},{"start":{"line":192,"column":10},"end":{"line":210,"column":17}}],"line":178},"11":{"loc":{"start":{"line":193,"column":13},"end":{"line":209,"column":13}},"type":"cond-expr","locations":[{"start":{"line":194,"column":14},"end":{"line":200,"column":16}},{"start":{"line":202,"column":14},"end":{"line":208,"column":21}}],"line":193},"12":{"loc":{"start":{"line":229,"column":22},"end":{"line":230,"column":50}},"type":"binary-expr","locations":[{"start":{"line":229,"column":22},"end":{"line":229,"column":55}},{"start":{"line":230,"column":24},"end":{"line":230,"column":50}}],"line":229}},"s":{"0":14,"1":14,"2":14,"3":14,"4":14,"5":14,"6":14,"7":14,"8":4,"9":4,"10":4,"11":14,"12":1,"13":1,"14":14,"15":0,"16":0,"17":14,"18":5,"19":5,"20":5,"21":5,"22":14,"23":0,"24":0,"25":0,"26":0,"27":14,"28":0,"29":0,"30":0,"31":0,"32":14,"33":2,"34":0,"35":5,"36":0,"37":84,"38":0,"39":0,"40":2},"f":{"0":14,"1":4,"2":1,"3":0,"4":5,"5":5,"6":0,"7":0,"8":2,"9":0,"10":5,"11":0,"12":84,"13":0,"14":0},"b":{"0":[0,0],"1":[0,0],"2":[14,0],"3":[14,0],"4":[14,0],"5":[14,0],"6":[0,14],"7":[14,4],"8":[14,0],"9":[14,5],"10":[4,10],"11":[10,0],"12":[84,14]},"_coverageSchema":"1a1c01bbd47fc00a2c39e90264f33305004495a9","hash":"f70b4168d0233444996305e2a7520e705a255c2b"}
,"/Users/shan/react-native-survey-js-ui/example/src/screens/TestFixedHooks.tsx": {"path":"/Users/shan/react-native-survey-js-ui/example/src/screens/TestFixedHooks.tsx","statementMap":{"0":{"start":{"line":9,"column":20},"end":{"line":21,"column":3}},"1":{"start":{"line":23,"column":2},"end":{"line":45,"column":3}},"2":{"start":{"line":25,"column":40},"end":{"line":25,"column":70}},"3":{"start":{"line":26,"column":24},"end":{"line":26,"column":50}},"4":{"start":{"line":28,"column":4},"end":{"line":36,"column":6}},"5":{"start":{"line":38,"column":4},"end":{"line":44,"column":6}}},"fnMap":{"0":{"name":"TestFixedHooks","decl":{"start":{"line":8,"column":24},"end":{"line":8,"column":38}},"loc":{"start":{"line":8,"column":41},"end":{"line":46,"column":1}},"line":8}},"branchMap":{"0":{"loc":{"start":{"line":31,"column":30},"end":{"line":31,"column":54}},"type":"cond-expr","locations":[{"start":{"line":31,"column":42},"end":{"line":31,"column":47}},{"start":{"line":31,"column":50},"end":{"line":31,"column":54}}],"line":31},"1":{"loc":{"start":{"line":32,"column":30},"end":{"line":32,"column":50}},"type":"cond-expr","locations":[{"start":{"line":32,"column":38},"end":{"line":32,"column":43}},{"start":{"line":32,"column":46},"end":{"line":32,"column":50}}],"line":32},"2":{"loc":{"start":{"line":33,"column":30},"end":{"line":33,"column":56}},"type":"cond-expr","locations":[{"start":{"line":33,"column":44},"end":{"line":33,"column":49}},{"start":{"line":33,"column":52},"end":{"line":33,"column":56}}],"line":33},"3":{"loc":{"start":{"line":34,"column":22},"end":{"line":34,"column":52}},"type":"cond-expr","locations":[{"start":{"line":34,"column":30},"end":{"line":34,"column":43}},{"start":{"line":34,"column":46},"end":{"line":34,"column":52}}],"line":34}},"s":{"0":0,"1":0,"2":0,"3":0,"4":0,"5":0},"f":{"0":0},"b":{"0":[0,0],"1":[0,0],"2":[0,0],"3":[0,0]}}
}
