{"/Users/shan/react-native-survey-js-ui/example/src/App.tsx": {"path":"/Users/shan/react-native-survey-js-ui/example/src/App.tsx","statementMap":{"0":{"start":{"line":8,"column":2},"end":{"line":16,"column":4}},"1":{"start":{"line":19,"column":15},"end":{"line":23,"column":2}}},"fnMap":{"0":{"name":"App","decl":{"start":{"line":7,"column":24},"end":{"line":7,"column":27}},"loc":{"start":{"line":7,"column":30},"end":{"line":17,"column":1}},"line":7}},"branchMap":{},"s":{"0":2,"1":1},"f":{"0":2},"b":{},"_coverageSchema":"1a1c01bbd47fc00a2c39e90264f33305004495a9","hash":"b0d0102a9b9e2406da2080b8c2d8d399e6d419c7"}
,"/Users/shan/react-native-survey-js-ui/example/src/navigation/TabNavigator.tsx": {"path":"/Users/shan/react-native-survey-js-ui/example/src/navigation/TabNavigator.tsx","statementMap":{"0":{"start":{"line":10,"column":12},"end":{"line":10,"column":56}},"1":{"start":{"line":13,"column":2},"end":{"line":39,"column":4}}},"fnMap":{"0":{"name":"TabNavigator","decl":{"start":{"line":12,"column":24},"end":{"line":12,"column":36}},"loc":{"start":{"line":12,"column":39},"end":{"line":40,"column":1}},"line":12}},"branchMap":{},"s":{"0":2,"1":3},"f":{"0":3},"b":{},"_coverageSchema":"1a1c01bbd47fc00a2c39e90264f33305004495a9","hash":"fdda0e353577bece7b1659d4318576b88b654e27"}
,"/Users/shan/react-native-survey-js-ui/example/src/screens/ExploreScreen.tsx": {"path":"/Users/shan/react-native-survey-js-ui/example/src/screens/ExploreScreen.tsx","statementMap":{"0":{"start":{"line":5,"column":24},"end":{"line":5,"column":31}},"1":{"start":{"line":8,"column":2},"end":{"line":54,"column":4}},"2":{"start":{"line":57,"column":15},"end":{"line":131,"column":2}}},"fnMap":{"0":{"name":"ExploreScreen","decl":{"start":{"line":7,"column":24},"end":{"line":7,"column":37}},"loc":{"start":{"line":7,"column":40},"end":{"line":55,"column":1}},"line":7}},"branchMap":{},"s":{"0":3,"1":4,"2":3},"f":{"0":4},"b":{},"_coverageSchema":"1a1c01bbd47fc00a2c39e90264f33305004495a9","hash":"6b4209ca62f7b057eca99f232762e3b88fb0d124"}
,"/Users/shan/react-native-survey-js-ui/example/src/screens/SurveyDemoScreen.tsx": {"path":"/Users/shan/react-native-survey-js-ui/example/src/screens/SurveyDemoScreen.tsx","statementMap":{"0":{"start":{"line":7,"column":37},"end":{"line":25,"column":1}},"1":{"start":{"line":28,"column":18},"end":{"line":28,"column":54}},"2":{"start":{"line":30,"column":2},"end":{"line":49,"column":4}},"3":{"start":{"line":52,"column":15},"end":{"line":99,"column":2}}},"fnMap":{"0":{"name":"SurveyDemoScreen","decl":{"start":{"line":27,"column":24},"end":{"line":27,"column":40}},"loc":{"start":{"line":27,"column":43},"end":{"line":50,"column":1}},"line":27}},"branchMap":{"0":{"loc":{"start":{"line":41,"column":31},"end":{"line":41,"column":53}},"type":"cond-expr","locations":[{"start":{"line":41,"column":41},"end":{"line":41,"column":46}},{"start":{"line":41,"column":49},"end":{"line":41,"column":53}}],"line":41}},"s":{"0":3,"1":6,"2":6,"3":3},"f":{"0":6},"b":{"0":[5,1]},"_coverageSchema":"1a1c01bbd47fc00a2c39e90264f33305004495a9","hash":"22dfb20e1ab13a708a228e5a600998cd8e93c337"}
}
