TN:
SF:src/App.tsx
FN:7,App
FNF:1
FNH:1
FNDA:11,App
DA:8,11
DA:19,1
LF:2
LH:2
BRF:0
BRH:0
end_of_record
TN:
SF:src/components/PanelHeaderDemo.tsx
FN:6,(anonymous_0)
FN:98,(anonymous_1)
FNF:2
FNH:0
FNDA:0,(anonymous_0)
FNDA:0,(anonymous_1)
DA:6,0
DA:8,0
DA:65,0
DA:67,0
DA:99,0
DA:156,0
LF:6
LH:0
BRF:0
BRH:0
end_of_record
TN:
SF:src/data/componentCatalog.ts
FN:856,getCategorizedComponents
FN:862,(anonymous_1)
FN:866,(anonymous_2)
FN:876,searchComponents
FN:883,(anonymous_4)
FN:888,(anonymous_5)
FN:893,getComponentByType
FN:894,(anonymous_7)
FNF:8
FNH:8
FNDA:22,getCategorizedComponents
FNDA:154,(anonymous_1)
FNDA:396,(anonymous_2)
FNDA:8,searchComponents
FNDA:126,(anonymous_4)
FNDA:459,(anonymous_5)
FNDA:5,getComponentByType
FNDA:33,(anonymous_7)
DA:33,4
DA:860,22
DA:862,22
DA:863,154
DA:866,22
DA:867,396
DA:868,396
DA:869,396
DA:873,22
DA:877,8
DA:878,1
DA:881,7
DA:883,7
DA:884,126
DA:888,459
DA:894,33
LF:16
LH:16
BRDA:868,0,0,396
BRDA:868,0,1,0
BRDA:877,1,0,1
BRDA:877,1,1,7
BRDA:885,2,0,126
BRDA:885,2,1,118
BRDA:885,2,2,118
BRDA:885,2,3,113
BRF:8
BRH:7
end_of_record
TN:
SF:src/data/surveyExamples.ts
FN:411,(anonymous_0)
FN:412,(anonymous_1)
FNF:2
FNH:2
FNDA:15,(anonymous_0)
FNDA:50,(anonymous_1)
DA:11,4
DA:56,4
DA:107,4
DA:176,4
DA:249,4
DA:260,4
DA:402,4
DA:411,4
DA:412,50
LF:9
LH:9
BRF:0
BRH:0
end_of_record
TN:
SF:src/navigation/TabNavigator.tsx
FN:13,TabNavigator
FN:29,(anonymous_1)
FN:40,(anonymous_2)
FNF:3
FNH:1
FNDA:11,TabNavigator
FNDA:0,(anonymous_1)
FNDA:0,(anonymous_2)
DA:11,2
DA:14,11
DA:30,0
DA:41,0
LF:4
LH:2
BRF:0
BRH:0
end_of_record
TN:
SF:src/screens/ExploreScreen.tsx
FN:24,ExploreScreen
FN:31,(anonymous_1)
FN:37,(anonymous_2)
FN:44,(anonymous_3)
FN:48,(anonymous_4)
FN:55,(anonymous_5)
FN:61,(anonymous_6)
FN:64,(anonymous_7)
FN:81,(anonymous_8)
FN:90,(anonymous_9)
FN:100,(anonymous_10)
FN:144,(anonymous_11)
FN:160,(anonymous_12)
FN:175,(anonymous_13)
FNF:14
FNH:14
FNDA:30,ExploreScreen
FNDA:30,(anonymous_1)
FNDA:73,(anonymous_2)
FNDA:20,(anonymous_3)
FNDA:140,(anonymous_4)
FNDA:1,(anonymous_5)
FNDA:417,(anonymous_6)
FNDA:1,(anonymous_7)
FNDA:1690,(anonymous_8)
FNDA:240,(anonymous_9)
FNDA:5,(anonymous_10)
FNDA:1,(anonymous_11)
FNDA:210,(anonymous_12)
FNDA:417,(anonymous_13)
DA:25,30
DA:26,30
DA:31,30
DA:32,30
DA:36,30
DA:37,73
DA:40,30
DA:44,30
DA:45,20
DA:46,20
DA:48,20
DA:49,140
DA:52,20
DA:55,30
DA:56,1
DA:61,30
DA:62,417
DA:64,1
DA:82,1690
DA:90,30
DA:94,240
DA:100,5
DA:117,30
DA:144,1
DA:161,210
DA:175,417
DA:186,3
LF:27
LH:27
BRDA:32,0,0,4
BRDA:32,0,1,26
BRDA:36,1,0,5
BRDA:36,1,1,25
BRDA:98,2,0,240
BRDA:98,2,1,30
BRDA:106,3,0,240
BRDA:106,3,1,30
BRDA:112,4,0,240
BRDA:112,4,1,0
BRDA:141,5,0,30
BRDA:141,5,1,4
BRDA:167,6,0,1
BRDA:167,6,1,29
BRF:14
BRH:13
end_of_record
TN:
SF:src/screens/SurveyDemoScreen.tsx
FN:14,SurveyDemoScreen
FN:26,(anonymous_1)
FN:32,(anonymous_2)
FN:41,(anonymous_3)
FN:51,(anonymous_4)
FN:54,(anonymous_5)
FN:57,(anonymous_6)
FN:64,(anonymous_7)
FN:87,(anonymous_8)
FN:126,(anonymous_9)
FN:168,(anonymous_10)
FN:218,(anonymous_11)
FN:224,(anonymous_12)
FN:232,(anonymous_13)
FN:244,(anonymous_14)
FNF:15
FNH:8
FNDA:14,SurveyDemoScreen
FNDA:4,(anonymous_1)
FNDA:1,(anonymous_2)
FNDA:0,(anonymous_3)
FNDA:5,(anonymous_4)
FNDA:5,(anonymous_5)
FNDA:0,(anonymous_6)
FNDA:0,(anonymous_7)
FNDA:2,(anonymous_8)
FNDA:0,(anonymous_9)
FNDA:5,(anonymous_10)
FNDA:0,(anonymous_11)
FNDA:84,(anonymous_12)
FNDA:0,(anonymous_13)
FNDA:0,(anonymous_14)
DA:15,14
DA:18,14
DA:19,14
DA:20,14
DA:21,14
DA:22,14
DA:24,14
DA:26,14
DA:27,4
DA:28,4
DA:29,4
DA:32,14
DA:33,1
DA:38,1
DA:41,14
DA:42,0
DA:48,0
DA:51,14
DA:52,5
DA:53,5
DA:54,5
DA:57,14
DA:58,0
DA:59,0
DA:60,0
DA:61,0
DA:64,14
DA:65,0
DA:66,0
DA:67,0
DA:69,0
DA:72,14
DA:87,2
DA:126,0
DA:169,5
DA:218,0
DA:225,84
DA:232,0
DA:244,0
DA:256,2
LF:40
LH:26
BRDA:43,0,0,0
BRDA:43,0,1,0
BRDA:44,1,0,0
BRDA:44,1,1,0
BRDA:104,2,0,14
BRDA:104,2,1,0
BRDA:110,3,0,14
BRDA:110,3,1,0
BRDA:113,4,0,14
BRDA:113,4,1,0
BRDA:115,5,0,14
BRDA:115,5,1,0
BRDA:130,6,0,0
BRDA:130,6,1,14
BRDA:133,7,0,14
BRDA:133,7,1,4
BRDA:145,8,0,14
BRDA:145,8,1,0
BRDA:161,9,0,14
BRDA:161,9,1,5
BRDA:178,10,0,4
BRDA:178,10,1,10
BRDA:193,11,0,10
BRDA:193,11,1,0
BRDA:229,12,0,84
BRDA:229,12,1,14
BRF:26
BRH:15
end_of_record
TN:
SF:src/screens/TestFixedHooks.tsx
FN:8,TestFixedHooks
FNF:1
FNH:0
FNDA:0,TestFixedHooks
DA:9,0
DA:23,0
DA:25,0
DA:26,0
DA:28,0
DA:38,0
LF:6
LH:0
BRDA:31,0,0,0
BRDA:31,0,1,0
BRDA:32,1,0,0
BRDA:32,1,1,0
BRDA:33,2,0,0
BRDA:33,2,1,0
BRDA:34,3,0,0
BRDA:34,3,1,0
BRF:8
BRH:0
end_of_record
