TN:
SF:src/App.tsx
FN:7,App
FNF:1
FNH:1
FNDA:2,App
DA:8,2
DA:19,1
LF:2
LH:2
BRF:0
BRH:0
end_of_record
TN:
SF:src/navigation/TabNavigator.tsx
FN:12,TabNavigator
FNF:1
FNH:1
FNDA:3,TabNavigator
DA:10,2
DA:13,3
LF:2
LH:2
BRF:0
BRH:0
end_of_record
TN:
SF:src/screens/ExploreScreen.tsx
FN:7,ExploreScreen
FNF:1
FNH:1
FNDA:4,ExploreScreen
DA:5,3
DA:8,4
DA:57,3
LF:3
LH:3
BRF:0
BRH:0
end_of_record
TN:
SF:src/screens/SurveyDemoScreen.tsx
FN:27,SurveyDemoScreen
FNF:1
FNH:1
FNDA:6,SurveyDemoScreen
DA:7,3
DA:28,6
DA:30,6
DA:52,3
LF:4
LH:4
BRDA:41,0,0,5
BRDA:41,0,1,1
BRF:2
BRH:2
end_of_record
