<?xml version="1.0" encoding="UTF-8"?>
<coverage generated="1749133293158" clover="3.2.0">
  <project timestamp="1749133293158" name="All files">
    <metrics statements="84" coveredstatements="82" conditionals="49" coveredconditionals="43" methods="27" coveredmethods="27" elements="160" coveredelements="152" complexity="0" loc="84" ncloc="84" packages="2" files="3" classes="3"/>
    <package name="hooks">
      <metrics statements="56" coveredstatements="56" conditionals="37" coveredconditionals="31" methods="18" coveredmethods="18"/>
      <file name="useSurveyModel.tsx" path="/Users/shan/react-native-survey-js-ui/src/hooks/useSurveyModel.tsx">
        <metrics statements="32" coveredstatements="32" conditionals="19" coveredconditionals="16" methods="6" coveredmethods="6"/>
        <line num="41" count="22" type="stmt"/>
        <line num="42" count="22" type="stmt"/>
        <line num="43" count="22" type="stmt"/>
        <line num="44" count="22" type="cond" truecount="2" falsecount="0"/>
        <line num="45" count="22" type="stmt"/>
        <line num="47" count="22" type="stmt"/>
        <line num="48" count="11" type="stmt"/>
        <line num="49" count="11" type="stmt"/>
        <line num="51" count="11" type="stmt"/>
        <line num="52" count="11" type="cond" truecount="4" falsecount="0"/>
        <line num="53" count="1" type="stmt"/>
        <line num="56" count="10" type="stmt"/>
        <line num="57" count="9" type="stmt"/>
        <line num="58" count="9" type="stmt"/>
        <line num="60" count="2" type="stmt"/>
        <line num="61" count="2" type="stmt"/>
        <line num="62" count="2" type="stmt"/>
        <line num="66" count="22" type="stmt"/>
        <line num="67" count="1" type="cond" truecount="1" falsecount="1"/>
        <line num="68" count="1" type="stmt"/>
        <line num="70" count="1" type="stmt"/>
        <line num="73" count="22" type="stmt"/>
        <line num="75" count="10" type="cond" truecount="3" falsecount="1"/>
        <line num="76" count="10" type="cond" truecount="4" falsecount="0"/>
        <line num="77" count="1" type="stmt"/>
        <line num="79" count="10" type="stmt"/>
        <line num="80" count="10" type="stmt"/>
        <line num="84" count="10" type="stmt"/>
        <line num="85" count="10" type="cond" truecount="1" falsecount="1"/>
        <line num="86" count="10" type="stmt"/>
        <line num="91" count="22" type="stmt"/>
        <line num="103" count="20" type="stmt"/>
      </file>
      <file name="useSurveyState.tsx" path="/Users/shan/react-native-survey-js-ui/src/hooks/useSurveyState.tsx">
        <metrics statements="24" coveredstatements="24" conditionals="18" coveredconditionals="15" methods="12" coveredmethods="12"/>
        <line num="30" count="26" type="stmt"/>
        <line num="37" count="26" type="stmt"/>
        <line num="38" count="11" type="cond" truecount="2" falsecount="0"/>
        <line num="39" count="1" type="stmt"/>
        <line num="45" count="1" type="stmt"/>
        <line num="49" count="10" type="stmt"/>
        <line num="57" count="10" type="stmt"/>
        <line num="58" count="2" type="stmt"/>
        <line num="65" count="10" type="stmt"/>
        <line num="66" count="1" type="stmt"/>
        <line num="72" count="10" type="stmt"/>
        <line num="73" count="1" type="stmt"/>
        <line num="80" count="10" type="stmt"/>
        <line num="81" count="10" type="stmt"/>
        <line num="82" count="10" type="stmt"/>
        <line num="85" count="10" type="stmt"/>
        <line num="86" count="10" type="stmt"/>
        <line num="87" count="10" type="stmt"/>
        <line num="88" count="10" type="stmt"/>
        <line num="92" count="26" type="stmt"/>
        <line num="99" count="21" type="cond" truecount="2" falsecount="0"/>
        <line num="100" count="1" type="stmt"/>
        <line num="103" count="20" type="stmt"/>
        <line num="104" count="40" type="stmt"/>
      </file>
    </package>
    <package name="utils">
      <metrics statements="28" coveredstatements="26" conditionals="12" coveredconditionals="12" methods="9" coveredmethods="9"/>
      <file name="surveyCore.ts" path="/Users/shan/react-native-survey-js-ui/src/utils/surveyCore.ts">
        <metrics statements="28" coveredstatements="26" conditionals="12" coveredconditionals="12" methods="9" coveredmethods="9"/>
        <line num="8" count="3" type="stmt"/>
        <line num="11" count="3" type="stmt"/>
        <line num="15" count="0" type="stmt"/>
        <line num="16" count="0" type="stmt"/>
        <line num="29" count="15" type="cond" truecount="4" falsecount="0"/>
        <line num="30" count="3" type="stmt"/>
        <line num="33" count="12" type="stmt"/>
        <line num="34" count="12" type="stmt"/>
        <line num="36" count="1" type="stmt"/>
        <line num="45" count="13" type="cond" truecount="2" falsecount="0"/>
        <line num="46" count="2" type="stmt"/>
        <line num="49" count="11" type="cond" truecount="2" falsecount="0"/>
        <line num="50" count="10" type="stmt"/>
        <line num="59" count="1" type="stmt"/>
        <line num="69" count="9" type="cond" truecount="2" falsecount="0"/>
        <line num="70" count="4" type="stmt"/>
        <line num="73" count="9" type="stmt"/>
        <line num="74" count="9" type="stmt"/>
        <line num="75" count="9" type="stmt"/>
        <line num="84" count="6" type="stmt"/>
        <line num="92" count="6" type="stmt"/>
        <line num="93" count="6" type="cond" truecount="2" falsecount="0"/>
        <line num="94" count="5" type="stmt"/>
        <line num="95" count="5" type="stmt"/>
        <line num="103" count="3" type="stmt"/>
        <line num="104" count="4" type="stmt"/>
        <line num="106" count="3" type="stmt"/>
        <line num="114" count="2" type="stmt"/>
      </file>
    </package>
  </project>
</coverage>
