{"total": {"lines":{"total":4613,"covered":366,"skipped":0,"pct":7.93},"statements":{"total":4613,"covered":366,"skipped":0,"pct":7.93},"functions":{"total":30,"covered":4,"skipped":0,"pct":13.33},"branches":{"total":86,"covered":44,"skipped":0,"pct":51.16},"branchesTrue":{"total":0,"covered":0,"skipped":0,"pct":100}}
,"/Users/shan/react-native-survey-js-ui/src/components/PageNavigation/PageNavigation.tsx": {"lines":{"total":238,"covered":0,"skipped":0,"pct":0},"functions":{"total":1,"covered":0,"skipped":0,"pct":0},"statements":{"total":238,"covered":0,"skipped":0,"pct":0},"branches":{"total":1,"covered":0,"skipped":0,"pct":0}}
,"/Users/shan/react-native-survey-js-ui/src/components/Panel/Panel.tsx": {"lines":{"total":255,"covered":0,"skipped":0,"pct":0},"functions":{"total":1,"covered":0,"skipped":0,"pct":0},"statements":{"total":255,"covered":0,"skipped":0,"pct":0},"branches":{"total":1,"covered":0,"skipped":0,"pct":0}}
,"/Users/shan/react-native-survey-js-ui/src/components/Panel/PanelHeader.tsx": {"lines":{"total":202,"covered":0,"skipped":0,"pct":0},"functions":{"total":1,"covered":0,"skipped":0,"pct":0},"statements":{"total":202,"covered":0,"skipped":0,"pct":0},"branches":{"total":1,"covered":0,"skipped":0,"pct":0}}
,"/Users/shan/react-native-survey-js-ui/src/components/Panel/PanelNestingContext.tsx": {"lines":{"total":81,"covered":0,"skipped":0,"pct":0},"functions":{"total":1,"covered":0,"skipped":0,"pct":0},"statements":{"total":81,"covered":0,"skipped":0,"pct":0},"branches":{"total":1,"covered":0,"skipped":0,"pct":0}}
,"/Users/shan/react-native-survey-js-ui/src/components/Panel/PanelStateContext.tsx": {"lines":{"total":91,"covered":0,"skipped":0,"pct":0},"functions":{"total":1,"covered":0,"skipped":0,"pct":0},"statements":{"total":91,"covered":0,"skipped":0,"pct":0},"branches":{"total":1,"covered":0,"skipped":0,"pct":0}}
,"/Users/shan/react-native-survey-js-ui/src/components/Panel/panelStyles.ts": {"lines":{"total":249,"covered":0,"skipped":0,"pct":0},"functions":{"total":1,"covered":0,"skipped":0,"pct":0},"statements":{"total":249,"covered":0,"skipped":0,"pct":0},"branches":{"total":1,"covered":0,"skipped":0,"pct":0}}
,"/Users/shan/react-native-survey-js-ui/src/components/ProgressIndicator/ProgressIndicator.tsx": {"lines":{"total":177,"covered":0,"skipped":0,"pct":0},"functions":{"total":1,"covered":0,"skipped":0,"pct":0},"statements":{"total":177,"covered":0,"skipped":0,"pct":0},"branches":{"total":1,"covered":0,"skipped":0,"pct":0}}
,"/Users/shan/react-native-survey-js-ui/src/components/Questions/BaseQuestion/BaseQuestion.tsx": {"lines":{"total":110,"covered":0,"skipped":0,"pct":0},"functions":{"total":1,"covered":0,"skipped":0,"pct":0},"statements":{"total":110,"covered":0,"skipped":0,"pct":0},"branches":{"total":1,"covered":0,"skipped":0,"pct":0}}
,"/Users/shan/react-native-survey-js-ui/src/components/Questions/QuestionFactory/QuestionFactory.tsx": {"lines":{"total":68,"covered":0,"skipped":0,"pct":0},"functions":{"total":1,"covered":0,"skipped":0,"pct":0},"statements":{"total":68,"covered":0,"skipped":0,"pct":0},"branches":{"total":1,"covered":0,"skipped":0,"pct":0}}
,"/Users/shan/react-native-survey-js-ui/src/components/Questions/TextQuestion/TextQuestion.tsx": {"lines":{"total":82,"covered":0,"skipped":0,"pct":0},"functions":{"total":1,"covered":0,"skipped":0,"pct":0},"statements":{"total":82,"covered":0,"skipped":0,"pct":0},"branches":{"total":1,"covered":0,"skipped":0,"pct":0}}
,"/Users/shan/react-native-survey-js-ui/src/components/Survey/SimpleSurvey.tsx": {"lines":{"total":53,"covered":0,"skipped":0,"pct":0},"functions":{"total":1,"covered":0,"skipped":0,"pct":0},"statements":{"total":53,"covered":0,"skipped":0,"pct":0},"branches":{"total":1,"covered":0,"skipped":0,"pct":0}}
,"/Users/shan/react-native-survey-js-ui/src/components/Survey/Survey.tsx": {"lines":{"total":228,"covered":0,"skipped":0,"pct":0},"functions":{"total":1,"covered":0,"skipped":0,"pct":0},"statements":{"total":228,"covered":0,"skipped":0,"pct":0},"branches":{"total":1,"covered":0,"skipped":0,"pct":0}}
,"/Users/shan/react-native-survey-js-ui/src/components/Survey/SurveyPage.tsx": {"lines":{"total":83,"covered":0,"skipped":0,"pct":0},"functions":{"total":1,"covered":0,"skipped":0,"pct":0},"statements":{"total":83,"covered":0,"skipped":0,"pct":0},"branches":{"total":1,"covered":0,"skipped":0,"pct":0}}
,"/Users/shan/react-native-survey-js-ui/src/contexts/ValidationContext.tsx": {"lines":{"total":458,"covered":366,"skipped":0,"pct":79.91},"functions":{"total":6,"covered":4,"skipped":0,"pct":66.66},"statements":{"total":458,"covered":366,"skipped":0,"pct":79.91},"branches":{"total":62,"covered":44,"skipped":0,"pct":70.96}}
,"/Users/shan/react-native-survey-js-ui/src/hooks/usePageNavigation.tsx": {"lines":{"total":247,"covered":0,"skipped":0,"pct":0},"functions":{"total":1,"covered":0,"skipped":0,"pct":0},"statements":{"total":247,"covered":0,"skipped":0,"pct":0},"branches":{"total":1,"covered":0,"skipped":0,"pct":0}}
,"/Users/shan/react-native-survey-js-ui/src/hooks/usePageValidation.tsx": {"lines":{"total":357,"covered":0,"skipped":0,"pct":0},"functions":{"total":1,"covered":0,"skipped":0,"pct":0},"statements":{"total":357,"covered":0,"skipped":0,"pct":0},"branches":{"total":1,"covered":0,"skipped":0,"pct":0}}
,"/Users/shan/react-native-survey-js-ui/src/hooks/usePanelState.tsx": {"lines":{"total":300,"covered":0,"skipped":0,"pct":0},"functions":{"total":1,"covered":0,"skipped":0,"pct":0},"statements":{"total":300,"covered":0,"skipped":0,"pct":0},"branches":{"total":1,"covered":0,"skipped":0,"pct":0}}
,"/Users/shan/react-native-survey-js-ui/src/hooks/useSurveyModel.tsx": {"lines":{"total":106,"covered":0,"skipped":0,"pct":0},"functions":{"total":1,"covered":0,"skipped":0,"pct":0},"statements":{"total":106,"covered":0,"skipped":0,"pct":0},"branches":{"total":1,"covered":0,"skipped":0,"pct":0}}
,"/Users/shan/react-native-survey-js-ui/src/hooks/useSurveyModelFixed.tsx": {"lines":{"total":117,"covered":0,"skipped":0,"pct":0},"functions":{"total":1,"covered":0,"skipped":0,"pct":0},"statements":{"total":117,"covered":0,"skipped":0,"pct":0},"branches":{"total":1,"covered":0,"skipped":0,"pct":0}}
,"/Users/shan/react-native-survey-js-ui/src/hooks/useSurveyState.tsx": {"lines":{"total":145,"covered":0,"skipped":0,"pct":0},"functions":{"total":1,"covered":0,"skipped":0,"pct":0},"statements":{"total":145,"covered":0,"skipped":0,"pct":0},"branches":{"total":1,"covered":0,"skipped":0,"pct":0}}
,"/Users/shan/react-native-survey-js-ui/src/hooks/useSurveyStateFixed.tsx": {"lines":{"total":148,"covered":0,"skipped":0,"pct":0},"functions":{"total":1,"covered":0,"skipped":0,"pct":0},"statements":{"total":148,"covered":0,"skipped":0,"pct":0},"branches":{"total":1,"covered":0,"skipped":0,"pct":0}}
,"/Users/shan/react-native-survey-js-ui/src/types/SurveyTypes.ts": {"lines":{"total":505,"covered":0,"skipped":0,"pct":0},"functions":{"total":1,"covered":0,"skipped":0,"pct":0},"statements":{"total":505,"covered":0,"skipped":0,"pct":0},"branches":{"total":1,"covered":0,"skipped":0,"pct":0}}
,"/Users/shan/react-native-survey-js-ui/src/utils/polyfills.ts": {"lines":{"total":170,"covered":0,"skipped":0,"pct":0},"functions":{"total":1,"covered":0,"skipped":0,"pct":0},"statements":{"total":170,"covered":0,"skipped":0,"pct":0},"branches":{"total":1,"covered":0,"skipped":0,"pct":0}}
,"/Users/shan/react-native-survey-js-ui/src/utils/surveyCore.ts": {"lines":{"total":111,"covered":0,"skipped":0,"pct":0},"functions":{"total":1,"covered":0,"skipped":0,"pct":0},"statements":{"total":111,"covered":0,"skipped":0,"pct":0},"branches":{"total":1,"covered":0,"skipped":0,"pct":0}}
,"/Users/shan/react-native-survey-js-ui/src/utils/validation.ts": {"lines":{"total":32,"covered":0,"skipped":0,"pct":0},"functions":{"total":1,"covered":0,"skipped":0,"pct":0},"statements":{"total":32,"covered":0,"skipped":0,"pct":0},"branches":{"total":1,"covered":0,"skipped":0,"pct":0}}
}
