{"/Users/shan/react-native-survey-js-ui/src/hooks/useSurveyModel.tsx": {"path":"/Users/shan/react-native-survey-js-ui/src/hooks/useSurveyModel.tsx","statementMap":{"0":{"start":{"line":41,"column":28},"end":{"line":41,"column":56}},"1":{"start":{"line":42,"column":36},"end":{"line":42,"column":50}},"2":{"start":{"line":43,"column":28},"end":{"line":43,"column":56}},"3":{"start":{"line":44,"column":21},"end":{"line":44,"column":65}},"4":{"start":{"line":45,"column":18},"end":{"line":45,"column":30}},"5":{"start":{"line":47,"column":22},"end":{"line":64,"column":12}},"6":{"start":{"line":48,"column":4},"end":{"line":48,"column":23}},"7":{"start":{"line":49,"column":4},"end":{"line":49,"column":19}},"8":{"start":{"line":51,"column":4},"end":{"line":63,"column":5}},"9":{"start":{"line":52,"column":6},"end":{"line":54,"column":7}},"10":{"start":{"line":53,"column":8},"end":{"line":53,"column":47}},"11":{"start":{"line":56,"column":23},"end":{"line":56,"column":74}},"12":{"start":{"line":57,"column":6},"end":{"line":57,"column":25}},"13":{"start":{"line":58,"column":6},"end":{"line":58,"column":26}},"14":{"start":{"line":60,"column":6},"end":{"line":60,"column":29}},"15":{"start":{"line":61,"column":6},"end":{"line":61,"column":21}},"16":{"start":{"line":62,"column":6},"end":{"line":62,"column":26}},"17":{"start":{"line":66,"column":18},"end":{"line":71,"column":19}},"18":{"start":{"line":67,"column":4},"end":{"line":69,"column":5}},"19":{"start":{"line":68,"column":6},"end":{"line":68,"column":53}},"20":{"start":{"line":70,"column":4},"end":{"line":70,"column":18}},"21":{"start":{"line":73,"column":2},"end":{"line":89,"column":13}},"22":{"start":{"line":75,"column":4},"end":{"line":81,"column":5}},"23":{"start":{"line":76,"column":6},"end":{"line":78,"column":7}},"24":{"start":{"line":77,"column":8},"end":{"line":77,"column":55}},"25":{"start":{"line":79,"column":6},"end":{"line":79,"column":29}},"26":{"start":{"line":80,"column":6},"end":{"line":80,"column":20}},"27":{"start":{"line":84,"column":4},"end":{"line":88,"column":6}},"28":{"start":{"line":85,"column":6},"end":{"line":87,"column":7}},"29":{"start":{"line":86,"column":8},"end":{"line":86,"column":55}},"30":{"start":{"line":91,"column":2},"end":{"line":96,"column":4}},"31":{"start":{"line":103,"column":2},"end":{"line":103,"column":75}}},"fnMap":{"0":{"name":"useSurveyModel","decl":{"start":{"line":37,"column":16},"end":{"line":37,"column":30}},"loc":{"start":{"line":40,"column":24},"end":{"line":97,"column":1}},"line":40},"1":{"name":"(anonymous_1)","decl":{"start":{"line":47,"column":34},"end":{"line":47,"column":35}},"loc":{"start":{"line":47,"column":40},"end":{"line":64,"column":3}},"line":47},"2":{"name":"(anonymous_2)","decl":{"start":{"line":66,"column":30},"end":{"line":66,"column":31}},"loc":{"start":{"line":66,"column":36},"end":{"line":71,"column":3}},"line":66},"3":{"name":"(anonymous_3)","decl":{"start":{"line":73,"column":12},"end":{"line":73,"column":13}},"loc":{"start":{"line":73,"column":18},"end":{"line":89,"column":3}},"line":73},"4":{"name":"(anonymous_4)","decl":{"start":{"line":84,"column":11},"end":{"line":84,"column":12}},"loc":{"start":{"line":84,"column":17},"end":{"line":88,"column":5}},"line":84},"5":{"name":"generateModelId","decl":{"start":{"line":102,"column":9},"end":{"line":102,"column":24}},"loc":{"start":{"line":102,"column":35},"end":{"line":104,"column":1}},"line":102}},"branchMap":{"0":{"loc":{"start":{"line":39,"column":2},"end":{"line":39,"column":37}},"type":"default-arg","locations":[{"start":{"line":39,"column":35},"end":{"line":39,"column":37}}],"line":39},"1":{"loc":{"start":{"line":44,"column":28},"end":{"line":44,"column":64}},"type":"binary-expr","locations":[{"start":{"line":44,"column":28},"end":{"line":44,"column":43}},{"start":{"line":44,"column":47},"end":{"line":44,"column":64}}],"line":44},"2":{"loc":{"start":{"line":52,"column":6},"end":{"line":54,"column":7}},"type":"if","locations":[{"start":{"line":52,"column":6},"end":{"line":54,"column":7}},{"start":{},"end":{}}],"line":52},"3":{"loc":{"start":{"line":52,"column":10},"end":{"line":52,"column":43}},"type":"binary-expr","locations":[{"start":{"line":52,"column":10},"end":{"line":52,"column":15}},{"start":{"line":52,"column":19},"end":{"line":52,"column":43}}],"line":52},"4":{"loc":{"start":{"line":67,"column":4},"end":{"line":69,"column":5}},"type":"if","locations":[{"start":{"line":67,"column":4},"end":{"line":69,"column":5}},{"start":{},"end":{}}],"line":67},"5":{"loc":{"start":{"line":75,"column":4},"end":{"line":81,"column":5}},"type":"if","locations":[{"start":{"line":75,"column":4},"end":{"line":81,"column":5}},{"start":{},"end":{}}],"line":75},"6":{"loc":{"start":{"line":75,"column":8},"end":{"line":75,"column":42}},"type":"binary-expr","locations":[{"start":{"line":75,"column":8},"end":{"line":75,"column":14}},{"start":{"line":75,"column":18},"end":{"line":75,"column":42}}],"line":75},"7":{"loc":{"start":{"line":76,"column":6},"end":{"line":78,"column":7}},"type":"if","locations":[{"start":{"line":76,"column":6},"end":{"line":78,"column":7}},{"start":{},"end":{}}],"line":76},"8":{"loc":{"start":{"line":76,"column":10},"end":{"line":76,"column":37}},"type":"binary-expr","locations":[{"start":{"line":76,"column":10},"end":{"line":76,"column":15}},{"start":{"line":76,"column":19},"end":{"line":76,"column":37}}],"line":76},"9":{"loc":{"start":{"line":85,"column":6},"end":{"line":87,"column":7}},"type":"if","locations":[{"start":{"line":85,"column":6},"end":{"line":87,"column":7}},{"start":{},"end":{}}],"line":85}},"s":{"0":22,"1":22,"2":22,"3":22,"4":22,"5":22,"6":11,"7":11,"8":11,"9":11,"10":1,"11":10,"12":9,"13":9,"14":2,"15":2,"16":2,"17":22,"18":1,"19":1,"20":1,"21":22,"22":10,"23":10,"24":1,"25":10,"26":10,"27":10,"28":10,"29":10,"30":22,"31":20},"f":{"0":22,"1":11,"2":1,"3":10,"4":10,"5":20},"b":{"0":[20],"1":[22,20],"2":[1,10],"3":[11,10],"4":[1,0],"5":[10,0],"6":[10,1],"7":[1,9],"8":[10,1],"9":[10,0]},"_coverageSchema":"1a1c01bbd47fc00a2c39e90264f33305004495a9","hash":"ad1fe97b0cd023141fc2e980a79da5a205e7db43"}
,"/Users/shan/react-native-survey-js-ui/src/hooks/useSurveyState.tsx": {"path":"/Users/shan/react-native-survey-js-ui/src/hooks/useSurveyState.tsx","statementMap":{"0":{"start":{"line":30,"column":28},"end":{"line":35,"column":5}},"1":{"start":{"line":30,"column":57},"end":{"line":35,"column":3}},"2":{"start":{"line":37,"column":2},"end":{"line":90,"column":14}},"3":{"start":{"line":38,"column":4},"end":{"line":46,"column":5}},"4":{"start":{"line":39,"column":6},"end":{"line":44,"column":9}},"5":{"start":{"line":45,"column":6},"end":{"line":45,"column":13}},"6":{"start":{"line":49,"column":4},"end":{"line":54,"column":7}},"7":{"start":{"line":57,"column":31},"end":{"line":63,"column":5}},"8":{"start":{"line":58,"column":6},"end":{"line":62,"column":10}},"9":{"start":{"line":58,"column":26},"end":{"line":62,"column":7}},"10":{"start":{"line":65,"column":30},"end":{"line":70,"column":5}},"11":{"start":{"line":66,"column":6},"end":{"line":69,"column":10}},"12":{"start":{"line":66,"column":26},"end":{"line":69,"column":7}},"13":{"start":{"line":72,"column":27},"end":{"line":77,"column":5}},"14":{"start":{"line":73,"column":6},"end":{"line":76,"column":10}},"15":{"start":{"line":73,"column":26},"end":{"line":76,"column":7}},"16":{"start":{"line":80,"column":4},"end":{"line":80,"column":49}},"17":{"start":{"line":81,"column":4},"end":{"line":81,"column":54}},"18":{"start":{"line":82,"column":4},"end":{"line":82,"column":41}},"19":{"start":{"line":85,"column":4},"end":{"line":89,"column":6}},"20":{"start":{"line":86,"column":6},"end":{"line":86,"column":54}},"21":{"start":{"line":87,"column":6},"end":{"line":87,"column":59}},"22":{"start":{"line":88,"column":6},"end":{"line":88,"column":46}},"23":{"start":{"line":92,"column":2},"end":{"line":92,"column":15}},"24":{"start":{"line":99,"column":2},"end":{"line":101,"column":3}},"25":{"start":{"line":100,"column":4},"end":{"line":100,"column":14}},"26":{"start":{"line":103,"column":20},"end":{"line":103,"column":43}},"27":{"start":{"line":104,"column":2},"end":{"line":107,"column":6}},"28":{"start":{"line":104,"column":36},"end":{"line":107,"column":3}}},"fnMap":{"0":{"name":"useSurveyState","decl":{"start":{"line":29,"column":16},"end":{"line":29,"column":30}},"loc":{"start":{"line":29,"column":65},"end":{"line":93,"column":1}},"line":29},"1":{"name":"(anonymous_1)","decl":{"start":{"line":30,"column":50},"end":{"line":30,"column":51}},"loc":{"start":{"line":30,"column":57},"end":{"line":35,"column":3}},"line":30},"2":{"name":"(anonymous_2)","decl":{"start":{"line":37,"column":12},"end":{"line":37,"column":13}},"loc":{"start":{"line":37,"column":18},"end":{"line":90,"column":3}},"line":37},"3":{"name":"(anonymous_3)","decl":{"start":{"line":57,"column":31},"end":{"line":57,"column":32}},"loc":{"start":{"line":57,"column":50},"end":{"line":63,"column":5}},"line":57},"4":{"name":"(anonymous_4)","decl":{"start":{"line":58,"column":15},"end":{"line":58,"column":16}},"loc":{"start":{"line":58,"column":26},"end":{"line":62,"column":7}},"line":58},"5":{"name":"(anonymous_5)","decl":{"start":{"line":65,"column":30},"end":{"line":65,"column":31}},"loc":{"start":{"line":65,"column":49},"end":{"line":70,"column":5}},"line":65},"6":{"name":"(anonymous_6)","decl":{"start":{"line":66,"column":15},"end":{"line":66,"column":16}},"loc":{"start":{"line":66,"column":26},"end":{"line":69,"column":7}},"line":66},"7":{"name":"(anonymous_7)","decl":{"start":{"line":72,"column":27},"end":{"line":72,"column":28}},"loc":{"start":{"line":72,"column":33},"end":{"line":77,"column":5}},"line":72},"8":{"name":"(anonymous_8)","decl":{"start":{"line":73,"column":15},"end":{"line":73,"column":16}},"loc":{"start":{"line":73,"column":26},"end":{"line":76,"column":7}},"line":73},"9":{"name":"(anonymous_9)","decl":{"start":{"line":85,"column":11},"end":{"line":85,"column":12}},"loc":{"start":{"line":85,"column":17},"end":{"line":89,"column":5}},"line":85},"10":{"name":"getQuestions","decl":{"start":{"line":98,"column":9},"end":{"line":98,"column":21}},"loc":{"start":{"line":98,"column":80},"end":{"line":108,"column":1}},"line":98},"11":{"name":"(anonymous_11)","decl":{"start":{"line":104,"column":23},"end":{"line":104,"column":24}},"loc":{"start":{"line":104,"column":36},"end":{"line":107,"column":3}},"line":104}},"branchMap":{"0":{"loc":{"start":{"line":31,"column":10},"end":{"line":31,"column":27}},"type":"binary-expr","locations":[{"start":{"line":31,"column":10},"end":{"line":31,"column":21}},{"start":{"line":31,"column":25},"end":{"line":31,"column":27}}],"line":31},"1":{"loc":{"start":{"line":32,"column":19},"end":{"line":32,"column":44}},"type":"binary-expr","locations":[{"start":{"line":32,"column":19},"end":{"line":32,"column":39}},{"start":{"line":32,"column":43},"end":{"line":32,"column":44}}],"line":32},"2":{"loc":{"start":{"line":33,"column":17},"end":{"line":33,"column":79}},"type":"cond-expr","locations":[{"start":{"line":33,"column":25},"end":{"line":33,"column":71}},{"start":{"line":33,"column":74},"end":{"line":33,"column":79}}],"line":33},"3":{"loc":{"start":{"line":38,"column":4},"end":{"line":46,"column":5}},"type":"if","locations":[{"start":{"line":38,"column":4},"end":{"line":46,"column":5}},{"start":{},"end":{}}],"line":38},"4":{"loc":{"start":{"line":50,"column":12},"end":{"line":50,"column":28}},"type":"binary-expr","locations":[{"start":{"line":50,"column":12},"end":{"line":50,"column":22}},{"start":{"line":50,"column":26},"end":{"line":50,"column":28}}],"line":50},"5":{"loc":{"start":{"line":51,"column":21},"end":{"line":51,"column":45}},"type":"binary-expr","locations":[{"start":{"line":51,"column":21},"end":{"line":51,"column":40}},{"start":{"line":51,"column":44},"end":{"line":51,"column":45}}],"line":51},"6":{"loc":{"start":{"line":60,"column":14},"end":{"line":60,"column":31}},"type":"binary-expr","locations":[{"start":{"line":60,"column":14},"end":{"line":60,"column":25}},{"start":{"line":60,"column":29},"end":{"line":60,"column":31}}],"line":60},"7":{"loc":{"start":{"line":68,"column":23},"end":{"line":68,"column":48}},"type":"binary-expr","locations":[{"start":{"line":68,"column":23},"end":{"line":68,"column":43}},{"start":{"line":68,"column":47},"end":{"line":68,"column":48}}],"line":68},"8":{"loc":{"start":{"line":99,"column":2},"end":{"line":101,"column":3}},"type":"if","locations":[{"start":{"line":99,"column":2},"end":{"line":101,"column":3}},{"start":{},"end":{}}],"line":99}},"s":{"0":26,"1":9,"2":26,"3":11,"4":1,"5":1,"6":10,"7":10,"8":2,"9":2,"10":10,"11":1,"12":1,"13":10,"14":1,"15":1,"16":10,"17":10,"18":10,"19":10,"20":10,"21":10,"22":10,"23":26,"24":21,"25":1,"26":20,"27":20,"28":40},"f":{"0":26,"1":9,"2":11,"3":2,"4":2,"5":1,"6":1,"7":1,"8":1,"9":10,"10":21,"11":40},"b":{"0":[9,1],"1":[9,9],"2":[8,1],"3":[1,10],"4":[10,0],"5":[10,9],"6":[2,0],"7":[1,0],"8":[1,20]},"_coverageSchema":"1a1c01bbd47fc00a2c39e90264f33305004495a9","hash":"2e13a78f0d3f91bd321f03056cb7791236018041"}
,"/Users/shan/react-native-survey-js-ui/src/utils/surveyCore.ts": {"path":"/Users/shan/react-native-survey-js-ui/src/utils/surveyCore.ts","statementMap":{"0":{"start":{"line":8,"column":2},"end":{"line":20,"column":3}},"1":{"start":{"line":11,"column":4},"end":{"line":13,"column":6}},"2":{"start":{"line":15,"column":4},"end":{"line":15,"column":62}},"3":{"start":{"line":16,"column":4},"end":{"line":19,"column":6}},"4":{"start":{"line":29,"column":2},"end":{"line":31,"column":3}},"5":{"start":{"line":30,"column":4},"end":{"line":30,"column":52}},"6":{"start":{"line":33,"column":2},"end":{"line":37,"column":3}},"7":{"start":{"line":34,"column":4},"end":{"line":34,"column":27}},"8":{"start":{"line":36,"column":4},"end":{"line":36,"column":71}},"9":{"start":{"line":45,"column":2},"end":{"line":47,"column":3}},"10":{"start":{"line":46,"column":4},"end":{"line":46,"column":11}},"11":{"start":{"line":49,"column":2},"end":{"line":51,"column":3}},"12":{"start":{"line":50,"column":4},"end":{"line":50,"column":20}},"13":{"start":{"line":59,"column":49},"end":{"line":59,"column":58}},"14":{"start":{"line":69,"column":4},"end":{"line":71,"column":5}},"15":{"start":{"line":70,"column":6},"end":{"line":70,"column":23}},"16":{"start":{"line":73,"column":18},"end":{"line":73,"column":41}},"17":{"start":{"line":74,"column":4},"end":{"line":74,"column":34}},"18":{"start":{"line":75,"column":4},"end":{"line":75,"column":17}},"19":{"start":{"line":84,"column":4},"end":{"line":84,"column":34}},"20":{"start":{"line":92,"column":18},"end":{"line":92,"column":40}},"21":{"start":{"line":93,"column":4},"end":{"line":96,"column":5}},"22":{"start":{"line":94,"column":6},"end":{"line":94,"column":32}},"23":{"start":{"line":95,"column":6},"end":{"line":95,"column":32}},"24":{"start":{"line":103,"column":4},"end":{"line":105,"column":7}},"25":{"start":{"line":104,"column":6},"end":{"line":104,"column":32}},"26":{"start":{"line":106,"column":4},"end":{"line":106,"column":27}},"27":{"start":{"line":114,"column":4},"end":{"line":114,"column":45}}},"fnMap":{"0":{"name":"initializeSurveyCore","decl":{"start":{"line":7,"column":16},"end":{"line":7,"column":36}},"loc":{"start":{"line":7,"column":78},"end":{"line":21,"column":1}},"line":7},"1":{"name":"createSurveyModel","decl":{"start":{"line":28,"column":16},"end":{"line":28,"column":33}},"loc":{"start":{"line":28,"column":52},"end":{"line":38,"column":1}},"line":28},"2":{"name":"disposeSurveyModel","decl":{"start":{"line":44,"column":16},"end":{"line":44,"column":34}},"loc":{"start":{"line":44,"column":74},"end":{"line":52,"column":1}},"line":44},"3":{"name":"(anonymous_3)","decl":{"start":{"line":67,"column":2},"end":{"line":67,"column":3}},"loc":{"start":{"line":67,"column":46},"end":{"line":76,"column":3}},"line":67},"4":{"name":"(anonymous_4)","decl":{"start":{"line":83,"column":2},"end":{"line":83,"column":3}},"loc":{"start":{"line":83,"column":44},"end":{"line":85,"column":3}},"line":83},"5":{"name":"(anonymous_5)","decl":{"start":{"line":91,"column":2},"end":{"line":91,"column":3}},"loc":{"start":{"line":91,"column":35},"end":{"line":97,"column":3}},"line":91},"6":{"name":"(anonymous_6)","decl":{"start":{"line":102,"column":2},"end":{"line":102,"column":3}},"loc":{"start":{"line":102,"column":28},"end":{"line":107,"column":3}},"line":102},"7":{"name":"(anonymous_7)","decl":{"start":{"line":103,"column":27},"end":{"line":103,"column":28}},"loc":{"start":{"line":103,"column":38},"end":{"line":105,"column":5}},"line":103},"8":{"name":"(anonymous_8)","decl":{"start":{"line":113,"column":2},"end":{"line":113,"column":3}},"loc":{"start":{"line":113,"column":28},"end":{"line":115,"column":3}},"line":113}},"branchMap":{"0":{"loc":{"start":{"line":29,"column":2},"end":{"line":31,"column":3}},"type":"if","locations":[{"start":{"line":29,"column":2},"end":{"line":31,"column":3}},{"start":{},"end":{}}],"line":29},"1":{"loc":{"start":{"line":29,"column":6},"end":{"line":29,"column":39}},"type":"binary-expr","locations":[{"start":{"line":29,"column":6},"end":{"line":29,"column":11}},{"start":{"line":29,"column":15},"end":{"line":29,"column":39}}],"line":29},"2":{"loc":{"start":{"line":45,"column":2},"end":{"line":47,"column":3}},"type":"if","locations":[{"start":{"line":45,"column":2},"end":{"line":47,"column":3}},{"start":{},"end":{}}],"line":45},"3":{"loc":{"start":{"line":49,"column":2},"end":{"line":51,"column":3}},"type":"if","locations":[{"start":{"line":49,"column":2},"end":{"line":51,"column":3}},{"start":{},"end":{}}],"line":49},"4":{"loc":{"start":{"line":69,"column":4},"end":{"line":71,"column":5}},"type":"if","locations":[{"start":{"line":69,"column":4},"end":{"line":71,"column":5}},{"start":{},"end":{}}],"line":69},"5":{"loc":{"start":{"line":93,"column":4},"end":{"line":96,"column":5}},"type":"if","locations":[{"start":{"line":93,"column":4},"end":{"line":96,"column":5}},{"start":{},"end":{}}],"line":93}},"s":{"0":3,"1":3,"2":0,"3":0,"4":15,"5":3,"6":12,"7":12,"8":1,"9":13,"10":2,"11":11,"12":10,"13":1,"14":9,"15":4,"16":9,"17":9,"18":9,"19":6,"20":6,"21":6,"22":5,"23":5,"24":3,"25":4,"26":3,"27":2},"f":{"0":3,"1":15,"2":13,"3":9,"4":6,"5":6,"6":3,"7":4,"8":2},"b":{"0":[3,12],"1":[15,13],"2":[2,11],"3":[10,1],"4":[4,5],"5":[5,1]},"_coverageSchema":"1a1c01bbd47fc00a2c39e90264f33305004495a9","hash":"eeb18fed374f589fd54ac25d8a15832fa1f8cd64"}
}
