TN:
SF:src/hooks/useSurveyModel.tsx
FN:37,useSurveyModel
FN:47,(anonymous_1)
FN:66,(anonymous_2)
FN:73,(anonymous_3)
FN:84,(anonymous_4)
FN:102,generateModelId
FNF:6
FNH:6
FNDA:22,useSurveyModel
FNDA:11,(anonymous_1)
FNDA:1,(anonymous_2)
FNDA:10,(anonymous_3)
FNDA:10,(anonymous_4)
FNDA:20,generateModelId
DA:41,22
DA:42,22
DA:43,22
DA:44,22
DA:45,22
DA:47,22
DA:48,11
DA:49,11
DA:51,11
DA:52,11
DA:53,1
DA:56,10
DA:57,9
DA:58,9
DA:60,2
DA:61,2
DA:62,2
DA:66,22
DA:67,1
DA:68,1
DA:70,1
DA:73,22
DA:75,10
DA:76,10
DA:77,1
DA:79,10
DA:80,10
DA:84,10
DA:85,10
DA:86,10
DA:91,22
DA:103,20
LF:32
LH:32
BRDA:39,0,0,20
BRDA:44,1,0,22
BRDA:44,1,1,20
BRDA:52,2,0,1
BRDA:52,2,1,10
BRDA:52,3,0,11
BRDA:52,3,1,10
BRDA:67,4,0,1
BRDA:67,4,1,0
BRDA:75,5,0,10
BRDA:75,5,1,0
BRDA:75,6,0,10
BRDA:75,6,1,1
BRDA:76,7,0,1
BRDA:76,7,1,9
BRDA:76,8,0,10
BRDA:76,8,1,1
BRDA:85,9,0,10
BRDA:85,9,1,0
BRF:19
BRH:16
end_of_record
TN:
SF:src/hooks/useSurveyState.tsx
FN:29,useSurveyState
FN:30,(anonymous_1)
FN:37,(anonymous_2)
FN:57,(anonymous_3)
FN:58,(anonymous_4)
FN:65,(anonymous_5)
FN:66,(anonymous_6)
FN:72,(anonymous_7)
FN:73,(anonymous_8)
FN:85,(anonymous_9)
FN:98,getQuestions
FN:104,(anonymous_11)
FNF:12
FNH:12
FNDA:26,useSurveyState
FNDA:9,(anonymous_1)
FNDA:11,(anonymous_2)
FNDA:2,(anonymous_3)
FNDA:2,(anonymous_4)
FNDA:1,(anonymous_5)
FNDA:1,(anonymous_6)
FNDA:1,(anonymous_7)
FNDA:1,(anonymous_8)
FNDA:10,(anonymous_9)
FNDA:21,getQuestions
FNDA:40,(anonymous_11)
DA:30,26
DA:37,26
DA:38,11
DA:39,1
DA:45,1
DA:49,10
DA:57,10
DA:58,2
DA:65,10
DA:66,1
DA:72,10
DA:73,1
DA:80,10
DA:81,10
DA:82,10
DA:85,10
DA:86,10
DA:87,10
DA:88,10
DA:92,26
DA:99,21
DA:100,1
DA:103,20
DA:104,40
LF:24
LH:24
BRDA:31,0,0,9
BRDA:31,0,1,1
BRDA:32,1,0,9
BRDA:32,1,1,9
BRDA:33,2,0,8
BRDA:33,2,1,1
BRDA:38,3,0,1
BRDA:38,3,1,10
BRDA:50,4,0,10
BRDA:50,4,1,0
BRDA:51,5,0,10
BRDA:51,5,1,9
BRDA:60,6,0,2
BRDA:60,6,1,0
BRDA:68,7,0,1
BRDA:68,7,1,0
BRDA:99,8,0,1
BRDA:99,8,1,20
BRF:18
BRH:15
end_of_record
TN:
SF:src/utils/surveyCore.ts
FN:7,initializeSurveyCore
FN:28,createSurveyModel
FN:44,disposeSurveyModel
FN:67,(anonymous_3)
FN:83,(anonymous_4)
FN:91,(anonymous_5)
FN:102,(anonymous_6)
FN:103,(anonymous_7)
FN:113,(anonymous_8)
FNF:9
FNH:9
FNDA:3,initializeSurveyCore
FNDA:15,createSurveyModel
FNDA:13,disposeSurveyModel
FNDA:9,(anonymous_3)
FNDA:6,(anonymous_4)
FNDA:6,(anonymous_5)
FNDA:3,(anonymous_6)
FNDA:4,(anonymous_7)
FNDA:2,(anonymous_8)
DA:8,3
DA:11,3
DA:15,0
DA:16,0
DA:29,15
DA:30,3
DA:33,12
DA:34,12
DA:36,1
DA:45,13
DA:46,2
DA:49,11
DA:50,10
DA:59,1
DA:69,9
DA:70,4
DA:73,9
DA:74,9
DA:75,9
DA:84,6
DA:92,6
DA:93,6
DA:94,5
DA:95,5
DA:103,3
DA:104,4
DA:106,3
DA:114,2
LF:28
LH:26
BRDA:29,0,0,3
BRDA:29,0,1,12
BRDA:29,1,0,15
BRDA:29,1,1,13
BRDA:45,2,0,2
BRDA:45,2,1,11
BRDA:49,3,0,10
BRDA:49,3,1,1
BRDA:69,4,0,4
BRDA:69,4,1,5
BRDA:93,5,0,5
BRDA:93,5,1,1
BRF:12
BRH:12
end_of_record
