<?xml version="1.0" encoding="UTF-8"?>
<coverage generated="1749139924713" clover="3.2.0">
  <project timestamp="1749139924713" name="All files">
    <metrics statements="195" coveredstatements="175" conditionals="176" coveredconditionals="151" methods="55" coveredmethods="46" elements="426" coveredelements="372" complexity="0" loc="195" ncloc="195" packages="7" files="9" classes="9"/>
    <package name="components.Questions.BaseQuestion">
      <metrics statements="12" coveredstatements="12" conditionals="16" coveredconditionals="16" methods="1" coveredmethods="1"/>
      <file name="BaseQuestion.tsx" path="/Users/shan/react-native-survey-js-ui/src/components/Questions/BaseQuestion/BaseQuestion.tsx">
        <metrics statements="12" coveredstatements="12" conditionals="16" coveredconditionals="16" methods="1" coveredmethods="1"/>
        <line num="11" count="4" type="stmt"/>
        <line num="17" count="45" type="cond" truecount="2" falsecount="0"/>
        <line num="18" count="1" type="stmt"/>
        <line num="22" count="44" type="stmt"/>
        <line num="23" count="44" type="cond" truecount="2" falsecount="0"/>
        <line num="24" count="3" type="stmt"/>
        <line num="26" count="44" type="cond" truecount="2" falsecount="0"/>
        <line num="27" count="3" type="stmt"/>
        <line num="29" count="44" type="stmt"/>
        <line num="32" count="44" type="stmt"/>
        <line num="38" count="44" type="stmt"/>
        <line num="68" count="4" type="stmt"/>
      </file>
    </package>
    <package name="components.Questions.QuestionFactory">
      <metrics statements="17" coveredstatements="17" conditionals="2" coveredconditionals="2" methods="5" coveredmethods="5"/>
      <file name="QuestionFactory.tsx" path="/Users/shan/react-native-survey-js-ui/src/components/Questions/QuestionFactory/QuestionFactory.tsx">
        <metrics statements="17" coveredstatements="17" conditionals="2" coveredconditionals="2" methods="5" coveredmethods="5"/>
        <line num="16" count="3" type="stmt"/>
        <line num="19" count="3" type="stmt"/>
        <line num="28" count="3" type="stmt"/>
        <line num="29" count="20" type="stmt"/>
        <line num="31" count="20" type="cond" truecount="2" falsecount="0"/>
        <line num="32" count="2" type="stmt"/>
        <line num="35" count="2" type="stmt"/>
        <line num="38" count="18" type="stmt"/>
        <line num="49" count="3" type="stmt"/>
        <line num="53" count="9" type="stmt"/>
        <line num="56" count="3" type="stmt"/>
        <line num="57" count="5" type="stmt"/>
        <line num="59" count="5" type="stmt"/>
        <line num="62" count="3" type="stmt"/>
        <line num="63" count="1" type="stmt"/>
        <line num="66" count="3" type="stmt"/>
        <line num="67" count="3" type="stmt"/>
      </file>
    </package>
    <package name="components.Questions.TextQuestion">
      <metrics statements="12" coveredstatements="12" conditionals="21" coveredconditionals="21" methods="2" coveredmethods="2"/>
      <file name="TextQuestion.tsx" path="/Users/shan/react-native-survey-js-ui/src/components/Questions/TextQuestion/TextQuestion.tsx">
        <metrics statements="12" coveredstatements="12" conditionals="21" coveredconditionals="21" methods="2" coveredmethods="2"/>
        <line num="6" count="3" type="stmt"/>
        <line num="13" count="29" type="stmt"/>
        <line num="14" count="29" type="cond" truecount="5" falsecount="0"/>
        <line num="16" count="1" type="stmt"/>
        <line num="18" count="1" type="stmt"/>
        <line num="20" count="1" type="stmt"/>
        <line num="22" count="1" type="stmt"/>
        <line num="24" count="25" type="stmt"/>
        <line num="28" count="29" type="stmt"/>
        <line num="29" count="29" type="cond" truecount="2" falsecount="0"/>
        <line num="31" count="29" type="stmt"/>
        <line num="59" count="3" type="stmt"/>
      </file>
    </package>
    <package name="components.Survey">
      <metrics statements="55" coveredstatements="51" conditionals="58" coveredconditionals="47" methods="16" coveredmethods="14"/>
      <file name="Survey.tsx" path="/Users/shan/react-native-survey-js-ui/src/components/Survey/Survey.tsx">
        <metrics statements="55" coveredstatements="51" conditionals="58" coveredconditionals="47" methods="16" coveredmethods="14"/>
        <line num="25" count="2" type="stmt"/>
        <line num="31" count="32" type="stmt"/>
        <line num="32" count="32" type="stmt"/>
        <line num="33" count="32" type="stmt"/>
        <line num="35" count="32" type="stmt"/>
        <line num="36" count="32" type="cond" truecount="4" falsecount="0"/>
        <line num="37" count="5" type="stmt"/>
        <line num="38" count="3" type="stmt"/>
        <line num="45" count="5" type="stmt"/>
        <line num="46" count="5" type="stmt"/>
        <line num="47" count="5" type="stmt"/>
        <line num="50" count="27" type="stmt"/>
        <line num="54" count="32" type="stmt"/>
        <line num="55" count="32" type="cond" truecount="4" falsecount="0"/>
        <line num="56" count="5" type="stmt"/>
        <line num="57" count="2" type="stmt"/>
        <line num="59" count="2" type="cond" truecount="1" falsecount="1"/>
        <line num="60" count="2" type="stmt"/>
        <line num="67" count="1" type="stmt"/>
        <line num="71" count="5" type="stmt"/>
        <line num="72" count="5" type="stmt"/>
        <line num="73" count="5" type="stmt"/>
        <line num="76" count="27" type="stmt"/>
        <line num="80" count="32" type="stmt"/>
        <line num="81" count="32" type="cond" truecount="4" falsecount="0"/>
        <line num="82" count="4" type="stmt"/>
        <line num="83" count="1" type="stmt"/>
        <line num="85" count="1" type="cond" truecount="1" falsecount="1"/>
        <line num="86" count="1" type="stmt"/>
        <line num="93" count="0" type="stmt"/>
        <line num="97" count="4" type="stmt"/>
        <line num="98" count="4" type="stmt"/>
        <line num="99" count="4" type="stmt"/>
        <line num="102" count="28" type="stmt"/>
        <line num="105" count="32" type="cond" truecount="2" falsecount="0"/>
        <line num="106" count="1" type="stmt"/>
        <line num="114" count="31" type="cond" truecount="2" falsecount="0"/>
        <line num="115" count="1" type="stmt"/>
        <line num="123" count="30" type="stmt"/>
        <line num="124" count="4" type="cond" truecount="1" falsecount="1"/>
        <line num="126" count="4" type="stmt"/>
        <line num="130" count="30" type="stmt"/>
        <line num="131" count="1" type="cond" truecount="3" falsecount="1"/>
        <line num="132" count="1" type="stmt"/>
        <line num="136" count="30" type="stmt"/>
        <line num="137" count="1" type="cond" truecount="3" falsecount="1"/>
        <line num="138" count="1" type="stmt"/>
        <line num="143" count="30" type="cond" truecount="2" falsecount="0"/>
        <line num="145" count="30" type="cond" truecount="1" falsecount="1"/>
        <line num="149" count="30" type="stmt"/>
        <line num="170" count="11" type="stmt"/>
        <line num="175" count="0" type="stmt"/>
        <line num="179" count="0" type="cond" truecount="0" falsecount="2"/>
        <line num="180" count="0" type="stmt"/>
        <line num="252" count="2" type="stmt"/>
      </file>
    </package>
    <package name="hooks">
      <metrics statements="57" coveredstatements="43" conditionals="45" coveredconditionals="31" methods="18" coveredmethods="11"/>
      <file name="useSurveyModel.tsx" path="/Users/shan/react-native-survey-js-ui/src/hooks/useSurveyModel.tsx">
        <metrics statements="33" coveredstatements="33" conditionals="19" coveredconditionals="16" methods="6" coveredmethods="6"/>
        <line num="41" count="22" type="stmt"/>
        <line num="42" count="22" type="stmt"/>
        <line num="43" count="22" type="stmt"/>
        <line num="44" count="22" type="cond" truecount="2" falsecount="0"/>
        <line num="45" count="22" type="stmt"/>
        <line num="47" count="22" type="stmt"/>
        <line num="48" count="11" type="stmt"/>
        <line num="49" count="11" type="stmt"/>
        <line num="51" count="11" type="stmt"/>
        <line num="52" count="11" type="cond" truecount="4" falsecount="0"/>
        <line num="53" count="1" type="stmt"/>
        <line num="56" count="10" type="stmt"/>
        <line num="57" count="9" type="stmt"/>
        <line num="58" count="9" type="stmt"/>
        <line num="60" count="2" type="stmt"/>
        <line num="61" count="2" type="stmt"/>
        <line num="62" count="2" type="stmt"/>
        <line num="66" count="22" type="stmt"/>
        <line num="67" count="1" type="cond" truecount="1" falsecount="1"/>
        <line num="68" count="1" type="stmt"/>
        <line num="70" count="1" type="stmt"/>
        <line num="73" count="22" type="stmt"/>
        <line num="75" count="10" type="cond" truecount="3" falsecount="1"/>
        <line num="76" count="10" type="cond" truecount="4" falsecount="0"/>
        <line num="77" count="1" type="stmt"/>
        <line num="79" count="10" type="stmt"/>
        <line num="80" count="10" type="stmt"/>
        <line num="84" count="10" type="stmt"/>
        <line num="85" count="10" type="stmt"/>
        <line num="86" count="10" type="cond" truecount="1" falsecount="1"/>
        <line num="87" count="10" type="stmt"/>
        <line num="92" count="22" type="stmt"/>
        <line num="104" count="20" type="stmt"/>
      </file>
      <file name="useSurveyState.tsx" path="/Users/shan/react-native-survey-js-ui/src/hooks/useSurveyState.tsx">
        <metrics statements="24" coveredstatements="10" conditionals="26" coveredconditionals="15" methods="12" coveredmethods="5"/>
        <line num="42" count="18" type="stmt"/>
        <line num="52" count="2" type="stmt"/>
        <line num="53" count="1" type="cond" truecount="1" falsecount="1"/>
        <line num="54" count="1" type="stmt"/>
        <line num="63" count="1" type="stmt"/>
        <line num="67" count="0" type="stmt"/>
        <line num="78" count="0" type="stmt"/>
        <line num="79" count="0" type="stmt"/>
        <line num="86" count="0" type="stmt"/>
        <line num="87" count="0" type="stmt"/>
        <line num="95" count="0" type="stmt"/>
        <line num="96" count="0" type="stmt"/>
        <line num="103" count="0" type="stmt"/>
        <line num="104" count="0" type="stmt"/>
        <line num="105" count="0" type="stmt"/>
        <line num="108" count="0" type="stmt"/>
        <line num="109" count="0" type="stmt"/>
        <line num="110" count="0" type="stmt"/>
        <line num="111" count="0" type="stmt"/>
        <line num="115" count="2" type="stmt"/>
        <line num="124" count="17" type="cond" truecount="2" falsecount="0"/>
        <line num="125" count="1" type="stmt"/>
        <line num="128" count="16" type="stmt"/>
        <line num="129" count="16" type="stmt"/>
      </file>
    </package>
    <package name="types">
      <metrics statements="3" coveredstatements="3" conditionals="10" coveredconditionals="10" methods="3" coveredmethods="3"/>
      <file name="SurveyTypes.ts" path="/Users/shan/react-native-survey-js-ui/src/types/SurveyTypes.ts">
        <metrics statements="3" coveredstatements="3" conditionals="10" coveredconditionals="10" methods="3" coveredmethods="3"/>
        <line num="485" count="4" type="cond" truecount="3" falsecount="0"/>
        <line num="492" count="3" type="cond" truecount="3" falsecount="0"/>
        <line num="499" count="3" type="stmt"/>
      </file>
    </package>
    <package name="utils">
      <metrics statements="39" coveredstatements="37" conditionals="24" coveredconditionals="24" methods="10" coveredmethods="10"/>
      <file name="surveyCore.ts" path="/Users/shan/react-native-survey-js-ui/src/utils/surveyCore.ts">
        <metrics statements="28" coveredstatements="26" conditionals="12" coveredconditionals="12" methods="9" coveredmethods="9"/>
        <line num="8" count="3" type="stmt"/>
        <line num="11" count="3" type="stmt"/>
        <line num="15" count="0" type="stmt"/>
        <line num="16" count="0" type="stmt"/>
        <line num="29" count="15" type="cond" truecount="4" falsecount="0"/>
        <line num="30" count="3" type="stmt"/>
        <line num="33" count="12" type="stmt"/>
        <line num="34" count="12" type="stmt"/>
        <line num="36" count="1" type="stmt"/>
        <line num="45" count="13" type="cond" truecount="2" falsecount="0"/>
        <line num="46" count="2" type="stmt"/>
        <line num="49" count="11" type="cond" truecount="2" falsecount="0"/>
        <line num="50" count="10" type="stmt"/>
        <line num="59" count="2" type="stmt"/>
        <line num="69" count="9" type="cond" truecount="2" falsecount="0"/>
        <line num="70" count="4" type="stmt"/>
        <line num="73" count="9" type="stmt"/>
        <line num="74" count="9" type="stmt"/>
        <line num="75" count="9" type="stmt"/>
        <line num="84" count="6" type="stmt"/>
        <line num="92" count="6" type="stmt"/>
        <line num="93" count="6" type="cond" truecount="2" falsecount="0"/>
        <line num="94" count="5" type="stmt"/>
        <line num="95" count="5" type="stmt"/>
        <line num="103" count="3" type="stmt"/>
        <line num="104" count="4" type="stmt"/>
        <line num="106" count="3" type="stmt"/>
        <line num="114" count="2" type="stmt"/>
      </file>
      <file name="validation.ts" path="/Users/shan/react-native-survey-js-ui/src/utils/validation.ts">
        <metrics statements="11" coveredstatements="11" conditionals="12" coveredconditionals="12" methods="1" coveredmethods="1"/>
        <line num="9" count="14" type="cond" truecount="4" falsecount="0"/>
        <line num="10" count="4" type="stmt"/>
        <line num="13" count="10" type="cond" truecount="2" falsecount="0"/>
        <line num="14" count="3" type="stmt"/>
        <line num="18" count="7" type="stmt"/>
        <line num="19" count="6" type="cond" truecount="2" falsecount="0"/>
        <line num="20" count="2" type="stmt"/>
        <line num="24" count="4" type="stmt"/>
        <line num="25" count="3" type="cond" truecount="4" falsecount="0"/>
        <line num="26" count="2" type="stmt"/>
        <line num="31" count="3" type="stmt"/>
      </file>
    </package>
  </project>
</coverage>
