{"/Users/shan/react-native-survey-js-ui/src/index.ts": {"path":"/Users/shan/react-native-survey-js-ui/src/index.ts","statementMap":{},"fnMap":{},"branchMap":{},"s":{},"f":{},"b":{},"_coverageSchema":"1a1c01bbd47fc00a2c39e90264f33305004495a9","hash":"23ad1f53068665cc1aa78cc3e432a14d543fc36c"}
,"/Users/shan/react-native-survey-js-ui/src/components/index.ts": {"path":"/Users/shan/react-native-survey-js-ui/src/components/index.ts","statementMap":{},"fnMap":{},"branchMap":{},"s":{},"f":{},"b":{}}
,"/Users/shan/react-native-survey-js-ui/src/components/Questions/index.ts": {"path":"/Users/shan/react-native-survey-js-ui/src/components/Questions/index.ts","statementMap":{},"fnMap":{},"branchMap":{},"s":{},"f":{},"b":{},"_coverageSchema":"1a1c01bbd47fc00a2c39e90264f33305004495a9","hash":"6137a294e2dcd088fbcc9dcb1c36e7e701f26272"}
,"/Users/shan/react-native-survey-js-ui/src/components/Questions/BaseQuestion/BaseQuestion.tsx": {"path":"/Users/shan/react-native-survey-js-ui/src/components/Questions/BaseQuestion/BaseQuestion.tsx","statementMap":{"0":{"start":{"line":9,"column":57},"end":{"line":15,"column":1}},"1":{"start":{"line":10,"column":2},"end":{"line":14,"column":4}},"2":{"start":{"line":17,"column":15},"end":{"line":25,"column":2}}},"fnMap":{"0":{"name":"(anonymous_0)","decl":{"start":{"line":9,"column":57},"end":{"line":9,"column":58}},"loc":{"start":{"line":9,"column":75},"end":{"line":15,"column":1}},"line":9}},"branchMap":{},"s":{"0":2,"1":2,"2":2},"f":{"0":2},"b":{},"_coverageSchema":"1a1c01bbd47fc00a2c39e90264f33305004495a9","hash":"21d405a1faa54b39b183d678f001f19c3c5562ee"}
,"/Users/shan/react-native-survey-js-ui/src/components/Questions/BaseQuestion/index.ts": {"path":"/Users/shan/react-native-survey-js-ui/src/components/Questions/BaseQuestion/index.ts","statementMap":{},"fnMap":{},"branchMap":{},"s":{},"f":{},"b":{},"_coverageSchema":"1a1c01bbd47fc00a2c39e90264f33305004495a9","hash":"8e49b138d7e668e3faa480ffcfce6e0fce56fd50"}
,"/Users/shan/react-native-survey-js-ui/src/components/Survey/Survey.tsx": {"path":"/Users/shan/react-native-survey-js-ui/src/components/Survey/Survey.tsx","statementMap":{"0":{"start":{"line":9,"column":45},"end":{"line":15,"column":1}},"1":{"start":{"line":10,"column":2},"end":{"line":14,"column":4}},"2":{"start":{"line":17,"column":15},"end":{"line":27,"column":2}}},"fnMap":{"0":{"name":"(anonymous_0)","decl":{"start":{"line":9,"column":45},"end":{"line":9,"column":46}},"loc":{"start":{"line":9,"column":60},"end":{"line":15,"column":1}},"line":9}},"branchMap":{"0":{"loc":{"start":{"line":12,"column":7},"end":{"line":12,"column":69}},"type":"binary-expr","locations":[{"start":{"line":12,"column":7},"end":{"line":12,"column":18}},{"start":{"line":12,"column":22},"end":{"line":12,"column":69}}],"line":12}},"s":{"0":2,"1":2,"2":2},"f":{"0":2},"b":{"0":[2,1]},"_coverageSchema":"1a1c01bbd47fc00a2c39e90264f33305004495a9","hash":"8fc8195b325b23ed5426f89defe88df3bc9a4595"}
,"/Users/shan/react-native-survey-js-ui/src/components/Survey/index.ts": {"path":"/Users/shan/react-native-survey-js-ui/src/components/Survey/index.ts","statementMap":{},"fnMap":{},"branchMap":{},"s":{},"f":{},"b":{},"_coverageSchema":"1a1c01bbd47fc00a2c39e90264f33305004495a9","hash":"de89122e0cf0424978b6ca0e77714fe218574afb"}
,"/Users/shan/react-native-survey-js-ui/src/types/SurveyTypes.ts": {"path":"/Users/shan/react-native-survey-js-ui/src/types/SurveyTypes.ts","statementMap":{},"fnMap":{},"branchMap":{},"s":{},"f":{},"b":{},"_coverageSchema":"1a1c01bbd47fc00a2c39e90264f33305004495a9","hash":"11dfc407effc39fed7fb932f593ce7e7f05ac5df"}
,"/Users/shan/react-native-survey-js-ui/src/types/index.ts": {"path":"/Users/shan/react-native-survey-js-ui/src/types/index.ts","statementMap":{},"fnMap":{},"branchMap":{},"s":{},"f":{},"b":{},"_coverageSchema":"1a1c01bbd47fc00a2c39e90264f33305004495a9","hash":"6c4646092d7655b959fdb4856ee7629ff57713c4"}
,"/Users/shan/react-native-survey-js-ui/src/utils/index.ts": {"path":"/Users/shan/react-native-survey-js-ui/src/utils/index.ts","statementMap":{},"fnMap":{},"branchMap":{},"s":{},"f":{},"b":{},"_coverageSchema":"1a1c01bbd47fc00a2c39e90264f33305004495a9","hash":"fdc71d8cc9010c0c401713605685fa0bcfb2ab28"}
,"/Users/shan/react-native-survey-js-ui/src/utils/validation.ts": {"path":"/Users/shan/react-native-survey-js-ui/src/utils/validation.ts","statementMap":{"0":{"start":{"line":9,"column":2},"end":{"line":11,"column":3}},"1":{"start":{"line":10,"column":4},"end":{"line":10,"column":17}},"2":{"start":{"line":13,"column":2},"end":{"line":15,"column":3}},"3":{"start":{"line":14,"column":4},"end":{"line":14,"column":17}},"4":{"start":{"line":18,"column":2},"end":{"line":29,"column":3}},"5":{"start":{"line":19,"column":4},"end":{"line":21,"column":5}},"6":{"start":{"line":20,"column":6},"end":{"line":20,"column":19}},"7":{"start":{"line":24,"column":4},"end":{"line":28,"column":5}},"8":{"start":{"line":25,"column":6},"end":{"line":27,"column":7}},"9":{"start":{"line":26,"column":8},"end":{"line":26,"column":21}},"10":{"start":{"line":31,"column":2},"end":{"line":31,"column":14}}},"fnMap":{"0":{"name":"validateSurveyModel","decl":{"start":{"line":8,"column":16},"end":{"line":8,"column":35}},"loc":{"start":{"line":8,"column":65},"end":{"line":32,"column":1}},"line":8}},"branchMap":{"0":{"loc":{"start":{"line":9,"column":2},"end":{"line":11,"column":3}},"type":"if","locations":[{"start":{"line":9,"column":2},"end":{"line":11,"column":3}},{"start":{},"end":{}}],"line":9},"1":{"loc":{"start":{"line":9,"column":6},"end":{"line":9,"column":41}},"type":"binary-expr","locations":[{"start":{"line":9,"column":6},"end":{"line":9,"column":12}},{"start":{"line":9,"column":16},"end":{"line":9,"column":41}}],"line":9},"2":{"loc":{"start":{"line":13,"column":2},"end":{"line":15,"column":3}},"type":"if","locations":[{"start":{"line":13,"column":2},"end":{"line":15,"column":3}},{"start":{},"end":{}}],"line":13},"3":{"loc":{"start":{"line":19,"column":4},"end":{"line":21,"column":5}},"type":"if","locations":[{"start":{"line":19,"column":4},"end":{"line":21,"column":5}},{"start":{},"end":{}}],"line":19},"4":{"loc":{"start":{"line":25,"column":6},"end":{"line":27,"column":7}},"type":"if","locations":[{"start":{"line":25,"column":6},"end":{"line":27,"column":7}},{"start":{},"end":{}}],"line":25},"5":{"loc":{"start":{"line":25,"column":10},"end":{"line":25,"column":40}},"type":"binary-expr","locations":[{"start":{"line":25,"column":10},"end":{"line":25,"column":23}},{"start":{"line":25,"column":27},"end":{"line":25,"column":40}}],"line":25}},"s":{"0":14,"1":4,"2":10,"3":3,"4":7,"5":6,"6":2,"7":4,"8":3,"9":2,"10":3},"f":{"0":14},"b":{"0":[4,10],"1":[14,12],"2":[3,7],"3":[2,4],"4":[2,1],"5":[3,2]},"_coverageSchema":"1a1c01bbd47fc00a2c39e90264f33305004495a9","hash":"2992c69188413c07b948d4893572a37e1d715600"}
}
