{"/Users/shan/react-native-survey-js-ui/src/components/Questions/index.ts": {"path":"/Users/shan/react-native-survey-js-ui/src/components/Questions/index.ts","statementMap":{},"fnMap":{},"branchMap":{},"s":{},"f":{},"b":{}}
,"/Users/shan/react-native-survey-js-ui/src/components/Questions/BaseQuestion/BaseQuestion.tsx": {"path":"/Users/shan/react-native-survey-js-ui/src/components/Questions/BaseQuestion/BaseQuestion.tsx","statementMap":{"0":{"start":{"line":11,"column":57},"end":{"line":66,"column":1}},"1":{"start":{"line":17,"column":2},"end":{"line":19,"column":3}},"2":{"start":{"line":18,"column":4},"end":{"line":18,"column":16}},"3":{"start":{"line":22,"column":29},"end":{"line":22,"column":45}},"4":{"start":{"line":23,"column":2},"end":{"line":25,"column":3}},"5":{"start":{"line":24,"column":4},"end":{"line":24,"column":40}},"6":{"start":{"line":26,"column":2},"end":{"line":28,"column":3}},"7":{"start":{"line":27,"column":4},"end":{"line":27,"column":41}},"8":{"start":{"line":29,"column":29},"end":{"line":29,"column":74}},"9":{"start":{"line":32,"column":26},"end":{"line":36,"column":3}},"10":{"start":{"line":38,"column":2},"end":{"line":65,"column":4}},"11":{"start":{"line":68,"column":15},"end":{"line":110,"column":2}}},"fnMap":{"0":{"name":"(anonymous_0)","decl":{"start":{"line":11,"column":57},"end":{"line":11,"column":58}},"loc":{"start":{"line":15,"column":6},"end":{"line":66,"column":1}},"line":15}},"branchMap":{"0":{"loc":{"start":{"line":17,"column":2},"end":{"line":19,"column":3}},"type":"if","locations":[{"start":{"line":17,"column":2},"end":{"line":19,"column":3}},{"start":{},"end":{}}],"line":17},"1":{"loc":{"start":{"line":23,"column":2},"end":{"line":25,"column":3}},"type":"if","locations":[{"start":{"line":23,"column":2},"end":{"line":25,"column":3}},{"start":{},"end":{}}],"line":23},"2":{"loc":{"start":{"line":26,"column":2},"end":{"line":28,"column":3}},"type":"if","locations":[{"start":{"line":26,"column":2},"end":{"line":28,"column":3}},{"start":{},"end":{}}],"line":26},"3":{"loc":{"start":{"line":34,"column":4},"end":{"line":34,"column":34}},"type":"binary-expr","locations":[{"start":{"line":34,"column":4},"end":{"line":34,"column":9}},{"start":{"line":34,"column":13},"end":{"line":34,"column":34}}],"line":34},"4":{"loc":{"start":{"line":35,"column":4},"end":{"line":35,"column":49}},"type":"binary-expr","locations":[{"start":{"line":35,"column":4},"end":{"line":35,"column":21}},{"start":{"line":35,"column":25},"end":{"line":35,"column":49}}],"line":35},"5":{"loc":{"start":{"line":47,"column":11},"end":{"line":47,"column":73}},"type":"binary-expr","locations":[{"start":{"line":47,"column":11},"end":{"line":47,"column":30}},{"start":{"line":47,"column":34},"end":{"line":47,"column":73}}],"line":47},"6":{"loc":{"start":{"line":51,"column":7},"end":{"line":55,"column":7}},"type":"binary-expr","locations":[{"start":{"line":51,"column":7},"end":{"line":51,"column":27}},{"start":{"line":52,"column":8},"end":{"line":54,"column":15}}],"line":51},"7":{"loc":{"start":{"line":59,"column":7},"end":{"line":63,"column":7}},"type":"binary-expr","locations":[{"start":{"line":59,"column":7},"end":{"line":59,"column":12}},{"start":{"line":60,"column":8},"end":{"line":62,"column":15}}],"line":59}},"s":{"0":2,"1":34,"2":1,"3":33,"4":33,"5":3,"6":33,"7":3,"8":33,"9":33,"10":33,"11":2},"f":{"0":34},"b":{"0":[1,33],"1":[3,30],"2":[3,30],"3":[33,3],"4":[33,3],"5":[33,3],"6":[33,1],"7":[33,3]},"_coverageSchema":"1a1c01bbd47fc00a2c39e90264f33305004495a9","hash":"7e4e84ba7052a5a1fb89cdd4a1af067063ba24f5"}
,"/Users/shan/react-native-survey-js-ui/src/components/Questions/BaseQuestion/index.ts": {"path":"/Users/shan/react-native-survey-js-ui/src/components/Questions/BaseQuestion/index.ts","statementMap":{},"fnMap":{},"branchMap":{},"s":{},"f":{},"b":{},"_coverageSchema":"1a1c01bbd47fc00a2c39e90264f33305004495a9","hash":"8e49b138d7e668e3faa480ffcfce6e0fce56fd50"}
,"/Users/shan/react-native-survey-js-ui/src/components/Questions/QuestionFactory/QuestionFactory.tsx": {"path":"/Users/shan/react-native-survey-js-ui/src/components/Questions/QuestionFactory/QuestionFactory.tsx","statementMap":{"0":{"start":{"line":16,"column":25},"end":{"line":16,"column":61}},"1":{"start":{"line":19,"column":0},"end":{"line":19,"column":43}},"2":{"start":{"line":28,"column":4},"end":{"line":46,"column":1}},"3":{"start":{"line":29,"column":28},"end":{"line":29,"column":63}},"4":{"start":{"line":31,"column":2},"end":{"line":36,"column":3}},"5":{"start":{"line":32,"column":4},"end":{"line":34,"column":6}},"6":{"start":{"line":35,"column":4},"end":{"line":35,"column":62}},"7":{"start":{"line":38,"column":2},"end":{"line":45,"column":4}},"8":{"start":{"line":49,"column":0},"end":{"line":54,"column":2}},"9":{"start":{"line":53,"column":2},"end":{"line":53,"column":40}},"10":{"start":{"line":56,"column":0},"end":{"line":60,"column":2}},"11":{"start":{"line":57,"column":2},"end":{"line":57,"column":27}},"12":{"start":{"line":59,"column":2},"end":{"line":59,"column":45}},"13":{"start":{"line":62,"column":0},"end":{"line":64,"column":2}},"14":{"start":{"line":63,"column":2},"end":{"line":63,"column":45}},"15":{"start":{"line":66,"column":0},"end":{"line":68,"column":2}},"16":{"start":{"line":67,"column":2},"end":{"line":67,"column":36}}},"fnMap":{"0":{"name":"(anonymous_0)","decl":{"start":{"line":28,"column":4},"end":{"line":28,"column":5}},"loc":{"start":{"line":28,"column":46},"end":{"line":46,"column":1}},"line":28},"1":{"name":"(anonymous_1)","decl":{"start":{"line":49,"column":39},"end":{"line":49,"column":40}},"loc":{"start":{"line":52,"column":5},"end":{"line":54,"column":1}},"line":52},"2":{"name":"(anonymous_2)","decl":{"start":{"line":56,"column":32},"end":{"line":56,"column":33}},"loc":{"start":{"line":56,"column":38},"end":{"line":60,"column":1}},"line":56},"3":{"name":"(anonymous_3)","decl":{"start":{"line":62,"column":37},"end":{"line":62,"column":38}},"loc":{"start":{"line":62,"column":43},"end":{"line":64,"column":1}},"line":62},"4":{"name":"(anonymous_4)","decl":{"start":{"line":66,"column":35},"end":{"line":66,"column":36}},"loc":{"start":{"line":66,"column":53},"end":{"line":68,"column":1}},"line":66}},"branchMap":{"0":{"loc":{"start":{"line":31,"column":2},"end":{"line":36,"column":3}},"type":"if","locations":[{"start":{"line":31,"column":2},"end":{"line":36,"column":3}},{"start":{},"end":{}}],"line":31}},"s":{"0":1,"1":1,"2":1,"3":9,"4":9,"5":2,"6":2,"7":7,"8":1,"9":9,"10":1,"11":5,"12":5,"13":1,"14":1,"15":1,"16":3},"f":{"0":9,"1":9,"2":5,"3":1,"4":3},"b":{"0":[2,7]},"_coverageSchema":"1a1c01bbd47fc00a2c39e90264f33305004495a9","hash":"8f7831f646f53a6a38539c797095868c5b8c101b"}
,"/Users/shan/react-native-survey-js-ui/src/components/Questions/QuestionFactory/index.ts": {"path":"/Users/shan/react-native-survey-js-ui/src/components/Questions/QuestionFactory/index.ts","statementMap":{},"fnMap":{},"branchMap":{},"s":{},"f":{},"b":{}}
,"/Users/shan/react-native-survey-js-ui/src/components/Questions/TextQuestion/TextQuestion.tsx": {"path":"/Users/shan/react-native-survey-js-ui/src/components/Questions/TextQuestion/TextQuestion.tsx","statementMap":{"0":{"start":{"line":6,"column":62},"end":{"line":57,"column":1}},"1":{"start":{"line":13,"column":26},"end":{"line":26,"column":3}},"2":{"start":{"line":14,"column":4},"end":{"line":25,"column":5}},"3":{"start":{"line":16,"column":8},"end":{"line":16,"column":31}},"4":{"start":{"line":18,"column":8},"end":{"line":18,"column":25}},"5":{"start":{"line":20,"column":8},"end":{"line":20,"column":27}},"6":{"start":{"line":22,"column":8},"end":{"line":22,"column":21}},"7":{"start":{"line":24,"column":8},"end":{"line":24,"column":25}},"8":{"start":{"line":28,"column":22},"end":{"line":28,"column":49}},"9":{"start":{"line":29,"column":22},"end":{"line":29,"column":65}},"10":{"start":{"line":31,"column":2},"end":{"line":56,"column":4}},"11":{"start":{"line":59,"column":15},"end":{"line":82,"column":2}}},"fnMap":{"0":{"name":"(anonymous_0)","decl":{"start":{"line":6,"column":62},"end":{"line":6,"column":63}},"loc":{"start":{"line":11,"column":6},"end":{"line":57,"column":1}},"line":11},"1":{"name":"(anonymous_1)","decl":{"start":{"line":13,"column":26},"end":{"line":13,"column":27}},"loc":{"start":{"line":13,"column":53},"end":{"line":26,"column":3}},"line":13}},"branchMap":{"0":{"loc":{"start":{"line":14,"column":4},"end":{"line":25,"column":5}},"type":"switch","locations":[{"start":{"line":15,"column":6},"end":{"line":16,"column":31}},{"start":{"line":17,"column":6},"end":{"line":18,"column":25}},{"start":{"line":19,"column":6},"end":{"line":20,"column":27}},{"start":{"line":21,"column":6},"end":{"line":22,"column":21}},{"start":{"line":23,"column":6},"end":{"line":24,"column":25}}],"line":14},"1":{"loc":{"start":{"line":29,"column":22},"end":{"line":29,"column":65}},"type":"binary-expr","locations":[{"start":{"line":29,"column":22},"end":{"line":29,"column":42}},{"start":{"line":29,"column":46},"end":{"line":29,"column":65}}],"line":29},"2":{"loc":{"start":{"line":38,"column":12},"end":{"line":38,"column":48}},"type":"binary-expr","locations":[{"start":{"line":38,"column":12},"end":{"line":38,"column":23}},{"start":{"line":38,"column":27},"end":{"line":38,"column":48}}],"line":38},"3":{"loc":{"start":{"line":39,"column":12},"end":{"line":39,"column":38}},"type":"binary-expr","locations":[{"start":{"line":39,"column":12},"end":{"line":39,"column":17}},{"start":{"line":39,"column":21},"end":{"line":39,"column":38}}],"line":39},"4":{"loc":{"start":{"line":40,"column":12},"end":{"line":40,"column":53}},"type":"binary-expr","locations":[{"start":{"line":40,"column":12},"end":{"line":40,"column":29}},{"start":{"line":40,"column":33},"end":{"line":40,"column":53}}],"line":40},"5":{"loc":{"start":{"line":42,"column":17},"end":{"line":42,"column":28}},"type":"binary-expr","locations":[{"start":{"line":42,"column":17},"end":{"line":42,"column":22}},{"start":{"line":42,"column":26},"end":{"line":42,"column":28}}],"line":42},"6":{"loc":{"start":{"line":49,"column":25},"end":{"line":49,"column":44}},"type":"cond-expr","locations":[{"start":{"line":49,"column":39},"end":{"line":49,"column":40}},{"start":{"line":49,"column":43},"end":{"line":49,"column":44}}],"line":49},"7":{"loc":{"start":{"line":50,"column":29},"end":{"line":50,"column":59}},"type":"cond-expr","locations":[{"start":{"line":50,"column":43},"end":{"line":50,"column":48}},{"start":{"line":50,"column":51},"end":{"line":50,"column":59}}],"line":50},"8":{"loc":{"start":{"line":52,"column":29},"end":{"line":52,"column":79}},"type":"cond-expr","locations":[{"start":{"line":52,"column":51},"end":{"line":52,"column":67}},{"start":{"line":52,"column":70},"end":{"line":52,"column":79}}],"line":52}},"s":{"0":1,"1":18,"2":18,"3":1,"4":1,"5":1,"6":1,"7":14,"8":18,"9":18,"10":18,"11":1},"f":{"0":18,"1":18},"b":{"0":[1,1,1,1,14],"1":[18,17],"2":[18,1],"3":[18,1],"4":[18,1],"5":[18,17],"6":[1,17],"7":[1,17],"8":[1,17]},"_coverageSchema":"1a1c01bbd47fc00a2c39e90264f33305004495a9","hash":"4a0a9ba8852f05bc4e0d39fce239a073d9dd6114"}
,"/Users/shan/react-native-survey-js-ui/src/components/Questions/TextQuestion/index.ts": {"path":"/Users/shan/react-native-survey-js-ui/src/components/Questions/TextQuestion/index.ts","statementMap":{},"fnMap":{},"branchMap":{},"s":{},"f":{},"b":{}}
}
