TN:
SF:src/index.ts
FNF:0
FNH:0
LF:0
LH:0
BRF:0
BRH:0
end_of_record
TN:
SF:src/components/index.ts
FNF:0
FNH:0
LF:0
LH:0
BRF:0
BRH:0
end_of_record
TN:
SF:src/components/Questions/index.ts
FNF:0
FNH:0
LF:0
LH:0
BRF:0
BRH:0
end_of_record
TN:
SF:src/components/Questions/BaseQuestion/BaseQuestion.tsx
FN:11,(anonymous_0)
FNF:1
FNH:1
FNDA:48,(anonymous_0)
DA:11,6
DA:17,48
DA:18,1
DA:22,47
DA:23,47
DA:24,3
DA:26,47
DA:27,3
DA:29,47
DA:32,47
DA:38,47
DA:68,6
LF:12
LH:12
BRDA:17,0,0,1
BRDA:17,0,1,47
BRDA:23,1,0,3
BRDA:23,1,1,44
BRDA:26,2,0,3
BRDA:26,2,1,44
BRDA:34,3,0,47
BRDA:34,3,1,3
BRDA:35,4,0,47
BRDA:35,4,1,3
BRDA:47,5,0,47
BRDA:47,5,1,3
BRDA:51,6,0,47
BRDA:51,6,1,1
BRDA:59,7,0,47
BRDA:59,7,1,3
BRF:16
BRH:16
end_of_record
TN:
SF:src/components/Questions/BaseQuestion/index.ts
FNF:0
FNH:0
LF:0
LH:0
BRF:0
BRH:0
end_of_record
TN:
SF:src/components/Questions/QuestionFactory/QuestionFactory.tsx
FN:28,(anonymous_0)
FN:49,(anonymous_1)
FN:56,(anonymous_2)
FN:62,(anonymous_3)
FN:66,(anonymous_4)
FNF:5
FNH:5
FNDA:23,(anonymous_0)
FNDA:9,(anonymous_1)
FNDA:5,(anonymous_2)
FNDA:1,(anonymous_3)
FNDA:3,(anonymous_4)
DA:16,5
DA:19,5
DA:28,5
DA:29,23
DA:31,23
DA:32,2
DA:35,2
DA:38,21
DA:49,5
DA:53,9
DA:56,5
DA:57,5
DA:59,5
DA:62,5
DA:63,1
DA:66,5
DA:67,3
LF:17
LH:17
BRDA:31,0,0,2
BRDA:31,0,1,21
BRDA:35,1,0,2
BRDA:35,1,1,0
BRDA:41,2,0,21
BRDA:41,2,1,2
BRDA:42,3,0,21
BRDA:42,3,1,15
BRDA:43,4,0,21
BRDA:43,4,1,1
BRF:10
BRH:9
end_of_record
TN:
SF:src/components/Questions/QuestionFactory/index.ts
FNF:0
FNH:0
LF:0
LH:0
BRF:0
BRH:0
end_of_record
TN:
SF:src/components/Questions/TextQuestion/TextQuestion.tsx
FN:6,(anonymous_0)
FN:13,(anonymous_1)
FNF:2
FNH:2
FNDA:32,(anonymous_0)
FNDA:32,(anonymous_1)
DA:6,5
DA:13,32
DA:14,32
DA:16,1
DA:18,1
DA:20,1
DA:22,1
DA:24,28
DA:28,32
DA:29,32
DA:31,32
DA:59,5
LF:12
LH:12
BRDA:14,0,0,1
BRDA:14,0,1,1
BRDA:14,0,2,1
BRDA:14,0,3,1
BRDA:14,0,4,28
BRDA:29,1,0,32
BRDA:29,1,1,31
BRDA:33,2,0,32
BRDA:33,2,1,1
BRDA:38,3,0,32
BRDA:38,3,1,1
BRDA:39,4,0,32
BRDA:39,4,1,1
BRDA:40,5,0,32
BRDA:40,5,1,1
BRDA:42,6,0,32
BRDA:42,6,1,30
BRDA:49,7,0,1
BRDA:49,7,1,31
BRDA:50,8,0,1
BRDA:50,8,1,31
BRDA:52,9,0,1
BRDA:52,9,1,31
BRF:23
BRH:23
end_of_record
TN:
SF:src/components/Questions/TextQuestion/index.ts
FNF:0
FNH:0
LF:0
LH:0
BRF:0
BRH:0
end_of_record
TN:
SF:src/components/Survey/Survey.tsx
FN:25,(anonymous_0)
FN:35,(anonymous_1)
FN:37,(anonymous_2)
FN:46,(anonymous_3)
FN:54,(anonymous_4)
FN:56,(anonymous_5)
FN:72,(anonymous_6)
FN:80,(anonymous_7)
FN:82,(anonymous_8)
FN:98,(anonymous_9)
FN:123,(anonymous_10)
FN:130,(anonymous_11)
FN:136,(anonymous_12)
FN:169,(anonymous_13)
FN:174,(anonymous_14)
FN:175,(anonymous_15)
FNF:16
FNH:16
FNDA:35,(anonymous_0)
FNDA:34,(anonymous_1)
FNDA:3,(anonymous_2)
FNDA:5,(anonymous_3)
FNDA:34,(anonymous_4)
FNDA:2,(anonymous_5)
FNDA:5,(anonymous_6)
FNDA:34,(anonymous_7)
FNDA:1,(anonymous_8)
FNDA:4,(anonymous_9)
FNDA:4,(anonymous_10)
FNDA:1,(anonymous_11)
FNDA:1,(anonymous_12)
FNDA:14,(anonymous_13)
FNDA:1,(anonymous_14)
FNDA:1,(anonymous_15)
DA:25,3
DA:31,35
DA:32,35
DA:33,35
DA:35,35
DA:36,34
DA:37,5
DA:38,3
DA:45,5
DA:46,5
DA:47,5
DA:50,29
DA:54,35
DA:55,34
DA:56,5
DA:57,2
DA:59,2
DA:60,2
DA:67,1
DA:71,5
DA:72,5
DA:73,5
DA:76,29
DA:80,35
DA:81,34
DA:82,4
DA:83,1
DA:85,1
DA:86,1
DA:93,0
DA:97,4
DA:98,4
DA:99,4
DA:102,30
DA:105,35
DA:106,1
DA:114,34
DA:115,1
DA:123,33
DA:124,4
DA:126,4
DA:130,33
DA:131,1
DA:132,1
DA:136,33
DA:137,1
DA:138,1
DA:143,33
DA:145,33
DA:149,33
DA:170,14
DA:175,1
DA:179,1
DA:180,1
DA:252,3
LF:55
LH:54
BRDA:36,0,0,5
BRDA:36,0,1,29
BRDA:36,1,0,34
BRDA:36,1,1,30
BRDA:40,2,0,3
BRDA:40,2,1,1
BRDA:55,3,0,5
BRDA:55,3,1,29
BRDA:55,4,0,34
BRDA:55,4,1,30
BRDA:59,5,0,2
BRDA:59,5,1,0
BRDA:61,6,0,2
BRDA:61,6,1,0
BRDA:81,7,0,4
BRDA:81,7,1,30
BRDA:81,8,0,34
BRDA:81,8,1,30
BRDA:85,9,0,1
BRDA:85,9,1,0
BRDA:105,10,0,1
BRDA:105,10,1,34
BRDA:114,11,0,1
BRDA:114,11,1,33
BRDA:124,12,0,4
BRDA:124,12,1,0
BRDA:131,13,0,1
BRDA:131,13,1,0
BRDA:131,14,0,1
BRDA:131,14,1,1
BRDA:137,15,0,1
BRDA:137,15,1,0
BRDA:137,16,0,1
BRDA:137,16,1,1
BRDA:143,17,0,33
BRDA:143,17,1,18
BRDA:145,18,0,33
BRDA:145,18,1,0
BRDA:151,19,0,33
BRDA:151,19,1,18
BRDA:165,20,0,33
BRDA:165,20,1,5
BRDA:168,21,0,14
BRDA:168,21,1,19
BRDA:179,22,0,1
BRDA:179,22,1,0
BRDA:197,23,0,0
BRDA:197,23,1,19
BRDA:204,24,0,33
BRDA:204,24,1,33
BRDA:209,25,0,33
BRDA:209,25,1,27
BRDA:218,26,0,33
BRDA:218,26,1,27
BRDA:225,27,0,28
BRDA:225,27,1,5
BRDA:242,28,0,33
BRDA:242,28,1,0
BRF:58
BRH:48
end_of_record
TN:
SF:src/components/Survey/index.ts
FNF:0
FNH:0
LF:0
LH:0
BRF:0
BRH:0
end_of_record
TN:
SF:src/hooks/index.ts
FNF:0
FNH:0
LF:0
LH:0
BRF:0
BRH:0
end_of_record
TN:
SF:src/hooks/useSurveyModel.tsx
FN:37,useSurveyModel
FN:47,(anonymous_1)
FN:66,(anonymous_2)
FN:73,(anonymous_3)
FN:84,(anonymous_4)
FN:103,generateModelId
FNF:6
FNH:6
FNDA:22,useSurveyModel
FNDA:11,(anonymous_1)
FNDA:1,(anonymous_2)
FNDA:10,(anonymous_3)
FNDA:10,(anonymous_4)
FNDA:20,generateModelId
DA:41,22
DA:42,22
DA:43,22
DA:44,22
DA:45,22
DA:47,22
DA:48,11
DA:49,11
DA:51,11
DA:52,11
DA:53,1
DA:56,10
DA:57,9
DA:58,9
DA:60,2
DA:61,2
DA:62,2
DA:66,22
DA:67,1
DA:68,1
DA:70,1
DA:73,22
DA:75,10
DA:76,10
DA:77,1
DA:79,10
DA:80,10
DA:84,10
DA:85,10
DA:86,10
DA:87,10
DA:92,22
DA:104,20
LF:33
LH:33
BRDA:39,0,0,20
BRDA:44,1,0,22
BRDA:44,1,1,20
BRDA:52,2,0,1
BRDA:52,2,1,10
BRDA:52,3,0,11
BRDA:52,3,1,10
BRDA:67,4,0,1
BRDA:67,4,1,0
BRDA:75,5,0,10
BRDA:75,5,1,0
BRDA:75,6,0,10
BRDA:75,6,1,1
BRDA:76,7,0,1
BRDA:76,7,1,9
BRDA:76,8,0,10
BRDA:76,8,1,1
BRDA:86,9,0,10
BRDA:86,9,1,0
BRF:19
BRH:16
end_of_record
TN:
SF:src/hooks/useSurveyState.tsx
FN:41,useSurveyState
FN:42,(anonymous_1)
FN:52,(anonymous_2)
FN:78,(anonymous_3)
FN:79,(anonymous_4)
FN:86,(anonymous_5)
FN:87,(anonymous_6)
FN:95,(anonymous_7)
FN:96,(anonymous_8)
FN:108,(anonymous_9)
FN:121,getQuestions
FN:129,(anonymous_11)
FNF:12
FNH:12
FNDA:26,useSurveyState
FNDA:9,(anonymous_1)
FNDA:11,(anonymous_2)
FNDA:2,(anonymous_3)
FNDA:2,(anonymous_4)
FNDA:1,(anonymous_5)
FNDA:1,(anonymous_6)
FNDA:1,(anonymous_7)
FNDA:1,(anonymous_8)
FNDA:10,(anonymous_9)
FNDA:21,getQuestions
FNDA:40,(anonymous_11)
DA:42,26
DA:52,26
DA:53,11
DA:54,1
DA:63,1
DA:67,10
DA:78,10
DA:79,2
DA:86,10
DA:87,1
DA:95,10
DA:96,1
DA:103,10
DA:104,10
DA:105,10
DA:108,10
DA:109,10
DA:110,10
DA:111,10
DA:115,26
DA:124,21
DA:125,1
DA:128,20
DA:129,40
LF:24
LH:24
BRDA:43,0,0,9
BRDA:43,0,1,1
BRDA:44,1,0,9
BRDA:44,1,1,9
BRDA:45,2,0,9
BRDA:45,2,1,1
BRDA:46,3,0,9
BRDA:46,3,1,1
BRDA:47,4,0,9
BRDA:47,4,1,1
BRDA:48,5,0,8
BRDA:48,5,1,1
BRDA:53,6,0,1
BRDA:53,6,1,10
BRDA:68,7,0,10
BRDA:68,7,1,0
BRDA:69,8,0,10
BRDA:69,8,1,9
BRDA:70,9,0,10
BRDA:70,9,1,0
BRDA:81,10,0,2
BRDA:81,10,1,0
BRDA:89,11,0,1
BRDA:89,11,1,0
BRDA:124,12,0,1
BRDA:124,12,1,20
BRF:26
BRH:22
end_of_record
TN:
SF:src/test-utils/index.ts
FN:25,renderWithProviders
FN:36,waitForAsync
FN:37,(anonymous_2)
FN:43,createMockNavigation
FN:63,createMockRoute
FN:74,expectLoading
FN:75,(anonymous_6)
FN:81,expectError
FN:83,(anonymous_8)
FN:85,(anonymous_9)
FN:92,createMockFunction
FN:99,cleanupMocks
FN:107,setupTestEnvironment
FN:112,(anonymous_13)
FN:117,(anonymous_14)
FN:122,(anonymous_15)
FNF:16
FNH:0
FNDA:0,renderWithProviders
FNDA:0,waitForAsync
FNDA:0,(anonymous_2)
FNDA:0,createMockNavigation
FNDA:0,createMockRoute
FNDA:0,expectLoading
FNDA:0,(anonymous_6)
FNDA:0,expectError
FNDA:0,(anonymous_8)
FNDA:0,(anonymous_9)
FNDA:0,createMockFunction
FNDA:0,cleanupMocks
FNDA:0,setupTestEnvironment
FNDA:0,(anonymous_13)
FNDA:0,(anonymous_14)
FNDA:0,(anonymous_15)
DA:30,0
DA:37,0
DA:44,0
DA:64,0
DA:75,0
DA:82,0
DA:83,0
DA:85,0
DA:93,0
DA:100,0
DA:101,0
DA:109,0
DA:110,0
DA:112,0
DA:113,0
DA:114,0
DA:117,0
DA:118,0
DA:119,0
DA:122,0
DA:123,0
LF:21
LH:0
BRDA:36,0,0,0
BRDA:63,1,0,0
BRDA:82,2,0,0
BRDA:82,2,1,0
BRF:4
BRH:0
end_of_record
TN:
SF:src/test-utils/mockEventSystem.ts
FN:20,createMockEvent
FN:26,(anonymous_1)
FN:31,(anonymous_2)
FN:37,(anonymous_3)
FN:38,(anonymous_4)
FN:46,(anonymous_5)
FN:47,(anonymous_6)
FN:50,(anonymous_7)
FN:67,(anonymous_8)
FN:77,(anonymous_9)
FN:85,(anonymous_10)
FN:93,(anonymous_11)
FN:101,(anonymous_12)
FN:111,(anonymous_13)
FN:112,(anonymous_14)
FN:119,(anonymous_15)
FN:126,(anonymous_16)
FN:135,createEventSpy
FN:144,waitForEvent
FN:149,(anonymous_19)
FN:150,(anonymous_20)
FN:154,(anonymous_21)
FN:167,createMockSurveyWithEvents
FN:189,(anonymous_23)
FN:190,(anonymous_24)
FN:200,expectEventFired
FN:216,expectEventNotFired
FN:223,getLastEventOptions
FNF:28
FNH:0
FNDA:0,createMockEvent
FNDA:0,(anonymous_1)
FNDA:0,(anonymous_2)
FNDA:0,(anonymous_3)
FNDA:0,(anonymous_4)
FNDA:0,(anonymous_5)
FNDA:0,(anonymous_6)
FNDA:0,(anonymous_7)
FNDA:0,(anonymous_8)
FNDA:0,(anonymous_9)
FNDA:0,(anonymous_10)
FNDA:0,(anonymous_11)
FNDA:0,(anonymous_12)
FNDA:0,(anonymous_13)
FNDA:0,(anonymous_14)
FNDA:0,(anonymous_15)
FNDA:0,(anonymous_16)
FNDA:0,createEventSpy
FNDA:0,waitForEvent
FNDA:0,(anonymous_19)
FNDA:0,(anonymous_20)
FNDA:0,(anonymous_21)
FNDA:0,createMockSurveyWithEvents
FNDA:0,(anonymous_23)
FNDA:0,(anonymous_24)
FNDA:0,expectEventFired
FNDA:0,expectEventNotFired
FNDA:0,getLastEventOptions
DA:21,0
DA:23,0
DA:27,0
DA:28,0
DA:32,0
DA:33,0
DA:34,0
DA:38,0
DA:39,0
DA:40,0
DA:42,0
DA:46,0
DA:48,0
DA:51,0
DA:55,0
DA:62,0
DA:68,0
DA:69,0
DA:71,0
DA:78,0
DA:79,0
DA:86,0
DA:87,0
DA:94,0
DA:95,0
DA:102,0
DA:103,0
DA:104,0
DA:112,0
DA:113,0
DA:120,0
DA:127,0
DA:128,0
DA:136,0
DA:137,0
DA:138,0
DA:149,0
DA:150,0
DA:151,0
DA:154,0
DA:155,0
DA:156,0
DA:157,0
DA:160,0
DA:168,0
DA:170,0
DA:189,0
DA:190,0
DA:204,0
DA:206,0
DA:207,0
DA:208,0
DA:209,0
DA:217,0
DA:224,0
DA:225,0
DA:226,0
DA:228,0
LF:58
LH:0
BRDA:27,0,0,0
BRDA:27,0,1,0
BRDA:33,1,0,0
BRDA:33,1,1,0
BRDA:68,2,0,0
BRDA:68,2,1,0
BRDA:77,3,0,0
BRDA:103,4,0,0
BRDA:103,4,1,0
BRDA:128,5,0,0
BRDA:128,5,1,0
BRDA:137,6,0,0
BRDA:137,6,1,0
BRDA:147,7,0,0
BRDA:206,8,0,0
BRDA:206,8,1,0
BRDA:225,9,0,0
BRDA:225,9,1,0
BRF:18
BRH:0
end_of_record
TN:
SF:src/test-utils/mockScenarios.ts
FN:21,(anonymous_0)
FN:34,(anonymous_1)
FN:49,(anonymous_2)
FN:66,(anonymous_3)
FN:74,(anonymous_4)
FN:85,(anonymous_5)
FN:104,(anonymous_6)
FN:112,(anonymous_7)
FN:121,(anonymous_8)
FN:129,(anonymous_9)
FN:150,(anonymous_10)
FN:154,(anonymous_11)
FN:171,(anonymous_12)
FN:179,(anonymous_13)
FN:208,(anonymous_14)
FN:231,(anonymous_15)
FN:238,(anonymous_16)
FN:247,applyScenario
FN:257,createModelWithScenario
FN:284,getScenario
FN:291,listScenarios
FNF:21
FNH:0
FNDA:0,(anonymous_0)
FNDA:0,(anonymous_1)
FNDA:0,(anonymous_2)
FNDA:0,(anonymous_3)
FNDA:0,(anonymous_4)
FNDA:0,(anonymous_5)
FNDA:0,(anonymous_6)
FNDA:0,(anonymous_7)
FNDA:0,(anonymous_8)
FNDA:0,(anonymous_9)
FNDA:0,(anonymous_10)
FNDA:0,(anonymous_11)
FNDA:0,(anonymous_12)
FNDA:0,(anonymous_13)
FNDA:0,(anonymous_14)
FNDA:0,(anonymous_15)
FNDA:0,(anonymous_16)
FNDA:0,applyScenario
FNDA:0,createModelWithScenario
FNDA:0,getScenario
FNDA:0,listScenarios
DA:18,0
DA:23,0
DA:24,0
DA:31,0
DA:35,0
DA:36,0
DA:46,0
DA:50,0
DA:51,0
DA:52,0
DA:63,0
DA:67,0
DA:68,0
DA:69,0
DA:70,0
DA:71,0
DA:74,0
DA:75,0
DA:76,0
DA:77,0
DA:78,0
DA:79,0
DA:80,0
DA:82,0
DA:85,0
DA:86,0
DA:87,0
DA:88,0
DA:89,0
DA:90,0
DA:91,0
DA:93,0
DA:101,0
DA:105,0
DA:112,0
DA:121,0
DA:125,0
DA:128,0
DA:129,0
DA:130,0
DA:132,0
DA:133,0
DA:134,0
DA:147,0
DA:151,0
DA:154,0
DA:155,0
DA:156,0
DA:157,0
DA:158,0
DA:159,0
DA:168,0
DA:172,0
DA:179,0
DA:180,0
DA:181,0
DA:183,0
DA:184,0
DA:185,0
DA:186,0
DA:190,0
DA:191,0
DA:192,0
DA:193,0
DA:197,0
DA:205,0
DA:209,0
DA:210,0
DA:213,0
DA:221,0
DA:228,0
DA:232,0
DA:238,0
DA:239,0
DA:251,0
DA:261,0
DA:262,0
DA:263,0
DA:269,0
DA:285,0
DA:292,0
LF:81
LH:0
BRDA:75,0,0,0
BRDA:75,0,1,0
BRDA:86,1,0,0
BRDA:86,1,1,0
BRDA:132,2,0,0
BRDA:132,2,1,0
BRDA:157,3,0,0
BRDA:157,3,1,0
BRDA:183,4,0,0
BRDA:183,4,1,0
BRDA:183,5,0,0
BRDA:183,5,1,0
BRDA:185,6,0,0
BRDA:185,6,1,0
BRDA:185,7,0,0
BRDA:185,7,1,0
BRDA:185,7,2,0
BRDA:190,8,0,0
BRDA:190,8,1,0
BRDA:190,9,0,0
BRDA:190,9,1,0
BRDA:192,10,0,0
BRDA:192,10,1,0
BRF:23
BRH:0
end_of_record
TN:
SF:src/test-utils/surveyFactories.ts
FN:11,createBasicSurvey
FN:35,createMultiPageSurvey
FN:36,(anonymous_2)
FN:59,createMixedQuestionSurvey
FN:120,createConditionalSurvey
FN:157,createValidationSurvey
FN:211,createMinimalSurvey
FN:229,createSurveyWithQuestionType
FN:254,createThemedSurvey
FN:279,addQuestionToSurvey
FN:295,createErrorSurvey
FNF:11
FNH:0
FNDA:0,createBasicSurvey
FNDA:0,createMultiPageSurvey
FNDA:0,(anonymous_2)
FNDA:0,createMixedQuestionSurvey
FNDA:0,createConditionalSurvey
FNDA:0,createValidationSurvey
FNDA:0,createMinimalSurvey
FNDA:0,createSurveyWithQuestionType
FNDA:0,createThemedSurvey
FNDA:0,addQuestionToSurvey
FNDA:0,createErrorSurvey
DA:12,0
DA:36,0
DA:48,0
DA:60,0
DA:121,0
DA:158,0
DA:212,0
DA:233,0
DA:255,0
DA:284,0
DA:285,0
DA:286,0
DA:288,0
DA:289,0
DA:296,0
DA:298,0
DA:300,0
DA:302,0
DA:303,0
DA:304,0
DA:306,0
LF:21
LH:0
BRDA:35,0,0,0
BRDA:282,1,0,0
BRDA:285,2,0,0
BRDA:285,2,1,0
BRDA:296,3,0,0
BRDA:296,3,1,0
BRDA:296,3,2,0
BRDA:296,3,3,0
BRF:8
BRH:0
end_of_record
TN:
SF:src/types/SurveyTypes.ts
FN:484,isSurveyModel
FN:491,isPageModel
FN:498,isQuestionModel
FNF:3
FNH:3
FNDA:4,isSurveyModel
FNDA:3,isPageModel
FNDA:3,isQuestionModel
DA:485,4
DA:492,3
DA:499,3
LF:3
LH:3
BRDA:485,0,0,4
BRDA:485,0,1,2
BRDA:485,0,2,2
BRDA:492,1,0,3
BRDA:492,1,1,2
BRDA:492,1,2,2
BRDA:500,2,0,3
BRDA:500,2,1,3
BRDA:500,2,2,3
BRDA:500,2,3,2
BRF:10
BRH:10
end_of_record
TN:
SF:src/types/index.ts
FNF:0
FNH:0
LF:0
LH:0
BRF:0
BRH:0
end_of_record
TN:
SF:src/utils/index.ts
FNF:0
FNH:0
LF:0
LH:0
BRF:0
BRH:0
end_of_record
TN:
SF:src/utils/polyfills.ts
FN:39,(anonymous_0)
FN:43,(anonymous_1)
FN:46,(anonymous_2)
FN:47,(anonymous_3)
FN:60,(anonymous_4)
FN:63,(anonymous_5)
FN:64,(anonymous_6)
FN:65,(anonymous_7)
FN:67,(anonymous_8)
FN:68,(anonymous_9)
FN:69,(anonymous_10)
FN:70,(anonymous_11)
FN:71,(anonymous_12)
FN:74,(anonymous_13)
FN:75,(anonymous_14)
FN:79,(anonymous_15)
FN:80,(anonymous_16)
FN:85,(anonymous_17)
FN:86,(anonymous_18)
FN:87,(anonymous_19)
FN:88,(anonymous_20)
FN:89,(anonymous_21)
FN:90,(anonymous_22)
FN:98,(anonymous_23)
FN:109,(anonymous_24)
FN:110,(anonymous_25)
FN:111,(anonymous_26)
FN:112,(anonymous_27)
FN:113,(anonymous_28)
FN:114,(anonymous_29)
FN:118,(anonymous_30)
FN:119,(anonymous_31)
FN:120,(anonymous_32)
FN:121,(anonymous_33)
FN:122,(anonymous_34)
FN:123,(anonymous_35)
FN:127,(anonymous_36)
FN:128,(anonymous_37)
FN:132,(anonymous_38)
FNF:39
FNH:39
FNDA:1,(anonymous_0)
FNDA:1,(anonymous_1)
FNDA:1,(anonymous_2)
FNDA:1,(anonymous_3)
FNDA:1,(anonymous_4)
FNDA:1,(anonymous_5)
FNDA:1,(anonymous_6)
FNDA:1,(anonymous_7)
FNDA:1,(anonymous_8)
FNDA:1,(anonymous_9)
FNDA:1,(anonymous_10)
FNDA:1,(anonymous_11)
FNDA:1,(anonymous_12)
FNDA:1,(anonymous_13)
FNDA:1,(anonymous_14)
FNDA:1,(anonymous_15)
FNDA:1,(anonymous_16)
FNDA:1,(anonymous_17)
FNDA:1,(anonymous_18)
FNDA:1,(anonymous_19)
FNDA:1,(anonymous_20)
FNDA:1,(anonymous_21)
FNDA:1,(anonymous_22)
FNDA:1,(anonymous_23)
FNDA:1,(anonymous_24)
FNDA:1,(anonymous_25)
FNDA:1,(anonymous_26)
FNDA:1,(anonymous_27)
FNDA:1,(anonymous_28)
FNDA:1,(anonymous_29)
FNDA:1,(anonymous_30)
FNDA:1,(anonymous_31)
FNDA:1,(anonymous_32)
FNDA:1,(anonymous_33)
FNDA:1,(anonymous_34)
FNDA:1,(anonymous_35)
FNDA:1,(anonymous_36)
FNDA:1,(anonymous_37)
FNDA:1,(anonymous_38)
DA:13,22
DA:15,20
DA:24,20
DA:46,1
DA:47,1
DA:60,1
DA:65,1
DA:85,1
DA:86,1
DA:87,1
DA:88,1
DA:89,1
DA:90,1
DA:95,20
DA:98,20
DA:99,1
DA:108,20
DA:117,20
DA:120,1
DA:121,1
DA:122,1
DA:126,20
DA:127,1
DA:131,20
DA:133,1
DA:134,1
LF:26
LH:26
BRDA:13,0,0,20
BRDA:13,0,1,2
BRDA:60,1,0,20
BRDA:60,1,1,1
BRDA:61,2,0,20
BRDA:61,2,1,1
BRF:6
BRH:6
end_of_record
TN:
SF:src/utils/surveyCore.ts
FN:7,initializeSurveyCore
FN:28,createSurveyModel
FN:44,disposeSurveyModel
FN:67,(anonymous_3)
FN:83,(anonymous_4)
FN:91,(anonymous_5)
FN:102,(anonymous_6)
FN:103,(anonymous_7)
FN:113,(anonymous_8)
FNF:9
FNH:9
FNDA:3,initializeSurveyCore
FNDA:15,createSurveyModel
FNDA:13,disposeSurveyModel
FNDA:9,(anonymous_3)
FNDA:6,(anonymous_4)
FNDA:6,(anonymous_5)
FNDA:3,(anonymous_6)
FNDA:4,(anonymous_7)
FNDA:2,(anonymous_8)
DA:8,3
DA:11,3
DA:15,0
DA:16,0
DA:29,15
DA:30,3
DA:33,12
DA:34,12
DA:36,1
DA:45,13
DA:46,2
DA:49,11
DA:50,10
DA:59,5
DA:69,9
DA:70,4
DA:73,9
DA:74,9
DA:75,9
DA:84,6
DA:92,6
DA:93,6
DA:94,5
DA:95,5
DA:103,3
DA:104,4
DA:106,3
DA:114,2
LF:28
LH:26
BRDA:29,0,0,3
BRDA:29,0,1,12
BRDA:29,1,0,15
BRDA:29,1,1,13
BRDA:45,2,0,2
BRDA:45,2,1,11
BRDA:49,3,0,10
BRDA:49,3,1,1
BRDA:69,4,0,4
BRDA:69,4,1,5
BRDA:93,5,0,5
BRDA:93,5,1,1
BRF:12
BRH:12
end_of_record
TN:
SF:src/utils/validation.ts
FN:8,validateSurveyModel
FNF:1
FNH:1
FNDA:14,validateSurveyModel
DA:9,14
DA:10,4
DA:13,10
DA:14,3
DA:18,7
DA:19,6
DA:20,2
DA:24,4
DA:25,3
DA:26,2
DA:31,3
LF:11
LH:11
BRDA:9,0,0,4
BRDA:9,0,1,10
BRDA:9,1,0,14
BRDA:9,1,1,12
BRDA:13,2,0,3
BRDA:13,2,1,7
BRDA:19,3,0,2
BRDA:19,3,1,4
BRDA:25,4,0,2
BRDA:25,4,1,1
BRDA:25,5,0,3
BRDA:25,5,1,2
BRF:12
BRH:12
end_of_record
