TN:
SF:src/index.ts
FNF:0
FNH:0
LF:0
LH:0
BRF:0
BRH:0
end_of_record
TN:
SF:src/components/index.ts
FNF:0
FNH:0
LF:0
LH:0
BRF:0
BRH:0
end_of_record
TN:
SF:src/components/Questions/index.ts
FNF:0
FNH:0
LF:0
LH:0
BRF:0
BRH:0
end_of_record
TN:
SF:src/components/Questions/BaseQuestion/BaseQuestion.tsx
FN:9,(anonymous_0)
FNF:1
FNH:1
FNDA:2,(anonymous_0)
DA:9,2
DA:10,2
DA:17,2
LF:3
LH:3
BRF:0
BRH:0
end_of_record
TN:
SF:src/components/Questions/BaseQuestion/index.ts
FNF:0
FNH:0
LF:0
LH:0
BRF:0
BRH:0
end_of_record
TN:
SF:src/components/Survey/Survey.tsx
FN:9,(anonymous_0)
FNF:1
FNH:1
FNDA:2,(anonymous_0)
DA:9,2
DA:10,2
DA:17,2
LF:3
LH:3
BRDA:12,0,0,2
BRDA:12,0,1,1
BRF:2
BRH:2
end_of_record
TN:
SF:src/components/Survey/index.ts
FNF:0
FNH:0
LF:0
LH:0
BRF:0
BRH:0
end_of_record
TN:
SF:src/types/SurveyTypes.ts
FNF:0
FNH:0
LF:0
LH:0
BRF:0
BRH:0
end_of_record
TN:
SF:src/types/index.ts
FNF:0
FNH:0
LF:0
LH:0
BRF:0
BRH:0
end_of_record
TN:
SF:src/utils/index.ts
FNF:0
FNH:0
LF:0
LH:0
BRF:0
BRH:0
end_of_record
TN:
SF:src/utils/validation.ts
FN:8,validateSurveyModel
FNF:1
FNH:1
FNDA:14,validateSurveyModel
DA:9,14
DA:10,4
DA:13,10
DA:14,3
DA:18,7
DA:19,6
DA:20,2
DA:24,4
DA:25,3
DA:26,2
DA:31,3
LF:11
LH:11
BRDA:9,0,0,4
BRDA:9,0,1,10
BRDA:9,1,0,14
BRDA:9,1,1,12
BRDA:13,2,0,3
BRDA:13,2,1,7
BRDA:19,3,0,2
BRDA:19,3,1,4
BRDA:25,4,0,2
BRDA:25,4,1,1
BRDA:25,5,0,3
BRDA:25,5,1,2
BRF:12
BRH:12
end_of_record
